2023-08-07 11:23:36,826 - ERROR - Inventory - Couldn't find the Element to input Quality: 
 Message: no such window: target window already closed
from unknown error: web view not found
  (Session info: chrome=115.0.5790.171)
Stacktrace:
Backtrace:
	GetHandleVerifier [0x0053A813+48355]
	(No symbol) [0x004CC4B1]
	(No symbol) [0x003D5358]
	(No symbol) [0x003BD293]
	(No symbol) [0x0041E37B]
	(No symbol) [0x0042C473]
	(No symbol) [0x0041A536]
	(No symbol) [0x003F82DC]
	(No symbol) [0x003F93DD]
	GetHandleVerifier [0x0079AABD+2539405]
	GetHandleVerifier [0x007DA78F+2800735]
	GetHandleVerifier [0x007D456C+2775612]
	GetHandleVerifier [0x005C51E0+616112]
	(No symbol) [0x004D5F8C]
	(No symbol) [0x004D2328]
	(No symbol) [0x004D240B]
	(No symbol) [0x004C4FF7]
	BaseThreadInitThunk [0x75BB7D59+25]
	RtlInitializeExceptionChain [0x77B6B79B+107]
	RtlClearBits [0x77B6B71F+191]

2023-08-07 11:23:36,829 - ERROR - Inventory - Couldn't find the Element to Select Transportation mode: 
 Message: no such window: target window already closed
from unknown error: web view not found
  (Session info: chrome=115.0.5790.171)
Stacktrace:
Backtrace:
	GetHandleVerifier [0x0053A813+48355]
	(No symbol) [0x004CC4B1]
	(No symbol) [0x003D5358]
	(No symbol) [0x003BD293]
	(No symbol) [0x0041E37B]
	(No symbol) [0x0042C473]
	(No symbol) [0x0041A536]
	(No symbol) [0x003F82DC]
	(No symbol) [0x003F93DD]
	GetHandleVerifier [0x0079AABD+2539405]
	GetHandleVerifier [0x007DA78F+2800735]
	GetHandleVerifier [0x007D456C+2775612]
	GetHandleVerifier [0x005C51E0+616112]
	(No symbol) [0x004D5F8C]
	(No symbol) [0x004D2328]
	(No symbol) [0x004D240B]
	(No symbol) [0x004C4FF7]
	BaseThreadInitThunk [0x75BB7D59+25]
	RtlInitializeExceptionChain [0x77B6B79B+107]
	RtlClearBits [0x77B6B71F+191]

2023-08-07 11:23:36,836 - ERROR - Inventory - Couldn't find the Element to input Payment MethodSS: 
 Message: no such window: target window already closed
from unknown error: web view not found
  (Session info: chrome=115.0.5790.171)
Stacktrace:
Backtrace:
	GetHandleVerifier [0x0053A813+48355]
	(No symbol) [0x004CC4B1]
	(No symbol) [0x003D5358]
	(No symbol) [0x003BD293]
	(No symbol) [0x0041E37B]
	(No symbol) [0x0042C473]
	(No symbol) [0x0041A536]
	(No symbol) [0x003F82DC]
	(No symbol) [0x003F93DD]
	GetHandleVerifier [0x0079AABD+2539405]
	GetHandleVerifier [0x007DA78F+2800735]
	GetHandleVerifier [0x007D456C+2775612]
	GetHandleVerifier [0x005C51E0+616112]
	(No symbol) [0x004D5F8C]
	(No symbol) [0x004D2328]
	(No symbol) [0x004D240B]
	(No symbol) [0x004C4FF7]
	BaseThreadInitThunk [0x75BB7D59+25]
	RtlInitializeExceptionChain [0x77B6B79B+107]
	RtlClearBits [0x77B6B71F+191]

2023-08-07 11:23:36,841 - ERROR - Inventory - Couldn't find the Element to Input receiver name : 
 Message: no such window: target window already closed
from unknown error: web view not found
  (Session info: chrome=115.0.5790.171)
Stacktrace:
Backtrace:
	GetHandleVerifier [0x0053A813+48355]
	(No symbol) [0x004CC4B1]
	(No symbol) [0x003D5358]
	(No symbol) [0x003BD293]
	(No symbol) [0x0041E37B]
	(No symbol) [0x0042C473]
	(No symbol) [0x0041A536]
	(No symbol) [0x003F82DC]
	(No symbol) [0x003F93DD]
	GetHandleVerifier [0x0079AABD+2539405]
	GetHandleVerifier [0x007DA78F+2800735]
	GetHandleVerifier [0x007D456C+2775612]
	GetHandleVerifier [0x005C51E0+616112]
	(No symbol) [0x004D5F8C]
	(No symbol) [0x004D2328]
	(No symbol) [0x004D240B]
	(No symbol) [0x004C4FF7]
	BaseThreadInitThunk [0x75BB7D59+25]
	RtlInitializeExceptionChain [0x77B6B79B+107]
	RtlClearBits [0x77B6B71F+191]

2023-08-07 11:25:09,559 - ERROR - Inventory - Couldn't find the Element to upload Image : 
 Message: no such window: target window already closed
from unknown error: web view not found
  (Session info: chrome=115.0.5790.171)
Stacktrace:
Backtrace:
	GetHandleVerifier [0x0053A813+48355]
	(No symbol) [0x004CC4B1]
	(No symbol) [0x003D5358]
	(No symbol) [0x003BD293]
	(No symbol) [0x0041E37B]
	(No symbol) [0x0042C473]
	(No symbol) [0x0041A536]
	(No symbol) [0x003F82DC]
	(No symbol) [0x003F93DD]
	GetHandleVerifier [0x0079AABD+2539405]
	GetHandleVerifier [0x007DA78F+2800735]
	GetHandleVerifier [0x007D456C+2775612]
	GetHandleVerifier [0x005C51E0+616112]
	(No symbol) [0x004D5F8C]
	(No symbol) [0x004D2328]
	(No symbol) [0x004D240B]
	(No symbol) [0x004C4FF7]
	BaseThreadInitThunk [0x75BB7D59+25]
	RtlInitializeExceptionChain [0x77B6B79B+107]
	RtlClearBits [0x77B6B71F+191]

2023-08-07 11:25:09,560 - ERROR - Inventory - Couldn't find the Element to input Category name : 
 Message: no such window: target window already closed
from unknown error: web view not found
  (Session info: chrome=115.0.5790.171)
Stacktrace:
Backtrace:
	GetHandleVerifier [0x0053A813+48355]
	(No symbol) [0x004CC4B1]
	(No symbol) [0x003D5358]
	(No symbol) [0x003BD293]
	(No symbol) [0x0041E37B]
	(No symbol) [0x0042C473]
	(No symbol) [0x0041A536]
	(No symbol) [0x003F82DC]
	(No symbol) [0x003F93DD]
	GetHandleVerifier [0x0079AABD+2539405]
	GetHandleVerifier [0x007DA78F+2800735]
	GetHandleVerifier [0x007D456C+2775612]
	GetHandleVerifier [0x005C51E0+616112]
	(No symbol) [0x004D5F8C]
	(No symbol) [0x004D2328]
	(No symbol) [0x004D240B]
	(No symbol) [0x004C4FF7]
	BaseThreadInitThunk [0x75BB7D59+25]
	RtlInitializeExceptionChain [0x77B6B79B+107]
	RtlClearBits [0x77B6B71F+191]

2023-08-07 11:25:09,563 - ERROR - Inventory - Couldn't find the Element to input Category code : 
 Message: no such window: target window already closed
from unknown error: web view not found
  (Session info: chrome=115.0.5790.171)
Stacktrace:
Backtrace:
	GetHandleVerifier [0x0053A813+48355]
	(No symbol) [0x004CC4B1]
	(No symbol) [0x003D5358]
	(No symbol) [0x003BD293]
	(No symbol) [0x0041E37B]
	(No symbol) [0x0042C473]
	(No symbol) [0x0041A536]
	(No symbol) [0x003F82DC]
	(No symbol) [0x003F93DD]
	GetHandleVerifier [0x0079AABD+2539405]
	GetHandleVerifier [0x007DA78F+2800735]
	GetHandleVerifier [0x007D456C+2775612]
	GetHandleVerifier [0x005C51E0+616112]
	(No symbol) [0x004D5F8C]
	(No symbol) [0x004D2328]
	(No symbol) [0x004D240B]
	(No symbol) [0x004C4FF7]
	BaseThreadInitThunk [0x75BB7D59+25]
	RtlInitializeExceptionChain [0x77B6B79B+107]
	RtlClearBits [0x77B6B71F+191]

2023-08-07 11:25:09,565 - ERROR - Inventory - Couldn't find the Element to input descriptions: 
 Message: no such window: target window already closed
from unknown error: web view not found
  (Session info: chrome=115.0.5790.171)
Stacktrace:
Backtrace:
	GetHandleVerifier [0x0053A813+48355]
	(No symbol) [0x004CC4B1]
	(No symbol) [0x003D5358]
	(No symbol) [0x003BD293]
	(No symbol) [0x0041E37B]
	(No symbol) [0x0042C473]
	(No symbol) [0x0041A536]
	(No symbol) [0x003F82DC]
	(No symbol) [0x003F93DD]
	GetHandleVerifier [0x0079AABD+2539405]
	GetHandleVerifier [0x007DA78F+2800735]
	GetHandleVerifier [0x007D456C+2775612]
	GetHandleVerifier [0x005C51E0+616112]
	(No symbol) [0x004D5F8C]
	(No symbol) [0x004D2328]
	(No symbol) [0x004D240B]
	(No symbol) [0x004C4FF7]
	BaseThreadInitThunk [0x75BB7D59+25]
	RtlInitializeExceptionChain [0x77B6B79B+107]
	RtlClearBits [0x77B6B71F+191]

2023-08-07 11:25:09,568 - ERROR - Inventory - Couldn't find the Element to select leather Unit : 
 Message: no such window: target window already closed
from unknown error: web view not found
  (Session info: chrome=115.0.5790.171)
Stacktrace:
Backtrace:
	GetHandleVerifier [0x0053A813+48355]
	(No symbol) [0x004CC4B1]
	(No symbol) [0x003D5358]
	(No symbol) [0x003BD293]
	(No symbol) [0x0041E37B]
	(No symbol) [0x0042C473]
	(No symbol) [0x0041A536]
	(No symbol) [0x003F82DC]
	(No symbol) [0x003F93DD]
	GetHandleVerifier [0x0079AABD+2539405]
	GetHandleVerifier [0x007DA78F+2800735]
	GetHandleVerifier [0x007D456C+2775612]
	GetHandleVerifier [0x005C51E0+616112]
	(No symbol) [0x004D5F8C]
	(No symbol) [0x004D2328]
	(No symbol) [0x004D240B]
	(No symbol) [0x004C4FF7]
	BaseThreadInitThunk [0x75BB7D59+25]
	RtlInitializeExceptionChain [0x77B6B79B+107]
	RtlClearBits [0x77B6B71F+191]

2023-08-07 11:25:09,570 - ERROR - Inventory - Couldn't find the Element to Click submit : 
 Message: no such window: target window already closed
from unknown error: web view not found
  (Session info: chrome=115.0.5790.171)
Stacktrace:
Backtrace:
	GetHandleVerifier [0x0053A813+48355]
	(No symbol) [0x004CC4B1]
	(No symbol) [0x003D5358]
	(No symbol) [0x003BD293]
	(No symbol) [0x0041E37B]
	(No symbol) [0x0042C473]
	(No symbol) [0x0041A536]
	(No symbol) [0x003F82DC]
	(No symbol) [0x003F93DD]
	GetHandleVerifier [0x0079AABD+2539405]
	GetHandleVerifier [0x007DA78F+2800735]
	GetHandleVerifier [0x007D456C+2775612]
	GetHandleVerifier [0x005C51E0+616112]
	(No symbol) [0x004D5F8C]
	(No symbol) [0x004D2328]
	(No symbol) [0x004D240B]
	(No symbol) [0x004C4FF7]
	BaseThreadInitThunk [0x75BB7D59+25]
	RtlInitializeExceptionChain [0x77B6B79B+107]
	RtlClearBits [0x77B6B71F+191]

2023-08-07 11:25:44,302 - ERROR - Inventory - Couldn't find the Element to select Vendor: 
 'NoneType' object has no attribute 'move_to_element'
2023-08-18 11:39:41,213 - ERROR - Inventory - Couldn't find the Confirm msg element : 
 Message: 
Stacktrace:
Backtrace:
	GetHandleVerifier [0x0105A813+48355]
	(No symbol) [0x00FEC4B1]
	(No symbol) [0x00EF5358]
	(No symbol) [0x00F209A5]
	(No symbol) [0x00F20B3B]
	(No symbol) [0x00F4E232]
	(No symbol) [0x00F3A784]
	(No symbol) [0x00F4C922]
	(No symbol) [0x00F3A536]
	(No symbol) [0x00F182DC]
	(No symbol) [0x00F193DD]
	GetHandleVerifier [0x012BAABD+2539405]
	GetHandleVerifier [0x012FA78F+2800735]
	GetHandleVerifier [0x012F456C+2775612]
	GetHandleVerifier [0x010E51E0+616112]
	(No symbol) [0x00FF5F8C]
	(No symbol) [0x00FF2328]
	(No symbol) [0x00FF240B]
	(No symbol) [0x00FE4FF7]
	BaseThreadInitThunk [0x75167D59+25]
	RtlInitializeExceptionChain [0x7702B79B+107]
	RtlClearBits [0x7702B71F+191]

2023-08-18 12:30:46,746 - ERROR - Inventory - Couldn't find the Element to Select Transportation mode: 
 Message: element click intercepted: Element <div class="ant-select-item-option-content">...</div> is not clickable at point (295, 10). Other element would receive the click: <div class="menu">...</div>
  (Session info: chrome=115.0.5790.173)
Stacktrace:
Backtrace:
	GetHandleVerifier [0x004BA813+48355]
	(No symbol) [0x0044C4B1]
	(No symbol) [0x00355358]
	(No symbol) [0x00385062]
	(No symbol) [0x00383B98]
	(No symbol) [0x0038239B]
	(No symbol) [0x0038179E]
	(No symbol) [0x00379F5C]
	(No symbol) [0x0039A73C]
	(No symbol) [0x00379A36]
	(No symbol) [0x0039AA94]
	(No symbol) [0x003AC922]
	(No symbol) [0x0039A536]
	(No symbol) [0x003782DC]
	(No symbol) [0x003793DD]
	GetHandleVerifier [0x0071AABD+2539405]
	GetHandleVerifier [0x0075A78F+2800735]
	GetHandleVerifier [0x0075456C+2775612]
	GetHandleVerifier [0x005451E0+616112]
	(No symbol) [0x00455F8C]
	(No symbol) [0x00452328]
	(No symbol) [0x0045240B]
	(No symbol) [0x00444FF7]
	BaseThreadInitThunk [0x75167D59+25]
	RtlInitializeExceptionChain [0x7702B79B+107]
	RtlClearBits [0x7702B71F+191]

2023-08-18 14:25:48,814 - ERROR - Inventory - Couldn't find the Confirm msg element : 
 Message: no such window: target window already closed
from unknown error: web view not found
  (Session info: chrome=115.0.5790.173)
Stacktrace:
Backtrace:
	GetHandleVerifier [0x004BA813+48355]
	(No symbol) [0x0044C4B1]
	(No symbol) [0x00355358]
	(No symbol) [0x0033D293]
	(No symbol) [0x0039E37B]
	(No symbol) [0x003AC473]
	(No symbol) [0x0039A536]
	(No symbol) [0x003782DC]
	(No symbol) [0x003793DD]
	GetHandleVerifier [0x0071AABD+2539405]
	GetHandleVerifier [0x0075A78F+2800735]
	GetHandleVerifier [0x0075456C+2775612]
	GetHandleVerifier [0x005451E0+616112]
	(No symbol) [0x00455F8C]
	(No symbol) [0x00452328]
	(No symbol) [0x0045240B]
	(No symbol) [0x00444FF7]
	BaseThreadInitThunk [0x75167D59+25]
	RtlInitializeExceptionChain [0x7702B79B+107]
	RtlClearBits [0x7702B71F+191]

2023-08-24 15:41:19,146 - ERROR - Inventory - Couldn't find the Confirm msg element : 
 Message: 
Stacktrace:
	GetHandleVerifier [0x00007FF6A08EB292+61986]
	Microsoft::Applications::Events::EventProperty::~EventProperty [0x00007FF6A087C902+737698]
	(No symbol) [0x00007FF6A065B86E]
	(No symbol) [0x00007FF6A06A3216]
	(No symbol) [0x00007FF6A06A3327]
	(No symbol) [0x00007FF6A06DFBF7]
	(No symbol) [0x00007FF6A06C386F]
	(No symbol) [0x00007FF6A0696F61]
	(No symbol) [0x00007FF6A06DCD41]
	(No symbol) [0x00007FF6A06C3603]
	(No symbol) [0x00007FF6A0695DEA]
	(No symbol) [0x00007FF6A06950CB]
	(No symbol) [0x00007FF6A0696574]
	Microsoft::Applications::Events::ILogManager::DispatchEventBroadcast [0x00007FF6A0AB8739+1225433]
	(No symbol) [0x00007FF6A0714804]
	Microsoft::Applications::Events::EventProperty::~EventProperty [0x00007FF6A07D0151+31217]
	Microsoft::Applications::Events::EventProperty::~EventProperty [0x00007FF6A07C8D29+1481]
	Microsoft::Applications::Events::ILogManager::DispatchEventBroadcast [0x00007FF6A0AB7314+1220276]
	Microsoft::Applications::Events::ILogConfiguration::operator* [0x00007FF6A08858C8+21048]
	Microsoft::Applications::Events::ILogConfiguration::operator* [0x00007FF6A0881894+4612]
	Microsoft::Applications::Events::ILogConfiguration::operator* [0x00007FF6A08819C6+4918]
	Microsoft::Applications::Events::EventProperty::~EventProperty [0x00007FF6A0875D41+710113]
	BaseThreadInitThunk [0x00007FFA380C257D+29]
	RtlUserThreadStart [0x00007FFA396CAA68+40]

2023-08-24 15:46:47,075 - ERROR - Inventory - Couldn't find the Element to Select the Inventory Category : 
 Message: 
Stacktrace:
	GetHandleVerifier [0x00007FF6A08EB292+61986]
	Microsoft::Applications::Events::EventProperty::~EventProperty [0x00007FF6A087C902+737698]
	(No symbol) [0x00007FF6A065B86E]
	(No symbol) [0x00007FF6A06A3216]
	(No symbol) [0x00007FF6A06A3327]
	(No symbol) [0x00007FF6A06DFBF7]
	(No symbol) [0x00007FF6A06C386F]
	(No symbol) [0x00007FF6A0696F61]
	(No symbol) [0x00007FF6A06DCD41]
	(No symbol) [0x00007FF6A06C3603]
	(No symbol) [0x00007FF6A0695DEA]
	(No symbol) [0x00007FF6A06950CB]
	(No symbol) [0x00007FF6A0696574]
	Microsoft::Applications::Events::ILogManager::DispatchEventBroadcast [0x00007FF6A0AB8739+1225433]
	(No symbol) [0x00007FF6A0714804]
	Microsoft::Applications::Events::EventProperty::~EventProperty [0x00007FF6A07D0151+31217]
	Microsoft::Applications::Events::EventProperty::~EventProperty [0x00007FF6A07C8D29+1481]
	Microsoft::Applications::Events::ILogManager::DispatchEventBroadcast [0x00007FF6A0AB7314+1220276]
	Microsoft::Applications::Events::ILogConfiguration::operator* [0x00007FF6A08858C8+21048]
	Microsoft::Applications::Events::ILogConfiguration::operator* [0x00007FF6A0881894+4612]
	Microsoft::Applications::Events::ILogConfiguration::operator* [0x00007FF6A08819C6+4918]
	Microsoft::Applications::Events::EventProperty::~EventProperty [0x00007FF6A0875D41+710113]
	BaseThreadInitThunk [0x00007FFA380C257D+29]
	RtlUserThreadStart [0x00007FFA396CAA68+40]

2023-08-24 15:46:57,942 - ERROR - Inventory - Couldn't find the Element to add new Item to the Selected Category : 
 Message: 

2023-08-24 15:47:08,376 - ERROR - Inventory - Couldn't find the Element to input new Item Name to Selected Category : 
 Message: 
Stacktrace:
	GetHandleVerifier [0x00007FF6A08EB292+61986]
	Microsoft::Applications::Events::EventProperty::~EventProperty [0x00007FF6A087C902+737698]
	(No symbol) [0x00007FF6A065B86E]
	(No symbol) [0x00007FF6A06A3216]
	(No symbol) [0x00007FF6A06A3327]
	(No symbol) [0x00007FF6A06DFBF7]
	(No symbol) [0x00007FF6A06C386F]
	(No symbol) [0x00007FF6A0696F61]
	(No symbol) [0x00007FF6A06DCD41]
	(No symbol) [0x00007FF6A06C3603]
	(No symbol) [0x00007FF6A0695DEA]
	(No symbol) [0x00007FF6A06950CB]
	(No symbol) [0x00007FF6A0696574]
	Microsoft::Applications::Events::ILogManager::DispatchEventBroadcast [0x00007FF6A0AB8739+1225433]
	(No symbol) [0x00007FF6A0714804]
	Microsoft::Applications::Events::EventProperty::~EventProperty [0x00007FF6A07D0151+31217]
	Microsoft::Applications::Events::EventProperty::~EventProperty [0x00007FF6A07C8D29+1481]
	Microsoft::Applications::Events::ILogManager::DispatchEventBroadcast [0x00007FF6A0AB7314+1220276]
	Microsoft::Applications::Events::ILogConfiguration::operator* [0x00007FF6A08858C8+21048]
	Microsoft::Applications::Events::ILogConfiguration::operator* [0x00007FF6A0881894+4612]
	Microsoft::Applications::Events::ILogConfiguration::operator* [0x00007FF6A08819C6+4918]
	Microsoft::Applications::Events::EventProperty::~EventProperty [0x00007FF6A0875D41+710113]
	BaseThreadInitThunk [0x00007FFA380C257D+29]
	RtlUserThreadStart [0x00007FFA396CAA68+40]

2023-08-24 15:47:18,680 - ERROR - Inventory - Couldn't find the Element to input code for Selected Category : 
 Message: 
Stacktrace:
	GetHandleVerifier [0x00007FF6A08EB292+61986]
	Microsoft::Applications::Events::EventProperty::~EventProperty [0x00007FF6A087C902+737698]
	(No symbol) [0x00007FF6A065B86E]
	(No symbol) [0x00007FF6A06A3216]
	(No symbol) [0x00007FF6A06A3327]
	(No symbol) [0x00007FF6A06DFBF7]
	(No symbol) [0x00007FF6A06C386F]
	(No symbol) [0x00007FF6A0696F61]
	(No symbol) [0x00007FF6A06DCD41]
	(No symbol) [0x00007FF6A06C3603]
	(No symbol) [0x00007FF6A0695DEA]
	(No symbol) [0x00007FF6A06950CB]
	(No symbol) [0x00007FF6A0696574]
	Microsoft::Applications::Events::ILogManager::DispatchEventBroadcast [0x00007FF6A0AB8739+1225433]
	(No symbol) [0x00007FF6A0714804]
	Microsoft::Applications::Events::EventProperty::~EventProperty [0x00007FF6A07D0151+31217]
	Microsoft::Applications::Events::EventProperty::~EventProperty [0x00007FF6A07C8D29+1481]
	Microsoft::Applications::Events::ILogManager::DispatchEventBroadcast [0x00007FF6A0AB7314+1220276]
	Microsoft::Applications::Events::ILogConfiguration::operator* [0x00007FF6A08858C8+21048]
	Microsoft::Applications::Events::ILogConfiguration::operator* [0x00007FF6A0881894+4612]
	Microsoft::Applications::Events::ILogConfiguration::operator* [0x00007FF6A08819C6+4918]
	Microsoft::Applications::Events::EventProperty::~EventProperty [0x00007FF6A0875D41+710113]
	BaseThreadInitThunk [0x00007FFA380C257D+29]
	RtlUserThreadStart [0x00007FFA396CAA68+40]

2023-08-24 15:47:29,002 - ERROR - Inventory - Couldn't find the Element to input SKU for Selected Category : 
 Message: 
Stacktrace:
	GetHandleVerifier [0x00007FF6A08EB292+61986]
	Microsoft::Applications::Events::EventProperty::~EventProperty [0x00007FF6A087C902+737698]
	(No symbol) [0x00007FF6A065B86E]
	(No symbol) [0x00007FF6A06A3216]
	(No symbol) [0x00007FF6A06A3327]
	(No symbol) [0x00007FF6A06DFBF7]
	(No symbol) [0x00007FF6A06C386F]
	(No symbol) [0x00007FF6A0696F61]
	(No symbol) [0x00007FF6A06DCD41]
	(No symbol) [0x00007FF6A06C3603]
	(No symbol) [0x00007FF6A0695DEA]
	(No symbol) [0x00007FF6A06950CB]
	(No symbol) [0x00007FF6A0696574]
	Microsoft::Applications::Events::ILogManager::DispatchEventBroadcast [0x00007FF6A0AB8739+1225433]
	(No symbol) [0x00007FF6A0714804]
	Microsoft::Applications::Events::EventProperty::~EventProperty [0x00007FF6A07D0151+31217]
	Microsoft::Applications::Events::EventProperty::~EventProperty [0x00007FF6A07C8D29+1481]
	Microsoft::Applications::Events::ILogManager::DispatchEventBroadcast [0x00007FF6A0AB7314+1220276]
	Microsoft::Applications::Events::ILogConfiguration::operator* [0x00007FF6A08858C8+21048]
	Microsoft::Applications::Events::ILogConfiguration::operator* [0x00007FF6A0881894+4612]
	Microsoft::Applications::Events::ILogConfiguration::operator* [0x00007FF6A08819C6+4918]
	Microsoft::Applications::Events::EventProperty::~EventProperty [0x00007FF6A0875D41+710113]
	BaseThreadInitThunk [0x00007FFA380C257D+29]
	RtlUserThreadStart [0x00007FFA396CAA68+40]

2023-08-24 15:47:39,288 - ERROR - Inventory - Couldn't find the Element to input Tags for Selected Category : 
 Message: 
Stacktrace:
	GetHandleVerifier [0x00007FF6A08EB292+61986]
	Microsoft::Applications::Events::EventProperty::~EventProperty [0x00007FF6A087C902+737698]
	(No symbol) [0x00007FF6A065B86E]
	(No symbol) [0x00007FF6A06A3216]
	(No symbol) [0x00007FF6A06A3327]
	(No symbol) [0x00007FF6A06DFBF7]
	(No symbol) [0x00007FF6A06C386F]
	(No symbol) [0x00007FF6A0696F61]
	(No symbol) [0x00007FF6A06DCD41]
	(No symbol) [0x00007FF6A06C3603]
	(No symbol) [0x00007FF6A0695DEA]
	(No symbol) [0x00007FF6A06950CB]
	(No symbol) [0x00007FF6A0696574]
	Microsoft::Applications::Events::ILogManager::DispatchEventBroadcast [0x00007FF6A0AB8739+1225433]
	(No symbol) [0x00007FF6A0714804]
	Microsoft::Applications::Events::EventProperty::~EventProperty [0x00007FF6A07D0151+31217]
	Microsoft::Applications::Events::EventProperty::~EventProperty [0x00007FF6A07C8D29+1481]
	Microsoft::Applications::Events::ILogManager::DispatchEventBroadcast [0x00007FF6A0AB7314+1220276]
	Microsoft::Applications::Events::ILogConfiguration::operator* [0x00007FF6A08858C8+21048]
	Microsoft::Applications::Events::ILogConfiguration::operator* [0x00007FF6A0881894+4612]
	Microsoft::Applications::Events::ILogConfiguration::operator* [0x00007FF6A08819C6+4918]
	Microsoft::Applications::Events::EventProperty::~EventProperty [0x00007FF6A0875D41+710113]
	BaseThreadInitThunk [0x00007FFA380C257D+29]
	RtlUserThreadStart [0x00007FFA396CAA68+40]

2023-08-24 15:47:49,546 - ERROR - Inventory - Couldn't find the Element to input color for new Item: 
 Message: 
Stacktrace:
	GetHandleVerifier [0x00007FF6A08EB292+61986]
	Microsoft::Applications::Events::EventProperty::~EventProperty [0x00007FF6A087C902+737698]
	(No symbol) [0x00007FF6A065B86E]
	(No symbol) [0x00007FF6A06A3216]
	(No symbol) [0x00007FF6A06A3327]
	(No symbol) [0x00007FF6A06DFBF7]
	(No symbol) [0x00007FF6A06C386F]
	(No symbol) [0x00007FF6A0696F61]
	(No symbol) [0x00007FF6A06DCD41]
	(No symbol) [0x00007FF6A06C3603]
	(No symbol) [0x00007FF6A0695DEA]
	(No symbol) [0x00007FF6A06950CB]
	(No symbol) [0x00007FF6A0696574]
	Microsoft::Applications::Events::ILogManager::DispatchEventBroadcast [0x00007FF6A0AB8739+1225433]
	(No symbol) [0x00007FF6A0714804]
	Microsoft::Applications::Events::EventProperty::~EventProperty [0x00007FF6A07D0151+31217]
	Microsoft::Applications::Events::EventProperty::~EventProperty [0x00007FF6A07C8D29+1481]
	Microsoft::Applications::Events::ILogManager::DispatchEventBroadcast [0x00007FF6A0AB7314+1220276]
	Microsoft::Applications::Events::ILogConfiguration::operator* [0x00007FF6A08858C8+21048]
	Microsoft::Applications::Events::ILogConfiguration::operator* [0x00007FF6A0881894+4612]
	Microsoft::Applications::Events::ILogConfiguration::operator* [0x00007FF6A08819C6+4918]
	Microsoft::Applications::Events::EventProperty::~EventProperty [0x00007FF6A0875D41+710113]
	BaseThreadInitThunk [0x00007FFA380C257D+29]
	RtlUserThreadStart [0x00007FFA396CAA68+40]

2023-08-24 15:47:59,658 - ERROR - Inventory - Couldn't find the Element to input description for the Selected Category : 
 Message: 
Stacktrace:
	GetHandleVerifier [0x00007FF6A08EB292+61986]
	Microsoft::Applications::Events::EventProperty::~EventProperty [0x00007FF6A087C902+737698]
	(No symbol) [0x00007FF6A065B86E]
	(No symbol) [0x00007FF6A06A3216]
	(No symbol) [0x00007FF6A06A3327]
	(No symbol) [0x00007FF6A06DFBF7]
	(No symbol) [0x00007FF6A06C386F]
	(No symbol) [0x00007FF6A0696F61]
	(No symbol) [0x00007FF6A06DCD41]
	(No symbol) [0x00007FF6A06C3603]
	(No symbol) [0x00007FF6A0695DEA]
	(No symbol) [0x00007FF6A06950CB]
	(No symbol) [0x00007FF6A0696574]
	Microsoft::Applications::Events::ILogManager::DispatchEventBroadcast [0x00007FF6A0AB8739+1225433]
	(No symbol) [0x00007FF6A0714804]
	Microsoft::Applications::Events::EventProperty::~EventProperty [0x00007FF6A07D0151+31217]
	Microsoft::Applications::Events::EventProperty::~EventProperty [0x00007FF6A07C8D29+1481]
	Microsoft::Applications::Events::ILogManager::DispatchEventBroadcast [0x00007FF6A0AB7314+1220276]
	Microsoft::Applications::Events::ILogConfiguration::operator* [0x00007FF6A08858C8+21048]
	Microsoft::Applications::Events::ILogConfiguration::operator* [0x00007FF6A0881894+4612]
	Microsoft::Applications::Events::ILogConfiguration::operator* [0x00007FF6A08819C6+4918]
	Microsoft::Applications::Events::EventProperty::~EventProperty [0x00007FF6A0875D41+710113]
	BaseThreadInitThunk [0x00007FFA380C257D+29]
	RtlUserThreadStart [0x00007FFA396CAA68+40]

2023-08-24 15:48:09,726 - ERROR - Inventory - Couldn't find the Element to input Least quantity for the Selected Category : 
 Message: 
Stacktrace:
	GetHandleVerifier [0x00007FF6A08EB292+61986]
	Microsoft::Applications::Events::EventProperty::~EventProperty [0x00007FF6A087C902+737698]
	(No symbol) [0x00007FF6A065B86E]
	(No symbol) [0x00007FF6A06A3216]
	(No symbol) [0x00007FF6A06A3327]
	(No symbol) [0x00007FF6A06DFBF7]
	(No symbol) [0x00007FF6A06C386F]
	(No symbol) [0x00007FF6A0696F61]
	(No symbol) [0x00007FF6A06DCD41]
	(No symbol) [0x00007FF6A06C3603]
	(No symbol) [0x00007FF6A0695DEA]
	(No symbol) [0x00007FF6A06950CB]
	(No symbol) [0x00007FF6A0696574]
	Microsoft::Applications::Events::ILogManager::DispatchEventBroadcast [0x00007FF6A0AB8739+1225433]
	(No symbol) [0x00007FF6A0714804]
	Microsoft::Applications::Events::EventProperty::~EventProperty [0x00007FF6A07D0151+31217]
	Microsoft::Applications::Events::EventProperty::~EventProperty [0x00007FF6A07C8D29+1481]
	Microsoft::Applications::Events::ILogManager::DispatchEventBroadcast [0x00007FF6A0AB7314+1220276]
	Microsoft::Applications::Events::ILogConfiguration::operator* [0x00007FF6A08858C8+21048]
	Microsoft::Applications::Events::ILogConfiguration::operator* [0x00007FF6A0881894+4612]
	Microsoft::Applications::Events::ILogConfiguration::operator* [0x00007FF6A08819C6+4918]
	Microsoft::Applications::Events::EventProperty::~EventProperty [0x00007FF6A0875D41+710113]
	BaseThreadInitThunk [0x00007FFA380C257D+29]
	RtlUserThreadStart [0x00007FFA396CAA68+40]

2023-08-24 15:48:20,199 - ERROR - Inventory - Couldn't find the Element to input High quantity for the Selected Category : 
 Message: 
Stacktrace:
	GetHandleVerifier [0x00007FF6A08EB292+61986]
	Microsoft::Applications::Events::EventProperty::~EventProperty [0x00007FF6A087C902+737698]
	(No symbol) [0x00007FF6A065B86E]
	(No symbol) [0x00007FF6A06A3216]
	(No symbol) [0x00007FF6A06A3327]
	(No symbol) [0x00007FF6A06DFBF7]
	(No symbol) [0x00007FF6A06C386F]
	(No symbol) [0x00007FF6A0696F61]
	(No symbol) [0x00007FF6A06DCD41]
	(No symbol) [0x00007FF6A06C3603]
	(No symbol) [0x00007FF6A0695DEA]
	(No symbol) [0x00007FF6A06950CB]
	(No symbol) [0x00007FF6A0696574]
	Microsoft::Applications::Events::ILogManager::DispatchEventBroadcast [0x00007FF6A0AB8739+1225433]
	(No symbol) [0x00007FF6A0714804]
	Microsoft::Applications::Events::EventProperty::~EventProperty [0x00007FF6A07D0151+31217]
	Microsoft::Applications::Events::EventProperty::~EventProperty [0x00007FF6A07C8D29+1481]
	Microsoft::Applications::Events::ILogManager::DispatchEventBroadcast [0x00007FF6A0AB7314+1220276]
	Microsoft::Applications::Events::ILogConfiguration::operator* [0x00007FF6A08858C8+21048]
	Microsoft::Applications::Events::ILogConfiguration::operator* [0x00007FF6A0881894+4612]
	Microsoft::Applications::Events::ILogConfiguration::operator* [0x00007FF6A08819C6+4918]
	Microsoft::Applications::Events::EventProperty::~EventProperty [0x00007FF6A0875D41+710113]
	BaseThreadInitThunk [0x00007FFA380C257D+29]
	RtlUserThreadStart [0x00007FFA396CAA68+40]

2023-08-24 15:48:46,725 - ERROR - Inventory - Couldn't find the Element to check the title : 
 Message: no such element: Unable to locate element: {"method":"xpath","selector":"//h1[@class='ant-typography product-name']"}
  (Session info: MicrosoftEdge=116.0.1938.54)
Stacktrace:
	GetHandleVerifier [0x00007FF6A08EB292+61986]
	Microsoft::Applications::Events::EventProperty::~EventProperty [0x00007FF6A087C902+737698]
	(No symbol) [0x00007FF6A065B86E]
	(No symbol) [0x00007FF6A06A3216]
	(No symbol) [0x00007FF6A06A3327]
	(No symbol) [0x00007FF6A06DFBF7]
	(No symbol) [0x00007FF6A06C386F]
	(No symbol) [0x00007FF6A0696F61]
	(No symbol) [0x00007FF6A06DCD41]
	(No symbol) [0x00007FF6A06C3603]
	(No symbol) [0x00007FF6A0695DEA]
	(No symbol) [0x00007FF6A06950CB]
	(No symbol) [0x00007FF6A0696574]
	Microsoft::Applications::Events::ILogManager::DispatchEventBroadcast [0x00007FF6A0AB8739+1225433]
	(No symbol) [0x00007FF6A0714804]
	Microsoft::Applications::Events::EventProperty::~EventProperty [0x00007FF6A07D0151+31217]
	Microsoft::Applications::Events::EventProperty::~EventProperty [0x00007FF6A07C8D29+1481]
	Microsoft::Applications::Events::ILogManager::DispatchEventBroadcast [0x00007FF6A0AB7314+1220276]
	Microsoft::Applications::Events::ILogConfiguration::operator* [0x00007FF6A08858C8+21048]
	Microsoft::Applications::Events::ILogConfiguration::operator* [0x00007FF6A0881894+4612]
	Microsoft::Applications::Events::ILogConfiguration::operator* [0x00007FF6A08819C6+4918]
	Microsoft::Applications::Events::EventProperty::~EventProperty [0x00007FF6A0875D41+710113]
	BaseThreadInitThunk [0x00007FFA380C257D+29]
	RtlUserThreadStart [0x00007FFA396CAA68+40]

2023-08-24 16:57:28,103 - ERROR - Inventory - Couldn't find the Element to click on add inventory : 
 Message: 
Stacktrace:
	GetHandleVerifier [0x00007FF62B3BB292+61986]
	Microsoft::Applications::Events::EventProperty::~EventProperty [0x00007FF62B34C902+737698]
	(No symbol) [0x00007FF62B12B86E]
	(No symbol) [0x00007FF62B173216]
	(No symbol) [0x00007FF62B173327]
	(No symbol) [0x00007FF62B1AFBF7]
	(No symbol) [0x00007FF62B19386F]
	(No symbol) [0x00007FF62B166F61]
	(No symbol) [0x00007FF62B1ACD41]
	(No symbol) [0x00007FF62B193603]
	(No symbol) [0x00007FF62B165DEA]
	(No symbol) [0x00007FF62B1650CB]
	(No symbol) [0x00007FF62B166574]
	Microsoft::Applications::Events::ILogManager::DispatchEventBroadcast [0x00007FF62B588739+1225433]
	(No symbol) [0x00007FF62B1E4804]
	Microsoft::Applications::Events::EventProperty::~EventProperty [0x00007FF62B2A0151+31217]
	Microsoft::Applications::Events::EventProperty::~EventProperty [0x00007FF62B298D29+1481]
	Microsoft::Applications::Events::ILogManager::DispatchEventBroadcast [0x00007FF62B587314+1220276]
	Microsoft::Applications::Events::ILogConfiguration::operator* [0x00007FF62B3558C8+21048]
	Microsoft::Applications::Events::ILogConfiguration::operator* [0x00007FF62B351894+4612]
	Microsoft::Applications::Events::ILogConfiguration::operator* [0x00007FF62B3519C6+4918]
	Microsoft::Applications::Events::EventProperty::~EventProperty [0x00007FF62B345D41+710113]
	BaseThreadInitThunk [0x00007FFA380C257D+29]
	RtlUserThreadStart [0x00007FFA396CAA68+40]

2023-08-24 16:57:30,496 - ERROR - Inventory - Couldn't find the Element to select Vendor: 
 Message: no such element: Unable to locate element: {"method":"xpath","selector":"(//span[@class= 'ant-select-selection-item'])[1]"}
  (Session info: MicrosoftEdge=116.0.1938.54)
Stacktrace:
	GetHandleVerifier [0x00007FF62B3BB292+61986]
	Microsoft::Applications::Events::EventProperty::~EventProperty [0x00007FF62B34C902+737698]
	(No symbol) [0x00007FF62B12B86E]
	(No symbol) [0x00007FF62B173216]
	(No symbol) [0x00007FF62B173327]
	(No symbol) [0x00007FF62B1AFBF7]
	(No symbol) [0x00007FF62B19386F]
	(No symbol) [0x00007FF62B166F61]
	(No symbol) [0x00007FF62B1ACD41]
	(No symbol) [0x00007FF62B193603]
	(No symbol) [0x00007FF62B165DEA]
	(No symbol) [0x00007FF62B1650CB]
	(No symbol) [0x00007FF62B166574]
	Microsoft::Applications::Events::ILogManager::DispatchEventBroadcast [0x00007FF62B588739+1225433]
	(No symbol) [0x00007FF62B1E4804]
	Microsoft::Applications::Events::EventProperty::~EventProperty [0x00007FF62B2A0151+31217]
	Microsoft::Applications::Events::EventProperty::~EventProperty [0x00007FF62B298D29+1481]
	Microsoft::Applications::Events::ILogManager::DispatchEventBroadcast [0x00007FF62B587314+1220276]
	Microsoft::Applications::Events::ILogConfiguration::operator* [0x00007FF62B3558C8+21048]
	Microsoft::Applications::Events::ILogConfiguration::operator* [0x00007FF62B351894+4612]
	Microsoft::Applications::Events::ILogConfiguration::operator* [0x00007FF62B3519C6+4918]
	Microsoft::Applications::Events::EventProperty::~EventProperty [0x00007FF62B345D41+710113]
	BaseThreadInitThunk [0x00007FFA380C257D+29]
	RtlUserThreadStart [0x00007FFA396CAA68+40]

2023-08-24 16:57:42,565 - ERROR - Inventory - Couldn't find the Element to input Price: 
 Message: 
Stacktrace:
	GetHandleVerifier [0x00007FF62B3BB292+61986]
	Microsoft::Applications::Events::EventProperty::~EventProperty [0x00007FF62B34C902+737698]
	(No symbol) [0x00007FF62B12B86E]
	(No symbol) [0x00007FF62B173216]
	(No symbol) [0x00007FF62B173327]
	(No symbol) [0x00007FF62B1AFBF7]
	(No symbol) [0x00007FF62B19386F]
	(No symbol) [0x00007FF62B166F61]
	(No symbol) [0x00007FF62B1ACD41]
	(No symbol) [0x00007FF62B193603]
	(No symbol) [0x00007FF62B165DEA]
	(No symbol) [0x00007FF62B1650CB]
	(No symbol) [0x00007FF62B166574]
	Microsoft::Applications::Events::ILogManager::DispatchEventBroadcast [0x00007FF62B588739+1225433]
	(No symbol) [0x00007FF62B1E4804]
	Microsoft::Applications::Events::EventProperty::~EventProperty [0x00007FF62B2A0151+31217]
	Microsoft::Applications::Events::EventProperty::~EventProperty [0x00007FF62B298D29+1481]
	Microsoft::Applications::Events::ILogManager::DispatchEventBroadcast [0x00007FF62B587314+1220276]
	Microsoft::Applications::Events::ILogConfiguration::operator* [0x00007FF62B3558C8+21048]
	Microsoft::Applications::Events::ILogConfiguration::operator* [0x00007FF62B351894+4612]
	Microsoft::Applications::Events::ILogConfiguration::operator* [0x00007FF62B3519C6+4918]
	Microsoft::Applications::Events::EventProperty::~EventProperty [0x00007FF62B345D41+710113]
	BaseThreadInitThunk [0x00007FFA380C257D+29]
	RtlUserThreadStart [0x00007FFA396CAA68+40]

2023-08-24 16:57:52,636 - ERROR - Inventory - Couldn't find the Element to enter Date : 
 Message: 
Stacktrace:
	GetHandleVerifier [0x00007FF62B3BB292+61986]
	Microsoft::Applications::Events::EventProperty::~EventProperty [0x00007FF62B34C902+737698]
	(No symbol) [0x00007FF62B12B86E]
	(No symbol) [0x00007FF62B173216]
	(No symbol) [0x00007FF62B173327]
	(No symbol) [0x00007FF62B1AFBF7]
	(No symbol) [0x00007FF62B19386F]
	(No symbol) [0x00007FF62B166F61]
	(No symbol) [0x00007FF62B1ACD41]
	(No symbol) [0x00007FF62B193603]
	(No symbol) [0x00007FF62B165DEA]
	(No symbol) [0x00007FF62B1650CB]
	(No symbol) [0x00007FF62B166574]
	Microsoft::Applications::Events::ILogManager::DispatchEventBroadcast [0x00007FF62B588739+1225433]
	(No symbol) [0x00007FF62B1E4804]
	Microsoft::Applications::Events::EventProperty::~EventProperty [0x00007FF62B2A0151+31217]
	Microsoft::Applications::Events::EventProperty::~EventProperty [0x00007FF62B298D29+1481]
	Microsoft::Applications::Events::ILogManager::DispatchEventBroadcast [0x00007FF62B587314+1220276]
	Microsoft::Applications::Events::ILogConfiguration::operator* [0x00007FF62B3558C8+21048]
	Microsoft::Applications::Events::ILogConfiguration::operator* [0x00007FF62B351894+4612]
	Microsoft::Applications::Events::ILogConfiguration::operator* [0x00007FF62B3519C6+4918]
	Microsoft::Applications::Events::EventProperty::~EventProperty [0x00007FF62B345D41+710113]
	BaseThreadInitThunk [0x00007FFA380C257D+29]
	RtlUserThreadStart [0x00007FFA396CAA68+40]

2023-08-24 16:58:04,685 - ERROR - Inventory - Couldn't find the Element to enter the quantity : 
 Message: 
Stacktrace:
	GetHandleVerifier [0x00007FF62B3BB292+61986]
	Microsoft::Applications::Events::EventProperty::~EventProperty [0x00007FF62B34C902+737698]
	(No symbol) [0x00007FF62B12B86E]
	(No symbol) [0x00007FF62B173216]
	(No symbol) [0x00007FF62B173327]
	(No symbol) [0x00007FF62B1AFBF7]
	(No symbol) [0x00007FF62B19386F]
	(No symbol) [0x00007FF62B166F61]
	(No symbol) [0x00007FF62B1ACD41]
	(No symbol) [0x00007FF62B193603]
	(No symbol) [0x00007FF62B165DEA]
	(No symbol) [0x00007FF62B1650CB]
	(No symbol) [0x00007FF62B166574]
	Microsoft::Applications::Events::ILogManager::DispatchEventBroadcast [0x00007FF62B588739+1225433]
	(No symbol) [0x00007FF62B1E4804]
	Microsoft::Applications::Events::EventProperty::~EventProperty [0x00007FF62B2A0151+31217]
	Microsoft::Applications::Events::EventProperty::~EventProperty [0x00007FF62B298D29+1481]
	Microsoft::Applications::Events::ILogManager::DispatchEventBroadcast [0x00007FF62B587314+1220276]
	Microsoft::Applications::Events::ILogConfiguration::operator* [0x00007FF62B3558C8+21048]
	Microsoft::Applications::Events::ILogConfiguration::operator* [0x00007FF62B351894+4612]
	Microsoft::Applications::Events::ILogConfiguration::operator* [0x00007FF62B3519C6+4918]
	Microsoft::Applications::Events::EventProperty::~EventProperty [0x00007FF62B345D41+710113]
	BaseThreadInitThunk [0x00007FFA380C257D+29]
	RtlUserThreadStart [0x00007FFA396CAA68+40]

2023-08-24 16:58:14,786 - ERROR - Inventory - Couldn't find the Element to input Quality: 
 Message: 
Stacktrace:
	GetHandleVerifier [0x00007FF62B3BB292+61986]
	Microsoft::Applications::Events::EventProperty::~EventProperty [0x00007FF62B34C902+737698]
	(No symbol) [0x00007FF62B12B86E]
	(No symbol) [0x00007FF62B173216]
	(No symbol) [0x00007FF62B173327]
	(No symbol) [0x00007FF62B1AFBF7]
	(No symbol) [0x00007FF62B19386F]
	(No symbol) [0x00007FF62B166F61]
	(No symbol) [0x00007FF62B1ACD41]
	(No symbol) [0x00007FF62B193603]
	(No symbol) [0x00007FF62B165DEA]
	(No symbol) [0x00007FF62B1650CB]
	(No symbol) [0x00007FF62B166574]
	Microsoft::Applications::Events::ILogManager::DispatchEventBroadcast [0x00007FF62B588739+1225433]
	(No symbol) [0x00007FF62B1E4804]
	Microsoft::Applications::Events::EventProperty::~EventProperty [0x00007FF62B2A0151+31217]
	Microsoft::Applications::Events::EventProperty::~EventProperty [0x00007FF62B298D29+1481]
	Microsoft::Applications::Events::ILogManager::DispatchEventBroadcast [0x00007FF62B587314+1220276]
	Microsoft::Applications::Events::ILogConfiguration::operator* [0x00007FF62B3558C8+21048]
	Microsoft::Applications::Events::ILogConfiguration::operator* [0x00007FF62B351894+4612]
	Microsoft::Applications::Events::ILogConfiguration::operator* [0x00007FF62B3519C6+4918]
	Microsoft::Applications::Events::EventProperty::~EventProperty [0x00007FF62B345D41+710113]
	BaseThreadInitThunk [0x00007FFA380C257D+29]
	RtlUserThreadStart [0x00007FFA396CAA68+40]

2023-08-24 16:58:24,868 - ERROR - Inventory - Couldn't find the Element to Select Transportation mode: 
 Message: 
Stacktrace:
	GetHandleVerifier [0x00007FF62B3BB292+61986]
	Microsoft::Applications::Events::EventProperty::~EventProperty [0x00007FF62B34C902+737698]
	(No symbol) [0x00007FF62B12B86E]
	(No symbol) [0x00007FF62B173216]
	(No symbol) [0x00007FF62B173327]
	(No symbol) [0x00007FF62B1AFBF7]
	(No symbol) [0x00007FF62B19386F]
	(No symbol) [0x00007FF62B166F61]
	(No symbol) [0x00007FF62B1ACD41]
	(No symbol) [0x00007FF62B193603]
	(No symbol) [0x00007FF62B165DEA]
	(No symbol) [0x00007FF62B1650CB]
	(No symbol) [0x00007FF62B166574]
	Microsoft::Applications::Events::ILogManager::DispatchEventBroadcast [0x00007FF62B588739+1225433]
	(No symbol) [0x00007FF62B1E4804]
	Microsoft::Applications::Events::EventProperty::~EventProperty [0x00007FF62B2A0151+31217]
	Microsoft::Applications::Events::EventProperty::~EventProperty [0x00007FF62B298D29+1481]
	Microsoft::Applications::Events::ILogManager::DispatchEventBroadcast [0x00007FF62B587314+1220276]
	Microsoft::Applications::Events::ILogConfiguration::operator* [0x00007FF62B3558C8+21048]
	Microsoft::Applications::Events::ILogConfiguration::operator* [0x00007FF62B351894+4612]
	Microsoft::Applications::Events::ILogConfiguration::operator* [0x00007FF62B3519C6+4918]
	Microsoft::Applications::Events::EventProperty::~EventProperty [0x00007FF62B345D41+710113]
	BaseThreadInitThunk [0x00007FFA380C257D+29]
	RtlUserThreadStart [0x00007FFA396CAA68+40]

2023-08-24 16:58:34,983 - ERROR - Inventory - Couldn't find the Element to input Payment MethodSS: 
 Message: 
Stacktrace:
	GetHandleVerifier [0x00007FF62B3BB292+61986]
	Microsoft::Applications::Events::EventProperty::~EventProperty [0x00007FF62B34C902+737698]
	(No symbol) [0x00007FF62B12B86E]
	(No symbol) [0x00007FF62B173216]
	(No symbol) [0x00007FF62B173327]
	(No symbol) [0x00007FF62B1AFBF7]
	(No symbol) [0x00007FF62B19386F]
	(No symbol) [0x00007FF62B166F61]
	(No symbol) [0x00007FF62B1ACD41]
	(No symbol) [0x00007FF62B193603]
	(No symbol) [0x00007FF62B165DEA]
	(No symbol) [0x00007FF62B1650CB]
	(No symbol) [0x00007FF62B166574]
	Microsoft::Applications::Events::ILogManager::DispatchEventBroadcast [0x00007FF62B588739+1225433]
	(No symbol) [0x00007FF62B1E4804]
	Microsoft::Applications::Events::EventProperty::~EventProperty [0x00007FF62B2A0151+31217]
	Microsoft::Applications::Events::EventProperty::~EventProperty [0x00007FF62B298D29+1481]
	Microsoft::Applications::Events::ILogManager::DispatchEventBroadcast [0x00007FF62B587314+1220276]
	Microsoft::Applications::Events::ILogConfiguration::operator* [0x00007FF62B3558C8+21048]
	Microsoft::Applications::Events::ILogConfiguration::operator* [0x00007FF62B351894+4612]
	Microsoft::Applications::Events::ILogConfiguration::operator* [0x00007FF62B3519C6+4918]
	Microsoft::Applications::Events::EventProperty::~EventProperty [0x00007FF62B345D41+710113]
	BaseThreadInitThunk [0x00007FFA380C257D+29]
	RtlUserThreadStart [0x00007FFA396CAA68+40]

2023-08-24 16:58:45,003 - ERROR - Inventory - Couldn't find the Element to Input receiver name : 
 Message: 
Stacktrace:
	GetHandleVerifier [0x00007FF62B3BB292+61986]
	Microsoft::Applications::Events::EventProperty::~EventProperty [0x00007FF62B34C902+737698]
	(No symbol) [0x00007FF62B12B86E]
	(No symbol) [0x00007FF62B173216]
	(No symbol) [0x00007FF62B173327]
	(No symbol) [0x00007FF62B1AFBF7]
	(No symbol) [0x00007FF62B19386F]
	(No symbol) [0x00007FF62B166F61]
	(No symbol) [0x00007FF62B1ACD41]
	(No symbol) [0x00007FF62B193603]
	(No symbol) [0x00007FF62B165DEA]
	(No symbol) [0x00007FF62B1650CB]
	(No symbol) [0x00007FF62B166574]
	Microsoft::Applications::Events::ILogManager::DispatchEventBroadcast [0x00007FF62B588739+1225433]
	(No symbol) [0x00007FF62B1E4804]
	Microsoft::Applications::Events::EventProperty::~EventProperty [0x00007FF62B2A0151+31217]
	Microsoft::Applications::Events::EventProperty::~EventProperty [0x00007FF62B298D29+1481]
	Microsoft::Applications::Events::ILogManager::DispatchEventBroadcast [0x00007FF62B587314+1220276]
	Microsoft::Applications::Events::ILogConfiguration::operator* [0x00007FF62B3558C8+21048]
	Microsoft::Applications::Events::ILogConfiguration::operator* [0x00007FF62B351894+4612]
	Microsoft::Applications::Events::ILogConfiguration::operator* [0x00007FF62B3519C6+4918]
	Microsoft::Applications::Events::EventProperty::~EventProperty [0x00007FF62B345D41+710113]
	BaseThreadInitThunk [0x00007FFA380C257D+29]
	RtlUserThreadStart [0x00007FFA396CAA68+40]

2023-08-24 16:58:48,027 - ERROR - Inventory - Couldn't find the Element to Upload Bill : 
 Message: no such element: Unable to locate element: {"method":"xpath","selector":"//input[@type='file']"}
  (Session info: MicrosoftEdge=116.0.1938.54)
Stacktrace:
	GetHandleVerifier [0x00007FF62B3BB292+61986]
	Microsoft::Applications::Events::EventProperty::~EventProperty [0x00007FF62B34C902+737698]
	(No symbol) [0x00007FF62B12B86E]
	(No symbol) [0x00007FF62B173216]
	(No symbol) [0x00007FF62B173327]
	(No symbol) [0x00007FF62B1AFBF7]
	(No symbol) [0x00007FF62B19386F]
	(No symbol) [0x00007FF62B166F61]
	(No symbol) [0x00007FF62B1ACD41]
	(No symbol) [0x00007FF62B193603]
	(No symbol) [0x00007FF62B165DEA]
	(No symbol) [0x00007FF62B1650CB]
	(No symbol) [0x00007FF62B166574]
	Microsoft::Applications::Events::ILogManager::DispatchEventBroadcast [0x00007FF62B588739+1225433]
	(No symbol) [0x00007FF62B1E4804]
	Microsoft::Applications::Events::EventProperty::~EventProperty [0x00007FF62B2A0151+31217]
	Microsoft::Applications::Events::EventProperty::~EventProperty [0x00007FF62B298D29+1481]
	Microsoft::Applications::Events::ILogManager::DispatchEventBroadcast [0x00007FF62B587314+1220276]
	Microsoft::Applications::Events::ILogConfiguration::operator* [0x00007FF62B3558C8+21048]
	Microsoft::Applications::Events::ILogConfiguration::operator* [0x00007FF62B351894+4612]
	Microsoft::Applications::Events::ILogConfiguration::operator* [0x00007FF62B3519C6+4918]
	Microsoft::Applications::Events::EventProperty::~EventProperty [0x00007FF62B345D41+710113]
	BaseThreadInitThunk [0x00007FFA380C257D+29]
	RtlUserThreadStart [0x00007FFA396CAA68+40]

2023-08-24 16:58:58,075 - ERROR - Inventory - Couldn't find the Element to click Next : 
 Message: 
Stacktrace:
	GetHandleVerifier [0x00007FF62B3BB292+61986]
	Microsoft::Applications::Events::EventProperty::~EventProperty [0x00007FF62B34C902+737698]
	(No symbol) [0x00007FF62B12B86E]
	(No symbol) [0x00007FF62B173216]
	(No symbol) [0x00007FF62B173327]
	(No symbol) [0x00007FF62B1AFBF7]
	(No symbol) [0x00007FF62B19386F]
	(No symbol) [0x00007FF62B166F61]
	(No symbol) [0x00007FF62B1ACD41]
	(No symbol) [0x00007FF62B193603]
	(No symbol) [0x00007FF62B165DEA]
	(No symbol) [0x00007FF62B1650CB]
	(No symbol) [0x00007FF62B166574]
	Microsoft::Applications::Events::ILogManager::DispatchEventBroadcast [0x00007FF62B588739+1225433]
	(No symbol) [0x00007FF62B1E4804]
	Microsoft::Applications::Events::EventProperty::~EventProperty [0x00007FF62B2A0151+31217]
	Microsoft::Applications::Events::EventProperty::~EventProperty [0x00007FF62B298D29+1481]
	Microsoft::Applications::Events::ILogManager::DispatchEventBroadcast [0x00007FF62B587314+1220276]
	Microsoft::Applications::Events::ILogConfiguration::operator* [0x00007FF62B3558C8+21048]
	Microsoft::Applications::Events::ILogConfiguration::operator* [0x00007FF62B351894+4612]
	Microsoft::Applications::Events::ILogConfiguration::operator* [0x00007FF62B3519C6+4918]
	Microsoft::Applications::Events::EventProperty::~EventProperty [0x00007FF62B345D41+710113]
	BaseThreadInitThunk [0x00007FFA380C257D+29]
	RtlUserThreadStart [0x00007FFA396CAA68+40]

2023-08-24 16:59:08,090 - ERROR - Inventory - Couldn't find the Element to Click on Submit : 
 Message: 
Stacktrace:
	GetHandleVerifier [0x00007FF62B3BB292+61986]
	Microsoft::Applications::Events::EventProperty::~EventProperty [0x00007FF62B34C902+737698]
	(No symbol) [0x00007FF62B12B86E]
	(No symbol) [0x00007FF62B173216]
	(No symbol) [0x00007FF62B173327]
	(No symbol) [0x00007FF62B1AFBF7]
	(No symbol) [0x00007FF62B19386F]
	(No symbol) [0x00007FF62B166F61]
	(No symbol) [0x00007FF62B1ACD41]
	(No symbol) [0x00007FF62B193603]
	(No symbol) [0x00007FF62B165DEA]
	(No symbol) [0x00007FF62B1650CB]
	(No symbol) [0x00007FF62B166574]
	Microsoft::Applications::Events::ILogManager::DispatchEventBroadcast [0x00007FF62B588739+1225433]
	(No symbol) [0x00007FF62B1E4804]
	Microsoft::Applications::Events::EventProperty::~EventProperty [0x00007FF62B2A0151+31217]
	Microsoft::Applications::Events::EventProperty::~EventProperty [0x00007FF62B298D29+1481]
	Microsoft::Applications::Events::ILogManager::DispatchEventBroadcast [0x00007FF62B587314+1220276]
	Microsoft::Applications::Events::ILogConfiguration::operator* [0x00007FF62B3558C8+21048]
	Microsoft::Applications::Events::ILogConfiguration::operator* [0x00007FF62B351894+4612]
	Microsoft::Applications::Events::ILogConfiguration::operator* [0x00007FF62B3519C6+4918]
	Microsoft::Applications::Events::EventProperty::~EventProperty [0x00007FF62B345D41+710113]
	BaseThreadInitThunk [0x00007FFA380C257D+29]
	RtlUserThreadStart [0x00007FFA396CAA68+40]

2023-08-25 11:01:17,299 - ERROR - Inventory - Couldn't find the Element to Input Search : 
 Message: no such element: Unable to locate element: {"method":"xpath","selector":"//input[@placeholder='Search Category']"}
  (Session info: chrome=116.0.5845.111)
Stacktrace:
	GetHandleVerifier [0x00E437C3+48947]
	(No symbol) [0x00DD8551]
	(No symbol) [0x00CDC92D]
	(No symbol) [0x00D09E38]
	(No symbol) [0x00D09EFB]
	(No symbol) [0x00D38EF2]
	(No symbol) [0x00D250D4]
	(No symbol) [0x00D375DA]
	(No symbol) [0x00D24E86]
	(No symbol) [0x00D016C7]
	(No symbol) [0x00D0284D]
	GetHandleVerifier [0x0108FDF9+2458985]
	GetHandleVerifier [0x010D744F+2751423]
	GetHandleVerifier [0x010D1361+2726609]
	GetHandleVerifier [0x00EC0680+560624]
	(No symbol) [0x00DE238C]
	(No symbol) [0x00DDE268]
	(No symbol) [0x00DDE392]
	(No symbol) [0x00DD10B7]
	BaseThreadInitThunk [0x76767BA9+25]
	RtlInitializeExceptionChain [0x779BB79B+107]
	RtlClearBits [0x779BB71F+191]

2023-08-25 11:02:19,278 - ERROR - Inventory - Couldn't find the Element to input Payment MethodSS: 
 Message: element click intercepted: Element <div class="ant-select-item-option-content">...</div> is not clickable at point (1091, 682). Other element would receive the click: <div class="ant-col ant-col-12 ant-col-xs-24 ant-col-sm-24 ant-col-lg-12 ant-col-xxl-12" style="padding-left: 25px; padding-right: 25px;">...</div>
  (Session info: chrome=116.0.5845.111)
Stacktrace:
	GetHandleVerifier [0x005937C3+48947]
	(No symbol) [0x00528551]
	(No symbol) [0x0042C92D]
	(No symbol) [0x0045E276]
	(No symbol) [0x0045CF4D]
	(No symbol) [0x0045B74B]
	(No symbol) [0x0045ABA5]
	(No symbol) [0x00453420]
	(No symbol) [0x0047508C]
	(No symbol) [0x00452EB6]
	(No symbol) [0x004753E4]
	(No symbol) [0x004875DA]
	(No symbol) [0x00474E86]
	(No symbol) [0x004516C7]
	(No symbol) [0x0045284D]
	GetHandleVerifier [0x007DFDF9+2458985]
	GetHandleVerifier [0x0082744F+2751423]
	GetHandleVerifier [0x00821361+2726609]
	GetHandleVerifier [0x00610680+560624]
	(No symbol) [0x0053238C]
	(No symbol) [0x0052E268]
	(No symbol) [0x0052E392]
	(No symbol) [0x005210B7]
	BaseThreadInitThunk [0x76767BA9+25]
	RtlInitializeExceptionChain [0x779BB79B+107]
	RtlClearBits [0x779BB71F+191]

