2023-08-04 13:15:15,497 - ERROR - ProductCategory_module - Unable to locate edit button : Message: 

2023-08-04 13:15:44,578 - ERROR - ProductCategory_module - Unable to locate edit button : Message: 

2023-08-04 13:16:34,011 - ERROR - ProductCategory_module - Unable to locate Container box  : Message: 
Stacktrace:
Backtrace:
	GetHandleVerifier [0x00E0A813+48355]
	(No symbol) [0x00D9C4B1]
	(No symbol) [0x00CA5358]
	(No symbol) [0x00CD09A5]
	(No symbol) [0x00CD0B3B]
	(No symbol) [0x00CFE232]
	(No symbol) [0x00CEA784]
	(No symbol) [0x00CFC922]
	(No symbol) [0x00CEA536]
	(No symbol) [0x00CC82DC]
	(No symbol) [0x00CC93DD]
	GetHandleVerifier [0x0106AABD+2539405]
	GetHandleVerifier [0x010AA78F+2800735]
	GetHandleVerifier [0x010A456C+2775612]
	GetHandleVerifier [0x00E951E0+616112]
	(No symbol) [0x00DA5F8C]
	(No symbol) [0x00DA2328]
	(No symbol) [0x00DA240B]
	(No symbol) [0x00D94FF7]
	BaseThreadInitThunk [0x75E07D59+25]
	RtlInitializeExceptionChain [0x774BB79B+107]
	RtlClearBits [0x774BB71F+191]

2023-08-04 13:17:03,016 - ERROR - ProductCategory_module - Unable to locate Container box  : Message: 
Stacktrace:
Backtrace:
	GetHandleVerifier [0x00E0A813+48355]
	(No symbol) [0x00D9C4B1]
	(No symbol) [0x00CA5358]
	(No symbol) [0x00CD09A5]
	(No symbol) [0x00CD0B3B]
	(No symbol) [0x00CFE232]
	(No symbol) [0x00CEA784]
	(No symbol) [0x00CFC922]
	(No symbol) [0x00CEA536]
	(No symbol) [0x00CC82DC]
	(No symbol) [0x00CC93DD]
	GetHandleVerifier [0x0106AABD+2539405]
	GetHandleVerifier [0x010AA78F+2800735]
	GetHandleVerifier [0x010A456C+2775612]
	GetHandleVerifier [0x00E951E0+616112]
	(No symbol) [0x00DA5F8C]
	(No symbol) [0x00DA2328]
	(No symbol) [0x00DA240B]
	(No symbol) [0x00D94FF7]
	BaseThreadInitThunk [0x75E07D59+25]
	RtlInitializeExceptionChain [0x774BB79B+107]
	RtlClearBits [0x774BB71F+191]

2023-08-04 13:18:46,458 - ERROR - ProductCategory_module - Unable to locate Container box  : Message: 
Stacktrace:
Backtrace:
	GetHandleVerifier [0x00E0A813+48355]
	(No symbol) [0x00D9C4B1]
	(No symbol) [0x00CA5358]
	(No symbol) [0x00CD09A5]
	(No symbol) [0x00CD0B3B]
	(No symbol) [0x00CFE232]
	(No symbol) [0x00CEA784]
	(No symbol) [0x00CFC922]
	(No symbol) [0x00CEA536]
	(No symbol) [0x00CC82DC]
	(No symbol) [0x00CC93DD]
	GetHandleVerifier [0x0106AABD+2539405]
	GetHandleVerifier [0x010AA78F+2800735]
	GetHandleVerifier [0x010A456C+2775612]
	GetHandleVerifier [0x00E951E0+616112]
	(No symbol) [0x00DA5F8C]
	(No symbol) [0x00DA2328]
	(No symbol) [0x00DA240B]
	(No symbol) [0x00D94FF7]
	BaseThreadInitThunk [0x75E07D59+25]
	RtlInitializeExceptionChain [0x774BB79B+107]
	RtlClearBits [0x774BB71F+191]

2023-08-04 13:19:13,163 - ERROR - ProductCategory_module - Unable to locate Container box  : Message: 
Stacktrace:
Backtrace:
	GetHandleVerifier [0x00E0A813+48355]
	(No symbol) [0x00D9C4B1]
	(No symbol) [0x00CA5358]
	(No symbol) [0x00CD09A5]
	(No symbol) [0x00CD0B3B]
	(No symbol) [0x00CFE232]
	(No symbol) [0x00CEA784]
	(No symbol) [0x00CFC922]
	(No symbol) [0x00CEA536]
	(No symbol) [0x00CC82DC]
	(No symbol) [0x00CC93DD]
	GetHandleVerifier [0x0106AABD+2539405]
	GetHandleVerifier [0x010AA78F+2800735]
	GetHandleVerifier [0x010A456C+2775612]
	GetHandleVerifier [0x00E951E0+616112]
	(No symbol) [0x00DA5F8C]
	(No symbol) [0x00DA2328]
	(No symbol) [0x00DA240B]
	(No symbol) [0x00D94FF7]
	BaseThreadInitThunk [0x75E07D59+25]
	RtlInitializeExceptionChain [0x774BB79B+107]
	RtlClearBits [0x774BB71F+191]

2023-08-04 13:19:41,364 - ERROR - ProductCategory_module - Unable to locate Container box  : Message: 
Stacktrace:
Backtrace:
	GetHandleVerifier [0x00E0A813+48355]
	(No symbol) [0x00D9C4B1]
	(No symbol) [0x00CA5358]
	(No symbol) [0x00CD09A5]
	(No symbol) [0x00CD0B3B]
	(No symbol) [0x00CFE232]
	(No symbol) [0x00CEA784]
	(No symbol) [0x00CFC922]
	(No symbol) [0x00CEA536]
	(No symbol) [0x00CC82DC]
	(No symbol) [0x00CC93DD]
	GetHandleVerifier [0x0106AABD+2539405]
	GetHandleVerifier [0x010AA78F+2800735]
	GetHandleVerifier [0x010A456C+2775612]
	GetHandleVerifier [0x00E951E0+616112]
	(No symbol) [0x00DA5F8C]
	(No symbol) [0x00DA2328]
	(No symbol) [0x00DA240B]
	(No symbol) [0x00D94FF7]
	BaseThreadInitThunk [0x75E07D59+25]
	RtlInitializeExceptionChain [0x774BB79B+107]
	RtlClearBits [0x774BB71F+191]

2023-08-04 13:20:47,800 - ERROR - ProductCategory_module - Unable to locate view button : Message: 

2023-08-04 13:20:58,295 - ERROR - ProductCategory_module - Unable to locate Container box  : Message: 
Stacktrace:
Backtrace:
	GetHandleVerifier [0x00E0A813+48355]
	(No symbol) [0x00D9C4B1]
	(No symbol) [0x00CA5358]
	(No symbol) [0x00CD09A5]
	(No symbol) [0x00CD0B3B]
	(No symbol) [0x00CFE232]
	(No symbol) [0x00CEA784]
	(No symbol) [0x00CFC922]
	(No symbol) [0x00CEA536]
	(No symbol) [0x00CC82DC]
	(No symbol) [0x00CC93DD]
	GetHandleVerifier [0x0106AABD+2539405]
	GetHandleVerifier [0x010AA78F+2800735]
	GetHandleVerifier [0x010A456C+2775612]
	GetHandleVerifier [0x00E951E0+616112]
	(No symbol) [0x00DA5F8C]
	(No symbol) [0x00DA2328]
	(No symbol) [0x00DA240B]
	(No symbol) [0x00D94FF7]
	BaseThreadInitThunk [0x75E07D59+25]
	RtlInitializeExceptionChain [0x774BB79B+107]
	RtlClearBits [0x774BB71F+191]

2023-08-04 13:21:27,522 - ERROR - ProductCategory_module - Unable to locate Container box  : Message: 
Stacktrace:
Backtrace:
	GetHandleVerifier [0x00E0A813+48355]
	(No symbol) [0x00D9C4B1]
	(No symbol) [0x00CA5358]
	(No symbol) [0x00CD09A5]
	(No symbol) [0x00CD0B3B]
	(No symbol) [0x00CFE232]
	(No symbol) [0x00CEA784]
	(No symbol) [0x00CFC922]
	(No symbol) [0x00CEA536]
	(No symbol) [0x00CC82DC]
	(No symbol) [0x00CC93DD]
	GetHandleVerifier [0x0106AABD+2539405]
	GetHandleVerifier [0x010AA78F+2800735]
	GetHandleVerifier [0x010A456C+2775612]
	GetHandleVerifier [0x00E951E0+616112]
	(No symbol) [0x00DA5F8C]
	(No symbol) [0x00DA2328]
	(No symbol) [0x00DA240B]
	(No symbol) [0x00D94FF7]
	BaseThreadInitThunk [0x75E07D59+25]
	RtlInitializeExceptionChain [0x774BB79B+107]
	RtlClearBits [0x774BB71F+191]

2023-08-04 13:21:50,485 - ERROR - ProductCategory_module - Unable to locate Container box  : Message: 
Stacktrace:
Backtrace:
	GetHandleVerifier [0x00E0A813+48355]
	(No symbol) [0x00D9C4B1]
	(No symbol) [0x00CA5358]
	(No symbol) [0x00CD09A5]
	(No symbol) [0x00CD0B3B]
	(No symbol) [0x00CFE232]
	(No symbol) [0x00CEA784]
	(No symbol) [0x00CFC922]
	(No symbol) [0x00CEA536]
	(No symbol) [0x00CC82DC]
	(No symbol) [0x00CC93DD]
	GetHandleVerifier [0x0106AABD+2539405]
	GetHandleVerifier [0x010AA78F+2800735]
	GetHandleVerifier [0x010A456C+2775612]
	GetHandleVerifier [0x00E951E0+616112]
	(No symbol) [0x00DA5F8C]
	(No symbol) [0x00DA2328]
	(No symbol) [0x00DA240B]
	(No symbol) [0x00D94FF7]
	BaseThreadInitThunk [0x75E07D59+25]
	RtlInitializeExceptionChain [0x774BB79B+107]
	RtlClearBits [0x774BB71F+191]

2023-08-04 13:30:32,551 - ERROR - ProductCategory_module - Unable to locate Container box  : Message: 
Stacktrace:
Backtrace:
	GetHandleVerifier [0x00E0A813+48355]
	(No symbol) [0x00D9C4B1]
	(No symbol) [0x00CA5358]
	(No symbol) [0x00CD09A5]
	(No symbol) [0x00CD0B3B]
	(No symbol) [0x00CFE232]
	(No symbol) [0x00CEA784]
	(No symbol) [0x00CFC922]
	(No symbol) [0x00CEA536]
	(No symbol) [0x00CC82DC]
	(No symbol) [0x00CC93DD]
	GetHandleVerifier [0x0106AABD+2539405]
	GetHandleVerifier [0x010AA78F+2800735]
	GetHandleVerifier [0x010A456C+2775612]
	GetHandleVerifier [0x00E951E0+616112]
	(No symbol) [0x00DA5F8C]
	(No symbol) [0x00DA2328]
	(No symbol) [0x00DA240B]
	(No symbol) [0x00D94FF7]
	BaseThreadInitThunk [0x75E07D59+25]
	RtlInitializeExceptionChain [0x774BB79B+107]
	RtlClearBits [0x774BB71F+191]

2023-08-04 13:31:01,414 - ERROR - ProductCategory_module - Unable to locate Container box  : Message: 
Stacktrace:
Backtrace:
	GetHandleVerifier [0x00E0A813+48355]
	(No symbol) [0x00D9C4B1]
	(No symbol) [0x00CA5358]
	(No symbol) [0x00CD09A5]
	(No symbol) [0x00CD0B3B]
	(No symbol) [0x00CFE232]
	(No symbol) [0x00CEA784]
	(No symbol) [0x00CFC922]
	(No symbol) [0x00CEA536]
	(No symbol) [0x00CC82DC]
	(No symbol) [0x00CC93DD]
	GetHandleVerifier [0x0106AABD+2539405]
	GetHandleVerifier [0x010AA78F+2800735]
	GetHandleVerifier [0x010A456C+2775612]
	GetHandleVerifier [0x00E951E0+616112]
	(No symbol) [0x00DA5F8C]
	(No symbol) [0x00DA2328]
	(No symbol) [0x00DA240B]
	(No symbol) [0x00D94FF7]
	BaseThreadInitThunk [0x75E07D59+25]
	RtlInitializeExceptionChain [0x774BB79B+107]
	RtlClearBits [0x774BB71F+191]

2023-08-04 13:34:56,666 - ERROR - ProductCategory_module - Unable to locate edit button : Message: 

2023-08-04 13:35:28,609 - ERROR - ProductCategory_module - Unable to locate edit button : Message: 

2023-08-04 13:36:54,639 - ERROR - ProductCategory_module - Unable to locate Container box  : Message: 
Stacktrace:
Backtrace:
	GetHandleVerifier [0x00E0A813+48355]
	(No symbol) [0x00D9C4B1]
	(No symbol) [0x00CA5358]
	(No symbol) [0x00CD09A5]
	(No symbol) [0x00CD0B3B]
	(No symbol) [0x00CFE232]
	(No symbol) [0x00CEA784]
	(No symbol) [0x00CFC922]
	(No symbol) [0x00CEA536]
	(No symbol) [0x00CC82DC]
	(No symbol) [0x00CC93DD]
	GetHandleVerifier [0x0106AABD+2539405]
	GetHandleVerifier [0x010AA78F+2800735]
	GetHandleVerifier [0x010A456C+2775612]
	GetHandleVerifier [0x00E951E0+616112]
	(No symbol) [0x00DA5F8C]
	(No symbol) [0x00DA2328]
	(No symbol) [0x00DA240B]
	(No symbol) [0x00D94FF7]
	BaseThreadInitThunk [0x75E07D59+25]
	RtlInitializeExceptionChain [0x774BB79B+107]
	RtlClearBits [0x774BB71F+191]

2023-08-04 13:37:19,961 - ERROR - ProductCategory_module - Unable to locate Container box  : Message: 
Stacktrace:
Backtrace:
	GetHandleVerifier [0x00E0A813+48355]
	(No symbol) [0x00D9C4B1]
	(No symbol) [0x00CA5358]
	(No symbol) [0x00CD09A5]
	(No symbol) [0x00CD0B3B]
	(No symbol) [0x00CFE232]
	(No symbol) [0x00CEA784]
	(No symbol) [0x00CFC922]
	(No symbol) [0x00CEA536]
	(No symbol) [0x00CC82DC]
	(No symbol) [0x00CC93DD]
	GetHandleVerifier [0x0106AABD+2539405]
	GetHandleVerifier [0x010AA78F+2800735]
	GetHandleVerifier [0x010A456C+2775612]
	GetHandleVerifier [0x00E951E0+616112]
	(No symbol) [0x00DA5F8C]
	(No symbol) [0x00DA2328]
	(No symbol) [0x00DA240B]
	(No symbol) [0x00D94FF7]
	BaseThreadInitThunk [0x75E07D59+25]
	RtlInitializeExceptionChain [0x774BB79B+107]
	RtlClearBits [0x774BB71F+191]

2023-08-04 13:37:48,295 - ERROR - ProductCategory_module - Unable to locate view button : Message: 

2023-08-04 13:38:18,319 - ERROR - ProductCategory_module - Unable to locate view button : Message: 

2023-08-04 13:38:46,916 - ERROR - ProductCategory_module - Unable to locate view button : Message: 

2023-08-04 13:39:07,269 - ERROR - ProductCategory_module - Unable to find the Add New + button : Message: element click intercepted: Element <button type="button" class="ant-btn ant-btn-round ant-btn-primary add__button">...</button> is not clickable at point (136, 39). Other element would receive the click: <header class="ant-layout-header" style="display: flex; justify-content: space-between; align-items: center; width: 100%; max-width: 100vw; background: black; isolation: isolate;">...</header>
  (Session info: chrome=115.0.5790.110)
Stacktrace:
Backtrace:
	GetHandleVerifier [0x00E0A813+48355]
	(No symbol) [0x00D9C4B1]
	(No symbol) [0x00CA5358]
	(No symbol) [0x00CD5062]
	(No symbol) [0x00CD3B98]
	(No symbol) [0x00CD239B]
	(No symbol) [0x00CD179E]
	(No symbol) [0x00CC9F5C]
	(No symbol) [0x00CEA73C]
	(No symbol) [0x00CC9A36]
	(No symbol) [0x00CEAA94]
	(No symbol) [0x00CFC922]
	(No symbol) [0x00CEA536]
	(No symbol) [0x00CC82DC]
	(No symbol) [0x00CC93DD]
	GetHandleVerifier [0x0106AABD+2539405]
	GetHandleVerifier [0x010AA78F+2800735]
	GetHandleVerifier [0x010A456C+2775612]
	GetHandleVerifier [0x00E951E0+616112]
	(No symbol) [0x00DA5F8C]
	(No symbol) [0x00DA2328]
	(No symbol) [0x00DA240B]
	(No symbol) [0x00D94FF7]
	BaseThreadInitThunk [0x75E07D59+25]
	RtlInitializeExceptionChain [0x774BB79B+107]
	RtlClearBits [0x774BB71F+191]

2023-08-04 13:39:09,298 - ERROR - ProductCategory_module - Unable to locator to upload Image : Message: no such element: Unable to locate element: {"method":"xpath","selector":"//input[@accept='image/*']"}
  (Session info: chrome=115.0.5790.110)
Stacktrace:
Backtrace:
	GetHandleVerifier [0x00E0A813+48355]
	(No symbol) [0x00D9C4B1]
	(No symbol) [0x00CA5358]
	(No symbol) [0x00CD09A5]
	(No symbol) [0x00CD0B3B]
	(No symbol) [0x00CFE232]
	(No symbol) [0x00CEA784]
	(No symbol) [0x00CFC922]
	(No symbol) [0x00CEA536]
	(No symbol) [0x00CC82DC]
	(No symbol) [0x00CC93DD]
	GetHandleVerifier [0x0106AABD+2539405]
	GetHandleVerifier [0x010AA78F+2800735]
	GetHandleVerifier [0x010A456C+2775612]
	GetHandleVerifier [0x00E951E0+616112]
	(No symbol) [0x00DA5F8C]
	(No symbol) [0x00DA2328]
	(No symbol) [0x00DA240B]
	(No symbol) [0x00D94FF7]
	BaseThreadInitThunk [0x75E07D59+25]
	RtlInitializeExceptionChain [0x774BB79B+107]
	RtlClearBits [0x774BB71F+191]

2023-08-04 13:39:21,320 - ERROR - ProductCategory_module - Unable to locate Category Name input box  : Message: 
Stacktrace:
Backtrace:
	GetHandleVerifier [0x00E0A813+48355]
	(No symbol) [0x00D9C4B1]
	(No symbol) [0x00CA5358]
	(No symbol) [0x00CD09A5]
	(No symbol) [0x00CD0B3B]
	(No symbol) [0x00CFE232]
	(No symbol) [0x00CEA784]
	(No symbol) [0x00CFC922]
	(No symbol) [0x00CEA536]
	(No symbol) [0x00CC82DC]
	(No symbol) [0x00CC93DD]
	GetHandleVerifier [0x0106AABD+2539405]
	GetHandleVerifier [0x010AA78F+2800735]
	GetHandleVerifier [0x010A456C+2775612]
	GetHandleVerifier [0x00E951E0+616112]
	(No symbol) [0x00DA5F8C]
	(No symbol) [0x00DA2328]
	(No symbol) [0x00DA240B]
	(No symbol) [0x00D94FF7]
	BaseThreadInitThunk [0x75E07D59+25]
	RtlInitializeExceptionChain [0x774BB79B+107]
	RtlClearBits [0x774BB71F+191]

2023-08-04 13:39:31,765 - ERROR - ProductCategory_module - Unable to locate Add button : Message: 
Stacktrace:
Backtrace:
	GetHandleVerifier [0x00E0A813+48355]
	(No symbol) [0x00D9C4B1]
	(No symbol) [0x00CA5358]
	(No symbol) [0x00CD09A5]
	(No symbol) [0x00CD0B3B]
	(No symbol) [0x00CFE232]
	(No symbol) [0x00CEA784]
	(No symbol) [0x00CFC922]
	(No symbol) [0x00CEA536]
	(No symbol) [0x00CC82DC]
	(No symbol) [0x00CC93DD]
	GetHandleVerifier [0x0106AABD+2539405]
	GetHandleVerifier [0x010AA78F+2800735]
	GetHandleVerifier [0x010A456C+2775612]
	GetHandleVerifier [0x00E951E0+616112]
	(No symbol) [0x00DA5F8C]
	(No symbol) [0x00DA2328]
	(No symbol) [0x00DA240B]
	(No symbol) [0x00D94FF7]
	BaseThreadInitThunk [0x75E07D59+25]
	RtlInitializeExceptionChain [0x774BB79B+107]
	RtlClearBits [0x774BB71F+191]

2023-08-04 13:39:41,801 - ERROR - ProductCategory_module - Unable to locate Message box  : Message: 
Stacktrace:
Backtrace:
	GetHandleVerifier [0x00E0A813+48355]
	(No symbol) [0x00D9C4B1]
	(No symbol) [0x00CA5358]
	(No symbol) [0x00CD09A5]
	(No symbol) [0x00CD0B3B]
	(No symbol) [0x00CFE232]
	(No symbol) [0x00CEA784]
	(No symbol) [0x00CFC922]
	(No symbol) [0x00CEA536]
	(No symbol) [0x00CC82DC]
	(No symbol) [0x00CC93DD]
	GetHandleVerifier [0x0106AABD+2539405]
	GetHandleVerifier [0x010AA78F+2800735]
	GetHandleVerifier [0x010A456C+2775612]
	GetHandleVerifier [0x00E951E0+616112]
	(No symbol) [0x00DA5F8C]
	(No symbol) [0x00DA2328]
	(No symbol) [0x00DA240B]
	(No symbol) [0x00D94FF7]
	BaseThreadInitThunk [0x75E07D59+25]
	RtlInitializeExceptionChain [0x774BB79B+107]
	RtlClearBits [0x774BB71F+191]

2023-08-04 13:40:02,884 - ERROR - ProductCategory_module - Unable to locate Container box  : Message: 
Stacktrace:
Backtrace:
	GetHandleVerifier [0x00E0A813+48355]
	(No symbol) [0x00D9C4B1]
	(No symbol) [0x00CA5358]
	(No symbol) [0x00CD09A5]
	(No symbol) [0x00CD0B3B]
	(No symbol) [0x00CFE232]
	(No symbol) [0x00CEA784]
	(No symbol) [0x00CFC922]
	(No symbol) [0x00CEA536]
	(No symbol) [0x00CC82DC]
	(No symbol) [0x00CC93DD]
	GetHandleVerifier [0x0106AABD+2539405]
	GetHandleVerifier [0x010AA78F+2800735]
	GetHandleVerifier [0x010A456C+2775612]
	GetHandleVerifier [0x00E951E0+616112]
	(No symbol) [0x00DA5F8C]
	(No symbol) [0x00DA2328]
	(No symbol) [0x00DA240B]
	(No symbol) [0x00D94FF7]
	BaseThreadInitThunk [0x75E07D59+25]
	RtlInitializeExceptionChain [0x774BB79B+107]
	RtlClearBits [0x774BB71F+191]

2023-08-04 13:40:35,906 - ERROR - ProductCategory_module - Unable to locate Container box  : Message: 
Stacktrace:
Backtrace:
	GetHandleVerifier [0x00E0A813+48355]
	(No symbol) [0x00D9C4B1]
	(No symbol) [0x00CA5358]
	(No symbol) [0x00CD09A5]
	(No symbol) [0x00CD0B3B]
	(No symbol) [0x00CFE232]
	(No symbol) [0x00CEA784]
	(No symbol) [0x00CFC922]
	(No symbol) [0x00CEA536]
	(No symbol) [0x00CC82DC]
	(No symbol) [0x00CC93DD]
	GetHandleVerifier [0x0106AABD+2539405]
	GetHandleVerifier [0x010AA78F+2800735]
	GetHandleVerifier [0x010A456C+2775612]
	GetHandleVerifier [0x00E951E0+616112]
	(No symbol) [0x00DA5F8C]
	(No symbol) [0x00DA2328]
	(No symbol) [0x00DA240B]
	(No symbol) [0x00D94FF7]
	BaseThreadInitThunk [0x75E07D59+25]
	RtlInitializeExceptionChain [0x774BB79B+107]
	RtlClearBits [0x774BB71F+191]

2023-08-04 13:41:11,247 - ERROR - ProductCategory_module - Unable to locate Container box  : Message: 
Stacktrace:
Backtrace:
	GetHandleVerifier [0x00E0A813+48355]
	(No symbol) [0x00D9C4B1]
	(No symbol) [0x00CA5358]
	(No symbol) [0x00CD09A5]
	(No symbol) [0x00CD0B3B]
	(No symbol) [0x00CFE232]
	(No symbol) [0x00CEA784]
	(No symbol) [0x00CFC922]
	(No symbol) [0x00CEA536]
	(No symbol) [0x00CC82DC]
	(No symbol) [0x00CC93DD]
	GetHandleVerifier [0x0106AABD+2539405]
	GetHandleVerifier [0x010AA78F+2800735]
	GetHandleVerifier [0x010A456C+2775612]
	GetHandleVerifier [0x00E951E0+616112]
	(No symbol) [0x00DA5F8C]
	(No symbol) [0x00DA2328]
	(No symbol) [0x00DA240B]
	(No symbol) [0x00D94FF7]
	BaseThreadInitThunk [0x75E07D59+25]
	RtlInitializeExceptionChain [0x774BB79B+107]
	RtlClearBits [0x774BB71F+191]

2023-08-04 13:41:43,084 - ERROR - ProductCategory_module - Unable to locate Container box  : Message: 
Stacktrace:
Backtrace:
	GetHandleVerifier [0x00E0A813+48355]
	(No symbol) [0x00D9C4B1]
	(No symbol) [0x00CA5358]
	(No symbol) [0x00CD09A5]
	(No symbol) [0x00CD0B3B]
	(No symbol) [0x00CFE232]
	(No symbol) [0x00CEA784]
	(No symbol) [0x00CFC922]
	(No symbol) [0x00CEA536]
	(No symbol) [0x00CC82DC]
	(No symbol) [0x00CC93DD]
	GetHandleVerifier [0x0106AABD+2539405]
	GetHandleVerifier [0x010AA78F+2800735]
	GetHandleVerifier [0x010A456C+2775612]
	GetHandleVerifier [0x00E951E0+616112]
	(No symbol) [0x00DA5F8C]
	(No symbol) [0x00DA2328]
	(No symbol) [0x00DA240B]
	(No symbol) [0x00D94FF7]
	BaseThreadInitThunk [0x75E07D59+25]
	RtlInitializeExceptionChain [0x774BB79B+107]
	RtlClearBits [0x774BB71F+191]

2023-08-04 13:41:53,869 - ERROR - ProductCategory_module - Unable to locate Add button : Message: 
Stacktrace:
Backtrace:
	GetHandleVerifier [0x00E0A813+48355]
	(No symbol) [0x00D9C4B1]
	(No symbol) [0x00CA5358]
	(No symbol) [0x00CD09A5]
	(No symbol) [0x00CD0B3B]
	(No symbol) [0x00CFE232]
	(No symbol) [0x00CEA784]
	(No symbol) [0x00CFC922]
	(No symbol) [0x00CEA536]
	(No symbol) [0x00CC82DC]
	(No symbol) [0x00CC93DD]
	GetHandleVerifier [0x0106AABD+2539405]
	GetHandleVerifier [0x010AA78F+2800735]
	GetHandleVerifier [0x010A456C+2775612]
	GetHandleVerifier [0x00E951E0+616112]
	(No symbol) [0x00DA5F8C]
	(No symbol) [0x00DA2328]
	(No symbol) [0x00DA240B]
	(No symbol) [0x00D94FF7]
	BaseThreadInitThunk [0x75E07D59+25]
	RtlInitializeExceptionChain [0x774BB79B+107]
	RtlClearBits [0x774BB71F+191]

2023-08-04 13:42:00,186 - ERROR - ProductCategory_module - Unable to locate Message box  : Message: no such window: target window already closed
from unknown error: web view not found
  (Session info: chrome=115.0.5790.110)
Stacktrace:
Backtrace:
	GetHandleVerifier [0x00E0A813+48355]
	(No symbol) [0x00D9C4B1]
	(No symbol) [0x00CA5358]
	(No symbol) [0x00C8D293]
	(No symbol) [0x00CEE37B]
	(No symbol) [0x00CFC473]
	(No symbol) [0x00CEA536]
	(No symbol) [0x00CC82DC]
	(No symbol) [0x00CC93DD]
	GetHandleVerifier [0x0106AABD+2539405]
	GetHandleVerifier [0x010AA78F+2800735]
	GetHandleVerifier [0x010A456C+2775612]
	GetHandleVerifier [0x00E951E0+616112]
	(No symbol) [0x00DA5F8C]
	(No symbol) [0x00DA2328]
	(No symbol) [0x00DA240B]
	(No symbol) [0x00D94FF7]
	BaseThreadInitThunk [0x75E07D59+25]
	RtlInitializeExceptionChain [0x774BB79B+107]
	RtlClearBits [0x774BB71F+191]

2023-08-04 15:09:52,293 - ERROR - ProductCategory_module - Unable to locate edit button : Message: 

2023-08-04 15:10:26,436 - ERROR - ProductCategory_module - Unable to locate edit button : Message: 

2023-08-04 15:12:00,686 - ERROR - ProductCategory_module - Unable to locate Container box  : Message: 
Stacktrace:
Backtrace:
	GetHandleVerifier [0x0042A813+48355]
	(No symbol) [0x003BC4B1]
	(No symbol) [0x002C5358]
	(No symbol) [0x002F09A5]
	(No symbol) [0x002F0B3B]
	(No symbol) [0x0031E232]
	(No symbol) [0x0030A784]
	(No symbol) [0x0031C922]
	(No symbol) [0x0030A536]
	(No symbol) [0x002E82DC]
	(No symbol) [0x002E93DD]
	GetHandleVerifier [0x0068AABD+2539405]
	GetHandleVerifier [0x006CA78F+2800735]
	GetHandleVerifier [0x006C456C+2775612]
	GetHandleVerifier [0x004B51E0+616112]
	(No symbol) [0x003C5F8C]
	(No symbol) [0x003C2328]
	(No symbol) [0x003C240B]
	(No symbol) [0x003B4FF7]
	BaseThreadInitThunk [0x75E07D59+25]
	RtlInitializeExceptionChain [0x774BB79B+107]
	RtlClearBits [0x774BB71F+191]

2023-08-04 15:12:27,968 - ERROR - ProductCategory_module - Unable to locate Container box  : Message: 
Stacktrace:
Backtrace:
	GetHandleVerifier [0x0042A813+48355]
	(No symbol) [0x003BC4B1]
	(No symbol) [0x002C5358]
	(No symbol) [0x002F09A5]
	(No symbol) [0x002F0B3B]
	(No symbol) [0x0031E232]
	(No symbol) [0x0030A784]
	(No symbol) [0x0031C922]
	(No symbol) [0x0030A536]
	(No symbol) [0x002E82DC]
	(No symbol) [0x002E93DD]
	GetHandleVerifier [0x0068AABD+2539405]
	GetHandleVerifier [0x006CA78F+2800735]
	GetHandleVerifier [0x006C456C+2775612]
	GetHandleVerifier [0x004B51E0+616112]
	(No symbol) [0x003C5F8C]
	(No symbol) [0x003C2328]
	(No symbol) [0x003C240B]
	(No symbol) [0x003B4FF7]
	BaseThreadInitThunk [0x75E07D59+25]
	RtlInitializeExceptionChain [0x774BB79B+107]
	RtlClearBits [0x774BB71F+191]

2023-08-04 15:12:57,257 - ERROR - ProductCategory_module - Unable to locate view button : Message: 

2023-08-04 15:13:18,896 - ERROR - ProductCategory_module - Unable to find the Add New + button : Message: element click intercepted: Element <button type="button" class="ant-btn ant-btn-round ant-btn-primary add__button">...</button> is not clickable at point (136, 46). Other element would receive the click: <header class="ant-layout-header" style="display: flex; justify-content: space-between; align-items: center; width: 100%; max-width: 100vw; background: black; isolation: isolate;">...</header>
  (Session info: chrome=115.0.5790.110)
Stacktrace:
Backtrace:
	GetHandleVerifier [0x0042A813+48355]
	(No symbol) [0x003BC4B1]
	(No symbol) [0x002C5358]
	(No symbol) [0x002F5062]
	(No symbol) [0x002F3B98]
	(No symbol) [0x002F239B]
	(No symbol) [0x002F179E]
	(No symbol) [0x002E9F5C]
	(No symbol) [0x0030A73C]
	(No symbol) [0x002E9A36]
	(No symbol) [0x0030AA94]
	(No symbol) [0x0031C922]
	(No symbol) [0x0030A536]
	(No symbol) [0x002E82DC]
	(No symbol) [0x002E93DD]
	GetHandleVerifier [0x0068AABD+2539405]
	GetHandleVerifier [0x006CA78F+2800735]
	GetHandleVerifier [0x006C456C+2775612]
	GetHandleVerifier [0x004B51E0+616112]
	(No symbol) [0x003C5F8C]
	(No symbol) [0x003C2328]
	(No symbol) [0x003C240B]
	(No symbol) [0x003B4FF7]
	BaseThreadInitThunk [0x75E07D59+25]
	RtlInitializeExceptionChain [0x774BB79B+107]
	RtlClearBits [0x774BB71F+191]

2023-08-04 15:13:20,918 - ERROR - ProductCategory_module - Unable to locator to upload Image : Message: no such element: Unable to locate element: {"method":"xpath","selector":"//input[@accept='image/*']"}
  (Session info: chrome=115.0.5790.110)
Stacktrace:
Backtrace:
	GetHandleVerifier [0x0042A813+48355]
	(No symbol) [0x003BC4B1]
	(No symbol) [0x002C5358]
	(No symbol) [0x002F09A5]
	(No symbol) [0x002F0B3B]
	(No symbol) [0x0031E232]
	(No symbol) [0x0030A784]
	(No symbol) [0x0031C922]
	(No symbol) [0x0030A536]
	(No symbol) [0x002E82DC]
	(No symbol) [0x002E93DD]
	GetHandleVerifier [0x0068AABD+2539405]
	GetHandleVerifier [0x006CA78F+2800735]
	GetHandleVerifier [0x006C456C+2775612]
	GetHandleVerifier [0x004B51E0+616112]
	(No symbol) [0x003C5F8C]
	(No symbol) [0x003C2328]
	(No symbol) [0x003C240B]
	(No symbol) [0x003B4FF7]
	BaseThreadInitThunk [0x75E07D59+25]
	RtlInitializeExceptionChain [0x774BB79B+107]
	RtlClearBits [0x774BB71F+191]

2023-08-04 15:13:33,433 - ERROR - ProductCategory_module - Unable to locate Category Name input box  : Message: 
Stacktrace:
Backtrace:
	GetHandleVerifier [0x0042A813+48355]
	(No symbol) [0x003BC4B1]
	(No symbol) [0x002C5358]
	(No symbol) [0x002F09A5]
	(No symbol) [0x002F0B3B]
	(No symbol) [0x0031E232]
	(No symbol) [0x0030A784]
	(No symbol) [0x0031C922]
	(No symbol) [0x0030A536]
	(No symbol) [0x002E82DC]
	(No symbol) [0x002E93DD]
	GetHandleVerifier [0x0068AABD+2539405]
	GetHandleVerifier [0x006CA78F+2800735]
	GetHandleVerifier [0x006C456C+2775612]
	GetHandleVerifier [0x004B51E0+616112]
	(No symbol) [0x003C5F8C]
	(No symbol) [0x003C2328]
	(No symbol) [0x003C240B]
	(No symbol) [0x003B4FF7]
	BaseThreadInitThunk [0x75E07D59+25]
	RtlInitializeExceptionChain [0x774BB79B+107]
	RtlClearBits [0x774BB71F+191]

2023-08-04 15:13:43,945 - ERROR - ProductCategory_module - Unable to locate Add button : Message: 
Stacktrace:
Backtrace:
	GetHandleVerifier [0x0042A813+48355]
	(No symbol) [0x003BC4B1]
	(No symbol) [0x002C5358]
	(No symbol) [0x002F09A5]
	(No symbol) [0x002F0B3B]
	(No symbol) [0x0031E232]
	(No symbol) [0x0030A784]
	(No symbol) [0x0031C922]
	(No symbol) [0x0030A536]
	(No symbol) [0x002E82DC]
	(No symbol) [0x002E93DD]
	GetHandleVerifier [0x0068AABD+2539405]
	GetHandleVerifier [0x006CA78F+2800735]
	GetHandleVerifier [0x006C456C+2775612]
	GetHandleVerifier [0x004B51E0+616112]
	(No symbol) [0x003C5F8C]
	(No symbol) [0x003C2328]
	(No symbol) [0x003C240B]
	(No symbol) [0x003B4FF7]
	BaseThreadInitThunk [0x75E07D59+25]
	RtlInitializeExceptionChain [0x774BB79B+107]
	RtlClearBits [0x774BB71F+191]

2023-08-04 15:13:53,990 - ERROR - ProductCategory_module - Unable to locate Message box  : Message: 
Stacktrace:
Backtrace:
	GetHandleVerifier [0x0042A813+48355]
	(No symbol) [0x003BC4B1]
	(No symbol) [0x002C5358]
	(No symbol) [0x002F09A5]
	(No symbol) [0x002F0B3B]
	(No symbol) [0x0031E232]
	(No symbol) [0x0030A784]
	(No symbol) [0x0031C922]
	(No symbol) [0x0030A536]
	(No symbol) [0x002E82DC]
	(No symbol) [0x002E93DD]
	GetHandleVerifier [0x0068AABD+2539405]
	GetHandleVerifier [0x006CA78F+2800735]
	GetHandleVerifier [0x006C456C+2775612]
	GetHandleVerifier [0x004B51E0+616112]
	(No symbol) [0x003C5F8C]
	(No symbol) [0x003C2328]
	(No symbol) [0x003C240B]
	(No symbol) [0x003B4FF7]
	BaseThreadInitThunk [0x75E07D59+25]
	RtlInitializeExceptionChain [0x774BB79B+107]
	RtlClearBits [0x774BB71F+191]

2023-08-04 15:14:14,327 - ERROR - ProductCategory_module - Unable to locate view button : Message: 

2023-08-04 15:14:42,511 - ERROR - ProductCategory_module - Unable to locate view button : Message: 

2023-08-04 15:15:07,445 - ERROR - ProductCategory_module - Unable to locate Container box  : Message: 
Stacktrace:
Backtrace:
	GetHandleVerifier [0x0042A813+48355]
	(No symbol) [0x003BC4B1]
	(No symbol) [0x002C5358]
	(No symbol) [0x002F09A5]
	(No symbol) [0x002F0B3B]
	(No symbol) [0x0031E232]
	(No symbol) [0x0030A784]
	(No symbol) [0x0031C922]
	(No symbol) [0x0030A536]
	(No symbol) [0x002E82DC]
	(No symbol) [0x002E93DD]
	GetHandleVerifier [0x0068AABD+2539405]
	GetHandleVerifier [0x006CA78F+2800735]
	GetHandleVerifier [0x006C456C+2775612]
	GetHandleVerifier [0x004B51E0+616112]
	(No symbol) [0x003C5F8C]
	(No symbol) [0x003C2328]
	(No symbol) [0x003C240B]
	(No symbol) [0x003B4FF7]
	BaseThreadInitThunk [0x75E07D59+25]
	RtlInitializeExceptionChain [0x774BB79B+107]
	RtlClearBits [0x774BB71F+191]

2023-08-04 15:15:30,516 - ERROR - ProductCategory_module - Unable to locate Container box  : Message: 
Stacktrace:
Backtrace:
	GetHandleVerifier [0x0042A813+48355]
	(No symbol) [0x003BC4B1]
	(No symbol) [0x002C5358]
	(No symbol) [0x002F09A5]
	(No symbol) [0x002F0B3B]
	(No symbol) [0x0031E232]
	(No symbol) [0x0030A784]
	(No symbol) [0x0031C922]
	(No symbol) [0x0030A536]
	(No symbol) [0x002E82DC]
	(No symbol) [0x002E93DD]
	GetHandleVerifier [0x0068AABD+2539405]
	GetHandleVerifier [0x006CA78F+2800735]
	GetHandleVerifier [0x006C456C+2775612]
	GetHandleVerifier [0x004B51E0+616112]
	(No symbol) [0x003C5F8C]
	(No symbol) [0x003C2328]
	(No symbol) [0x003C240B]
	(No symbol) [0x003B4FF7]
	BaseThreadInitThunk [0x75E07D59+25]
	RtlInitializeExceptionChain [0x774BB79B+107]
	RtlClearBits [0x774BB71F+191]

2023-08-04 15:15:56,759 - ERROR - ProductCategory_module - Unable to locate view button : Message: 

2023-08-04 15:16:25,366 - ERROR - ProductCategory_module - Unable to locate view button : Message: 

2023-08-04 15:16:35,867 - ERROR - ProductCategory_module - Unable to locate Container box  : Message: 
Stacktrace:
Backtrace:
	GetHandleVerifier [0x0042A813+48355]
	(No symbol) [0x003BC4B1]
	(No symbol) [0x002C5358]
	(No symbol) [0x002F09A5]
	(No symbol) [0x002F0B3B]
	(No symbol) [0x0031E232]
	(No symbol) [0x0030A784]
	(No symbol) [0x0031C922]
	(No symbol) [0x0030A536]
	(No symbol) [0x002E82DC]
	(No symbol) [0x002E93DD]
	GetHandleVerifier [0x0068AABD+2539405]
	GetHandleVerifier [0x006CA78F+2800735]
	GetHandleVerifier [0x006C456C+2775612]
	GetHandleVerifier [0x004B51E0+616112]
	(No symbol) [0x003C5F8C]
	(No symbol) [0x003C2328]
	(No symbol) [0x003C240B]
	(No symbol) [0x003B4FF7]
	BaseThreadInitThunk [0x75E07D59+25]
	RtlInitializeExceptionChain [0x774BB79B+107]
	RtlClearBits [0x774BB71F+191]

2023-08-04 15:17:07,592 - ERROR - ProductCategory_module - Unable to locate view button : Message: 

2023-08-04 15:17:34,729 - ERROR - ProductCategory_module - Unable to locate view button : Message: 

2023-08-11 13:23:20,998 - ERROR - ProductCategory_module - Unable to locate edit button : Message: 

2023-08-11 13:24:23,736 - ERROR - ProductCategory_module - Unable to locate Container box  : Message: 
Stacktrace:
Backtrace:
	GetHandleVerifier [0x0089A813+48355]
	(No symbol) [0x0082C4B1]
	(No symbol) [0x00735358]
	(No symbol) [0x007609A5]
	(No symbol) [0x00760B3B]
	(No symbol) [0x0078E232]
	(No symbol) [0x0077A784]
	(No symbol) [0x0078C922]
	(No symbol) [0x0077A536]
	(No symbol) [0x007582DC]
	(No symbol) [0x007593DD]
	GetHandleVerifier [0x00AFAABD+2539405]
	GetHandleVerifier [0x00B3A78F+2800735]
	GetHandleVerifier [0x00B3456C+2775612]
	GetHandleVerifier [0x009251E0+616112]
	(No symbol) [0x00835F8C]
	(No symbol) [0x00832328]
	(No symbol) [0x0083240B]
	(No symbol) [0x00824FF7]
	BaseThreadInitThunk [0x761D7D59+25]
	RtlInitializeExceptionChain [0x7706B79B+107]
	RtlClearBits [0x7706B71F+191]

2023-08-11 13:24:56,592 - ERROR - ProductCategory_module - Unable to locate Container box  : Message: 
Stacktrace:
Backtrace:
	GetHandleVerifier [0x0089A813+48355]
	(No symbol) [0x0082C4B1]
	(No symbol) [0x00735358]
	(No symbol) [0x007609A5]
	(No symbol) [0x00760B3B]
	(No symbol) [0x0078E232]
	(No symbol) [0x0077A784]
	(No symbol) [0x0078C922]
	(No symbol) [0x0077A536]
	(No symbol) [0x007582DC]
	(No symbol) [0x007593DD]
	GetHandleVerifier [0x00AFAABD+2539405]
	GetHandleVerifier [0x00B3A78F+2800735]
	GetHandleVerifier [0x00B3456C+2775612]
	GetHandleVerifier [0x009251E0+616112]
	(No symbol) [0x00835F8C]
	(No symbol) [0x00832328]
	(No symbol) [0x0083240B]
	(No symbol) [0x00824FF7]
	BaseThreadInitThunk [0x761D7D59+25]
	RtlInitializeExceptionChain [0x7706B79B+107]
	RtlClearBits [0x7706B71F+191]

2023-08-11 13:25:15,285 - ERROR - ProductCategory_module - Unable to find the Add New + button : Message: element click intercepted: Element <button type="button" class="ant-btn ant-btn-round ant-btn-primary add__button">...</button> is not clickable at point (136, 43). Other element would receive the click: <header class="ant-layout-header" style="display: flex; justify-content: space-between; align-items: center; width: 100%; max-width: 100vw; background: black; isolation: isolate;">...</header>
  (Session info: chrome=115.0.5790.171)
Stacktrace:
Backtrace:
	GetHandleVerifier [0x0089A813+48355]
	(No symbol) [0x0082C4B1]
	(No symbol) [0x00735358]
	(No symbol) [0x00765062]
	(No symbol) [0x00763B98]
	(No symbol) [0x0076239B]
	(No symbol) [0x0076179E]
	(No symbol) [0x00759F5C]
	(No symbol) [0x0077A73C]
	(No symbol) [0x00759A36]
	(No symbol) [0x0077AA94]
	(No symbol) [0x0078C922]
	(No symbol) [0x0077A536]
	(No symbol) [0x007582DC]
	(No symbol) [0x007593DD]
	GetHandleVerifier [0x00AFAABD+2539405]
	GetHandleVerifier [0x00B3A78F+2800735]
	GetHandleVerifier [0x00B3456C+2775612]
	GetHandleVerifier [0x009251E0+616112]
	(No symbol) [0x00835F8C]
	(No symbol) [0x00832328]
	(No symbol) [0x0083240B]
	(No symbol) [0x00824FF7]
	BaseThreadInitThunk [0x761D7D59+25]
	RtlInitializeExceptionChain [0x7706B79B+107]
	RtlClearBits [0x7706B71F+191]

2023-08-11 13:25:17,323 - ERROR - ProductCategory_module - Unable to locator to upload Image : Message: no such element: Unable to locate element: {"method":"xpath","selector":"//input[@accept='image/*']"}
  (Session info: chrome=115.0.5790.171)
Stacktrace:
Backtrace:
	GetHandleVerifier [0x0089A813+48355]
	(No symbol) [0x0082C4B1]
	(No symbol) [0x00735358]
	(No symbol) [0x007609A5]
	(No symbol) [0x00760B3B]
	(No symbol) [0x0078E232]
	(No symbol) [0x0077A784]
	(No symbol) [0x0078C922]
	(No symbol) [0x0077A536]
	(No symbol) [0x007582DC]
	(No symbol) [0x007593DD]
	GetHandleVerifier [0x00AFAABD+2539405]
	GetHandleVerifier [0x00B3A78F+2800735]
	GetHandleVerifier [0x00B3456C+2775612]
	GetHandleVerifier [0x009251E0+616112]
	(No symbol) [0x00835F8C]
	(No symbol) [0x00832328]
	(No symbol) [0x0083240B]
	(No symbol) [0x00824FF7]
	BaseThreadInitThunk [0x761D7D59+25]
	RtlInitializeExceptionChain [0x7706B79B+107]
	RtlClearBits [0x7706B71F+191]

2023-08-11 13:25:29,817 - ERROR - ProductCategory_module - Unable to locate Category Name input box  : Message: 
Stacktrace:
Backtrace:
	GetHandleVerifier [0x0089A813+48355]
	(No symbol) [0x0082C4B1]
	(No symbol) [0x00735358]
	(No symbol) [0x007609A5]
	(No symbol) [0x00760B3B]
	(No symbol) [0x0078E232]
	(No symbol) [0x0077A784]
	(No symbol) [0x0078C922]
	(No symbol) [0x0077A536]
	(No symbol) [0x007582DC]
	(No symbol) [0x007593DD]
	GetHandleVerifier [0x00AFAABD+2539405]
	GetHandleVerifier [0x00B3A78F+2800735]
	GetHandleVerifier [0x00B3456C+2775612]
	GetHandleVerifier [0x009251E0+616112]
	(No symbol) [0x00835F8C]
	(No symbol) [0x00832328]
	(No symbol) [0x0083240B]
	(No symbol) [0x00824FF7]
	BaseThreadInitThunk [0x761D7D59+25]
	RtlInitializeExceptionChain [0x7706B79B+107]
	RtlClearBits [0x7706B71F+191]

2023-08-11 13:25:44,588 - ERROR - ProductCategory_module - Unable to locate Message box  : Message: 
Stacktrace:
Backtrace:
	GetHandleVerifier [0x0089A813+48355]
	(No symbol) [0x0082C4B1]
	(No symbol) [0x00735358]
	(No symbol) [0x007609A5]
	(No symbol) [0x00760B3B]
	(No symbol) [0x0078E232]
	(No symbol) [0x0077A784]
	(No symbol) [0x0078C922]
	(No symbol) [0x0077A536]
	(No symbol) [0x007582DC]
	(No symbol) [0x007593DD]
	GetHandleVerifier [0x00AFAABD+2539405]
	GetHandleVerifier [0x00B3A78F+2800735]
	GetHandleVerifier [0x00B3456C+2775612]
	GetHandleVerifier [0x009251E0+616112]
	(No symbol) [0x00835F8C]
	(No symbol) [0x00832328]
	(No symbol) [0x0083240B]
	(No symbol) [0x00824FF7]
	BaseThreadInitThunk [0x761D7D59+25]
	RtlInitializeExceptionChain [0x7706B79B+107]
	RtlClearBits [0x7706B71F+191]

2023-08-11 13:27:10,837 - ERROR - ProductCategory_module - Unable to locate Container box  : Message: 
Stacktrace:
Backtrace:
	GetHandleVerifier [0x0089A813+48355]
	(No symbol) [0x0082C4B1]
	(No symbol) [0x00735358]
	(No symbol) [0x007609A5]
	(No symbol) [0x00760B3B]
	(No symbol) [0x0078E232]
	(No symbol) [0x0077A784]
	(No symbol) [0x0078C922]
	(No symbol) [0x0077A536]
	(No symbol) [0x007582DC]
	(No symbol) [0x007593DD]
	GetHandleVerifier [0x00AFAABD+2539405]
	GetHandleVerifier [0x00B3A78F+2800735]
	GetHandleVerifier [0x00B3456C+2775612]
	GetHandleVerifier [0x009251E0+616112]
	(No symbol) [0x00835F8C]
	(No symbol) [0x00832328]
	(No symbol) [0x0083240B]
	(No symbol) [0x00824FF7]
	BaseThreadInitThunk [0x761D7D59+25]
	RtlInitializeExceptionChain [0x7706B79B+107]
	RtlClearBits [0x7706B71F+191]

2023-08-11 13:27:23,293 - ERROR - ProductCategory_module - Unable to locate edit button : Message: 

2023-08-11 13:27:47,056 - ERROR - ProductCategory_module - Unable to locate Container box  : Message: 
Stacktrace:
Backtrace:
	GetHandleVerifier [0x0089A813+48355]
	(No symbol) [0x0082C4B1]
	(No symbol) [0x00735358]
	(No symbol) [0x007609A5]
	(No symbol) [0x00760B3B]
	(No symbol) [0x0078E232]
	(No symbol) [0x0077A784]
	(No symbol) [0x0078C922]
	(No symbol) [0x0077A536]
	(No symbol) [0x007582DC]
	(No symbol) [0x007593DD]
	GetHandleVerifier [0x00AFAABD+2539405]
	GetHandleVerifier [0x00B3A78F+2800735]
	GetHandleVerifier [0x00B3456C+2775612]
	GetHandleVerifier [0x009251E0+616112]
	(No symbol) [0x00835F8C]
	(No symbol) [0x00832328]
	(No symbol) [0x0083240B]
	(No symbol) [0x00824FF7]
	BaseThreadInitThunk [0x761D7D59+25]
	RtlInitializeExceptionChain [0x7706B79B+107]
	RtlClearBits [0x7706B71F+191]

2023-08-18 13:31:17,906 - ERROR - ProductCategory_module - Unable to locate edit button : Message: 

2023-08-18 13:33:00,350 - ERROR - ProductCategory_module - Unable to find the Add New + button : Message: element click intercepted: Element <button type="button" class="ant-btn ant-btn-round ant-btn-primary add__button">...</button> is not clickable at point (136, 43). Other element would receive the click: <header class="ant-layout-header" style="display: flex; justify-content: space-between; align-items: center; width: 100%; max-width: 100vw; background: black; isolation: isolate;">...</header>
  (Session info: chrome=115.0.5790.173)
Stacktrace:
Backtrace:
	GetHandleVerifier [0x004BA813+48355]
	(No symbol) [0x0044C4B1]
	(No symbol) [0x00355358]
	(No symbol) [0x00385062]
	(No symbol) [0x00383B98]
	(No symbol) [0x0038239B]
	(No symbol) [0x0038179E]
	(No symbol) [0x00379F5C]
	(No symbol) [0x0039A73C]
	(No symbol) [0x00379A36]
	(No symbol) [0x0039AA94]
	(No symbol) [0x003AC922]
	(No symbol) [0x0039A536]
	(No symbol) [0x003782DC]
	(No symbol) [0x003793DD]
	GetHandleVerifier [0x0071AABD+2539405]
	GetHandleVerifier [0x0075A78F+2800735]
	GetHandleVerifier [0x0075456C+2775612]
	GetHandleVerifier [0x005451E0+616112]
	(No symbol) [0x00455F8C]
	(No symbol) [0x00452328]
	(No symbol) [0x0045240B]
	(No symbol) [0x00444FF7]
	BaseThreadInitThunk [0x75167D59+25]
	RtlInitializeExceptionChain [0x7702B79B+107]
	RtlClearBits [0x7702B71F+191]

2023-08-18 13:33:02,392 - ERROR - ProductCategory_module - Unable to locator to upload Image : Message: no such element: Unable to locate element: {"method":"xpath","selector":"//input[@accept='image/*']"}
  (Session info: chrome=115.0.5790.173)
Stacktrace:
Backtrace:
	GetHandleVerifier [0x004BA813+48355]
	(No symbol) [0x0044C4B1]
	(No symbol) [0x00355358]
	(No symbol) [0x003809A5]
	(No symbol) [0x00380B3B]
	(No symbol) [0x003AE232]
	(No symbol) [0x0039A784]
	(No symbol) [0x003AC922]
	(No symbol) [0x0039A536]
	(No symbol) [0x003782DC]
	(No symbol) [0x003793DD]
	GetHandleVerifier [0x0071AABD+2539405]
	GetHandleVerifier [0x0075A78F+2800735]
	GetHandleVerifier [0x0075456C+2775612]
	GetHandleVerifier [0x005451E0+616112]
	(No symbol) [0x00455F8C]
	(No symbol) [0x00452328]
	(No symbol) [0x0045240B]
	(No symbol) [0x00444FF7]
	BaseThreadInitThunk [0x75167D59+25]
	RtlInitializeExceptionChain [0x7702B79B+107]
	RtlClearBits [0x7702B71F+191]

2023-08-18 13:33:22,876 - ERROR - ProductCategory_module - Unable to find the Add New + button : Message: element click intercepted: Element <button type="button" class="ant-btn ant-btn-round ant-btn-primary add__button">...</button> is not clickable at point (136, 21). Other element would receive the click: <header class="ant-layout-header" style="display: flex; justify-content: space-between; align-items: center; width: 100%; max-width: 100vw; background: black; isolation: isolate;">...</header>
  (Session info: chrome=115.0.5790.173)
Stacktrace:
Backtrace:
	GetHandleVerifier [0x004BA813+48355]
	(No symbol) [0x0044C4B1]
	(No symbol) [0x00355358]
	(No symbol) [0x00385062]
	(No symbol) [0x00383B98]
	(No symbol) [0x0038239B]
	(No symbol) [0x0038179E]
	(No symbol) [0x00379F5C]
	(No symbol) [0x0039A73C]
	(No symbol) [0x00379A36]
	(No symbol) [0x0039AA94]
	(No symbol) [0x003AC922]
	(No symbol) [0x0039A536]
	(No symbol) [0x003782DC]
	(No symbol) [0x003793DD]
	GetHandleVerifier [0x0071AABD+2539405]
	GetHandleVerifier [0x0075A78F+2800735]
	GetHandleVerifier [0x0075456C+2775612]
	GetHandleVerifier [0x005451E0+616112]
	(No symbol) [0x00455F8C]
	(No symbol) [0x00452328]
	(No symbol) [0x0045240B]
	(No symbol) [0x00444FF7]
	BaseThreadInitThunk [0x75167D59+25]
	RtlInitializeExceptionChain [0x7702B79B+107]
	RtlClearBits [0x7702B71F+191]

2023-08-18 13:35:13,212 - ERROR - ProductCategory_module - Unable to locate edit button : Message: 

2023-08-25 14:33:14,231 - ERROR - ProductCategory_module - Unable to locate Message box  : Message: 
Stacktrace:
	GetHandleVerifier [0x00F937C3+48947]
	(No symbol) [0x00F28551]
	(No symbol) [0x00E2C92D]
	(No symbol) [0x00E59E38]
	(No symbol) [0x00E59EFB]
	(No symbol) [0x00E88EF2]
	(No symbol) [0x00E750D4]
	(No symbol) [0x00E875DA]
	(No symbol) [0x00E74E86]
	(No symbol) [0x00E516C7]
	(No symbol) [0x00E5284D]
	GetHandleVerifier [0x011DFDF9+2458985]
	GetHandleVerifier [0x0122744F+2751423]
	GetHandleVerifier [0x01221361+2726609]
	GetHandleVerifier [0x01010680+560624]
	(No symbol) [0x00F3238C]
	(No symbol) [0x00F2E268]
	(No symbol) [0x00F2E392]
	(No symbol) [0x00F210B7]
	BaseThreadInitThunk [0x76767BA9+25]
	RtlInitializeExceptionChain [0x779BB79B+107]
	RtlClearBits [0x779BB71F+191]

2023-08-25 14:42:22,907 - ERROR - ProductCategory_module - Unable to locate view button : Message: 

2023-08-25 14:43:07,661 - ERROR - ProductCategory_module - Unable to locate view button : Message: 

2023-08-25 14:43:54,207 - ERROR - ProductCategory_module - Unable to locate view button : Message: 

2023-08-25 14:44:37,110 - ERROR - ProductCategory_module - Unable to locate view button : Message: 

2023-08-25 14:45:22,479 - ERROR - ProductCategory_module - Unable to locate view button : Message: 

2023-08-25 14:46:38,118 - ERROR - ProductCategory_module - Unable to locate Container box  : Message: 
Stacktrace:
	GetHandleVerifier [0x007D37C3+48947]
	(No symbol) [0x00768551]
	(No symbol) [0x0066C92D]
	(No symbol) [0x00699E38]
	(No symbol) [0x00699EFB]
	(No symbol) [0x006C8EF2]
	(No symbol) [0x006B50D4]
	(No symbol) [0x006C75DA]
	(No symbol) [0x006B4E86]
	(No symbol) [0x006916C7]
	(No symbol) [0x0069284D]
	GetHandleVerifier [0x00A1FDF9+2458985]
	GetHandleVerifier [0x00A6744F+2751423]
	GetHandleVerifier [0x00A61361+2726609]
	GetHandleVerifier [0x00850680+560624]
	(No symbol) [0x0077238C]
	(No symbol) [0x0076E268]
	(No symbol) [0x0076E392]
	(No symbol) [0x007610B7]
	BaseThreadInitThunk [0x76767BA9+25]
	RtlInitializeExceptionChain [0x779BB79B+107]
	RtlClearBits [0x779BB71F+191]

2023-08-25 14:46:48,205 - ERROR - ProductCategory_module - Unable to locate Container box  : Message: 
Stacktrace:
	GetHandleVerifier [0x007D37C3+48947]
	(No symbol) [0x00768551]
	(No symbol) [0x0066C92D]
	(No symbol) [0x00699E38]
	(No symbol) [0x00699EFB]
	(No symbol) [0x006C8EF2]
	(No symbol) [0x006B50D4]
	(No symbol) [0x006C75DA]
	(No symbol) [0x006B4E86]
	(No symbol) [0x006916C7]
	(No symbol) [0x0069284D]
	GetHandleVerifier [0x00A1FDF9+2458985]
	GetHandleVerifier [0x00A6744F+2751423]
	GetHandleVerifier [0x00A61361+2726609]
	GetHandleVerifier [0x00850680+560624]
	(No symbol) [0x0077238C]
	(No symbol) [0x0076E268]
	(No symbol) [0x0076E392]
	(No symbol) [0x007610B7]
	BaseThreadInitThunk [0x76767BA9+25]
	RtlInitializeExceptionChain [0x779BB79B+107]
	RtlClearBits [0x779BB71F+191]

2023-08-25 14:50:21,284 - ERROR - ProductCategory_module - Unable to locate Container box  : Message: 
Stacktrace:
	GetHandleVerifier [0x00BD37C3+48947]
	(No symbol) [0x00B68551]
	(No symbol) [0x00A6C92D]
	(No symbol) [0x00A99E38]
	(No symbol) [0x00A99EFB]
	(No symbol) [0x00AC8EF2]
	(No symbol) [0x00AB50D4]
	(No symbol) [0x00AC75DA]
	(No symbol) [0x00AB4E86]
	(No symbol) [0x00A916C7]
	(No symbol) [0x00A9284D]
	GetHandleVerifier [0x00E1FDF9+2458985]
	GetHandleVerifier [0x00E6744F+2751423]
	GetHandleVerifier [0x00E61361+2726609]
	GetHandleVerifier [0x00C50680+560624]
	(No symbol) [0x00B7238C]
	(No symbol) [0x00B6E268]
	(No symbol) [0x00B6E392]
	(No symbol) [0x00B610B7]
	BaseThreadInitThunk [0x76767BA9+25]
	RtlInitializeExceptionChain [0x779BB79B+107]
	RtlClearBits [0x779BB71F+191]

2023-08-25 14:51:02,687 - ERROR - ProductCategory_module - Unable to locate view button : Message: 

2023-08-25 14:51:45,670 - ERROR - ProductCategory_module - Unable to locate view button : Message: 

2023-08-25 14:52:29,369 - ERROR - ProductCategory_module - Unable to locate Container box  : Message: 
Stacktrace:
	GetHandleVerifier [0x008037C3+48947]
	(No symbol) [0x00798551]
	(No symbol) [0x0069C92D]
	(No symbol) [0x006C9E38]
	(No symbol) [0x006C9EFB]
	(No symbol) [0x006F8EF2]
	(No symbol) [0x006E50D4]
	(No symbol) [0x006F75DA]
	(No symbol) [0x006E4E86]
	(No symbol) [0x006C16C7]
	(No symbol) [0x006C284D]
	GetHandleVerifier [0x00A4FDF9+2458985]
	GetHandleVerifier [0x00A9744F+2751423]
	GetHandleVerifier [0x00A91361+2726609]
	GetHandleVerifier [0x00880680+560624]
	(No symbol) [0x007A238C]
	(No symbol) [0x0079E268]
	(No symbol) [0x0079E392]
	(No symbol) [0x007910B7]
	BaseThreadInitThunk [0x76767BA9+25]
	RtlInitializeExceptionChain [0x779BB79B+107]
	RtlClearBits [0x779BB71F+191]

