2023-07-14 10:10:33,899 - ERROR - Order_module - Failed to get Header Text Message: 
Stacktrace:
Backtrace:
	GetHandleVerifier [0x0102A813+48355]
	(No symbol) [0x00FBC4B1]
	(No symbol) [0x00EC5358]
	(No symbol) [0x00EF09A5]
	(No symbol) [0x00EF0B3B]
	(No symbol) [0x00F1E232]
	(No symbol) [0x00F0A784]
	(No symbol) [0x00F1C922]
	(No symbol) [0x00F0A536]
	(No symbol) [0x00EE82DC]
	(No symbol) [0x00EE93DD]
	GetHandleVerifier [0x0128AABD+2539405]
	GetHandleVerifier [0x012CA78F+2800735]
	GetHandleVerifier [0x012C456C+2775612]
	GetHandleVerifier [0x010B51E0+616112]
	(No symbol) [0x00FC5F8C]
	(No symbol) [0x00FC2328]
	(No symbol) [0x00FC240B]
	(No symbol) [0x00FB4FF7]
	BaseThreadInitThunk [0x76467D59+25]
	RtlInitializeExceptionChain [0x76F5B79B+107]
	RtlClearBits [0x76F5B71F+191]

2023-07-14 10:10:33,931 - ERROR - Order_module - Couldn't find the Element for OTP input : 
 Message: no such element: Unable to locate element: {"method":"xpath","selector":"//input[@class='ant-input input-field']"}
  (Session info: chrome=114.0.5735.199)
Stacktrace:
Backtrace:
	GetHandleVerifier [0x0102A813+48355]
	(No symbol) [0x00FBC4B1]
	(No symbol) [0x00EC5358]
	(No symbol) [0x00EF09A5]
	(No symbol) [0x00EF0B3B]
	(No symbol) [0x00F1E232]
	(No symbol) [0x00F0A784]
	(No symbol) [0x00F1C922]
	(No symbol) [0x00F0A536]
	(No symbol) [0x00EE82DC]
	(No symbol) [0x00EE93DD]
	GetHandleVerifier [0x0128AABD+2539405]
	GetHandleVerifier [0x012CA78F+2800735]
	GetHandleVerifier [0x012C456C+2775612]
	GetHandleVerifier [0x010B51E0+616112]
	(No symbol) [0x00FC5F8C]
	(No symbol) [0x00FC2328]
	(No symbol) [0x00FC240B]
	(No symbol) [0x00FB4FF7]
	BaseThreadInitThunk [0x76467D59+25]
	RtlInitializeExceptionChain [0x76F5B79B+107]
	RtlClearBits [0x76F5B71F+191]

2023-07-14 10:10:48,990 - ERROR - Order_module - Couldn't find the Element to Submit OTP: 
 Message: 
Stacktrace:
Backtrace:
	GetHandleVerifier [0x0102A813+48355]
	(No symbol) [0x00FBC4B1]
	(No symbol) [0x00EC5358]
	(No symbol) [0x00EF09A5]
	(No symbol) [0x00EF0B3B]
	(No symbol) [0x00F1E232]
	(No symbol) [0x00F0A784]
	(No symbol) [0x00F1C922]
	(No symbol) [0x00F0A536]
	(No symbol) [0x00EE82DC]
	(No symbol) [0x00EE93DD]
	GetHandleVerifier [0x0128AABD+2539405]
	GetHandleVerifier [0x012CA78F+2800735]
	GetHandleVerifier [0x012C456C+2775612]
	GetHandleVerifier [0x010B51E0+616112]
	(No symbol) [0x00FC5F8C]
	(No symbol) [0x00FC2328]
	(No symbol) [0x00FC240B]
	(No symbol) [0x00FB4FF7]
	BaseThreadInitThunk [0x76467D59+25]
	RtlInitializeExceptionChain [0x76F5B79B+107]
	RtlClearBits [0x76F5B71F+191]

2023-07-14 10:11:04,055 - ERROR - Order_module - Couldn't find the Element to Verify Order Submit : 
 Message: 
Stacktrace:
Backtrace:
	GetHandleVerifier [0x0102A813+48355]
	(No symbol) [0x00FBC4B1]
	(No symbol) [0x00EC5358]
	(No symbol) [0x00EF09A5]
	(No symbol) [0x00EF0B3B]
	(No symbol) [0x00F1E232]
	(No symbol) [0x00F0A784]
	(No symbol) [0x00F1C922]
	(No symbol) [0x00F0A536]
	(No symbol) [0x00EE82DC]
	(No symbol) [0x00EE93DD]
	GetHandleVerifier [0x0128AABD+2539405]
	GetHandleVerifier [0x012CA78F+2800735]
	GetHandleVerifier [0x012C456C+2775612]
	GetHandleVerifier [0x010B51E0+616112]
	(No symbol) [0x00FC5F8C]
	(No symbol) [0x00FC2328]
	(No symbol) [0x00FC240B]
	(No symbol) [0x00FB4FF7]
	BaseThreadInitThunk [0x76467D59+25]
	RtlInitializeExceptionChain [0x76F5B79B+107]
	RtlClearBits [0x76F5B71F+191]

2023-07-14 10:11:14,181 - ERROR - Order_module - Couldn't find the Element for Navigation to Order List : 
 Message: 
Stacktrace:
Backtrace:
	GetHandleVerifier [0x0102A813+48355]
	(No symbol) [0x00FBC4B1]
	(No symbol) [0x00EC5358]
	(No symbol) [0x00EF09A5]
	(No symbol) [0x00EF0B3B]
	(No symbol) [0x00F1E232]
	(No symbol) [0x00F0A784]
	(No symbol) [0x00F1C922]
	(No symbol) [0x00F0A536]
	(No symbol) [0x00EE82DC]
	(No symbol) [0x00EE93DD]
	GetHandleVerifier [0x0128AABD+2539405]
	GetHandleVerifier [0x012CA78F+2800735]
	GetHandleVerifier [0x012C456C+2775612]
	GetHandleVerifier [0x010B51E0+616112]
	(No symbol) [0x00FC5F8C]
	(No symbol) [0x00FC2328]
	(No symbol) [0x00FC240B]
	(No symbol) [0x00FB4FF7]
	BaseThreadInitThunk [0x76467D59+25]
	RtlInitializeExceptionChain [0x76F5B79B+107]
	RtlClearBits [0x76F5B71F+191]

2023-07-14 10:11:24,314 - ERROR - Order_module - Couldn't find the Element for Navigation to Store : 
 Message: 
Stacktrace:
Backtrace:
	GetHandleVerifier [0x0102A813+48355]
	(No symbol) [0x00FBC4B1]
	(No symbol) [0x00EC5358]
	(No symbol) [0x00EF09A5]
	(No symbol) [0x00EF0B3B]
	(No symbol) [0x00F1E232]
	(No symbol) [0x00F0A784]
	(No symbol) [0x00F1C922]
	(No symbol) [0x00F0A536]
	(No symbol) [0x00EE82DC]
	(No symbol) [0x00EE93DD]
	GetHandleVerifier [0x0128AABD+2539405]
	GetHandleVerifier [0x012CA78F+2800735]
	GetHandleVerifier [0x012C456C+2775612]
	GetHandleVerifier [0x010B51E0+616112]
	(No symbol) [0x00FC5F8C]
	(No symbol) [0x00FC2328]
	(No symbol) [0x00FC240B]
	(No symbol) [0x00FB4FF7]
	BaseThreadInitThunk [0x76467D59+25]
	RtlInitializeExceptionChain [0x76F5B79B+107]
	RtlClearBits [0x76F5B71F+191]

2023-07-14 10:11:34,434 - ERROR - Order_module - Couldn't find the Element for Latest Store ID : 
 Message: 
Stacktrace:
Backtrace:
	GetHandleVerifier [0x0102A813+48355]
	(No symbol) [0x00FBC4B1]
	(No symbol) [0x00EC5358]
	(No symbol) [0x00EF09A5]
	(No symbol) [0x00EF0B3B]
	(No symbol) [0x00F1E232]
	(No symbol) [0x00F0A784]
	(No symbol) [0x00F1C922]
	(No symbol) [0x00F0A536]
	(No symbol) [0x00EE82DC]
	(No symbol) [0x00EE93DD]
	GetHandleVerifier [0x0128AABD+2539405]
	GetHandleVerifier [0x012CA78F+2800735]
	GetHandleVerifier [0x012C456C+2775612]
	GetHandleVerifier [0x010B51E0+616112]
	(No symbol) [0x00FC5F8C]
	(No symbol) [0x00FC2328]
	(No symbol) [0x00FC240B]
	(No symbol) [0x00FB4FF7]
	BaseThreadInitThunk [0x76467D59+25]
	RtlInitializeExceptionChain [0x76F5B79B+107]
	RtlClearBits [0x76F5B71F+191]

2023-07-14 10:15:31,922 - ERROR - Order_module - Failed in Select Product name Message: 
Stacktrace:
Backtrace:
	GetHandleVerifier [0x0102A813+48355]
	(No symbol) [0x00FBC4B1]
	(No symbol) [0x00EC5358]
	(No symbol) [0x00EF09A5]
	(No symbol) [0x00EF0B3B]
	(No symbol) [0x00F1E232]
	(No symbol) [0x00F0A784]
	(No symbol) [0x00F1C922]
	(No symbol) [0x00F0A536]
	(No symbol) [0x00EE82DC]
	(No symbol) [0x00EE93DD]
	GetHandleVerifier [0x0128AABD+2539405]
	GetHandleVerifier [0x012CA78F+2800735]
	GetHandleVerifier [0x012C456C+2775612]
	GetHandleVerifier [0x010B51E0+616112]
	(No symbol) [0x00FC5F8C]
	(No symbol) [0x00FC2328]
	(No symbol) [0x00FC240B]
	(No symbol) [0x00FB4FF7]
	BaseThreadInitThunk [0x76467D59+25]
	RtlInitializeExceptionChain [0x76F5B79B+107]
	RtlClearBits [0x76F5B71F+191]

2023-07-14 10:15:39,634 - ERROR - Order_module - Failed in Select Leather Size Message: element click intercepted: Element <span class="ant-select-selection-search">...</span> is not clickable at point (556, 680). Other element would receive the click: <div class="ant-select-item-option-content">...</div>
  (Session info: chrome=114.0.5735.199)
Stacktrace:
Backtrace:
	GetHandleVerifier [0x0102A813+48355]
	(No symbol) [0x00FBC4B1]
	(No symbol) [0x00EC5358]
	(No symbol) [0x00EF5062]
	(No symbol) [0x00EF3B98]
	(No symbol) [0x00EF239B]
	(No symbol) [0x00EF179E]
	(No symbol) [0x00EE9F5C]
	(No symbol) [0x00F0A73C]
	(No symbol) [0x00EE9A36]
	(No symbol) [0x00F0AA94]
	(No symbol) [0x00F1C922]
	(No symbol) [0x00F0A536]
	(No symbol) [0x00EE82DC]
	(No symbol) [0x00EE93DD]
	GetHandleVerifier [0x0128AABD+2539405]
	GetHandleVerifier [0x012CA78F+2800735]
	GetHandleVerifier [0x012C456C+2775612]
	GetHandleVerifier [0x010B51E0+616112]
	(No symbol) [0x00FC5F8C]
	(No symbol) [0x00FC2328]
	(No symbol) [0x00FC240B]
	(No symbol) [0x00FB4FF7]
	BaseThreadInitThunk [0x76467D59+25]
	RtlInitializeExceptionChain [0x76F5B79B+107]
	RtlClearBits [0x76F5B71F+191]

2023-07-14 10:16:03,543 - ERROR - Order_module - Failed to get Header Text Message: 
Stacktrace:
Backtrace:
	GetHandleVerifier [0x0102A813+48355]
	(No symbol) [0x00FBC4B1]
	(No symbol) [0x00EC5358]
	(No symbol) [0x00EF09A5]
	(No symbol) [0x00EF0B3B]
	(No symbol) [0x00F1E232]
	(No symbol) [0x00F0A784]
	(No symbol) [0x00F1C922]
	(No symbol) [0x00F0A536]
	(No symbol) [0x00EE82DC]
	(No symbol) [0x00EE93DD]
	GetHandleVerifier [0x0128AABD+2539405]
	GetHandleVerifier [0x012CA78F+2800735]
	GetHandleVerifier [0x012C456C+2775612]
	GetHandleVerifier [0x010B51E0+616112]
	(No symbol) [0x00FC5F8C]
	(No symbol) [0x00FC2328]
	(No symbol) [0x00FC240B]
	(No symbol) [0x00FB4FF7]
	BaseThreadInitThunk [0x76467D59+25]
	RtlInitializeExceptionChain [0x76F5B79B+107]
	RtlClearBits [0x76F5B71F+191]

2023-07-14 10:16:03,566 - ERROR - Order_module - Failed to Enter the OTP Message: no such element: Unable to locate element: {"method":"xpath","selector":"//form/input[@class="ant-input input-field"]"}
  (Session info: chrome=114.0.5735.199)
Stacktrace:
Backtrace:
	GetHandleVerifier [0x0102A813+48355]
	(No symbol) [0x00FBC4B1]
	(No symbol) [0x00EC5358]
	(No symbol) [0x00EF09A5]
	(No symbol) [0x00EF0B3B]
	(No symbol) [0x00F1E232]
	(No symbol) [0x00F0A784]
	(No symbol) [0x00F1C922]
	(No symbol) [0x00F0A536]
	(No symbol) [0x00EE82DC]
	(No symbol) [0x00EE93DD]
	GetHandleVerifier [0x0128AABD+2539405]
	GetHandleVerifier [0x012CA78F+2800735]
	GetHandleVerifier [0x012C456C+2775612]
	GetHandleVerifier [0x010B51E0+616112]
	(No symbol) [0x00FC5F8C]
	(No symbol) [0x00FC2328]
	(No symbol) [0x00FC240B]
	(No symbol) [0x00FB4FF7]
	BaseThreadInitThunk [0x76467D59+25]
	RtlInitializeExceptionChain [0x76F5B79B+107]
	RtlClearBits [0x76F5B71F+191]

2023-07-14 10:19:34,147 - ERROR - Order_module - Failed to get Header Text Message: 
Stacktrace:
Backtrace:
	GetHandleVerifier [0x0102A813+48355]
	(No symbol) [0x00FBC4B1]
	(No symbol) [0x00EC5358]
	(No symbol) [0x00EF09A5]
	(No symbol) [0x00EF0B3B]
	(No symbol) [0x00F1E232]
	(No symbol) [0x00F0A784]
	(No symbol) [0x00F1C922]
	(No symbol) [0x00F0A536]
	(No symbol) [0x00EE82DC]
	(No symbol) [0x00EE93DD]
	GetHandleVerifier [0x0128AABD+2539405]
	GetHandleVerifier [0x012CA78F+2800735]
	GetHandleVerifier [0x012C456C+2775612]
	GetHandleVerifier [0x010B51E0+616112]
	(No symbol) [0x00FC5F8C]
	(No symbol) [0x00FC2328]
	(No symbol) [0x00FC240B]
	(No symbol) [0x00FB4FF7]
	BaseThreadInitThunk [0x76467D59+25]
	RtlInitializeExceptionChain [0x76F5B79B+107]
	RtlClearBits [0x76F5B71F+191]

2023-07-14 10:19:34,171 - ERROR - Order_module - Failed to Enter the OTP Message: no such element: Unable to locate element: {"method":"xpath","selector":"//form/input[@class="ant-input input-field"]"}
  (Session info: chrome=114.0.5735.199)
Stacktrace:
Backtrace:
	GetHandleVerifier [0x0102A813+48355]
	(No symbol) [0x00FBC4B1]
	(No symbol) [0x00EC5358]
	(No symbol) [0x00EF09A5]
	(No symbol) [0x00EF0B3B]
	(No symbol) [0x00F1E232]
	(No symbol) [0x00F0A784]
	(No symbol) [0x00F1C922]
	(No symbol) [0x00F0A536]
	(No symbol) [0x00EE82DC]
	(No symbol) [0x00EE93DD]
	GetHandleVerifier [0x0128AABD+2539405]
	GetHandleVerifier [0x012CA78F+2800735]
	GetHandleVerifier [0x012C456C+2775612]
	GetHandleVerifier [0x010B51E0+616112]
	(No symbol) [0x00FC5F8C]
	(No symbol) [0x00FC2328]
	(No symbol) [0x00FC240B]
	(No symbol) [0x00FB4FF7]
	BaseThreadInitThunk [0x76467D59+25]
	RtlInitializeExceptionChain [0x76F5B79B+107]
	RtlClearBits [0x76F5B71F+191]

2023-07-14 10:19:48,246 - ERROR - Order_module - Failed to Submit the OTP Message: 
Stacktrace:
Backtrace:
	GetHandleVerifier [0x0102A813+48355]
	(No symbol) [0x00FBC4B1]
	(No symbol) [0x00EC5358]
	(No symbol) [0x00EF09A5]
	(No symbol) [0x00EF0B3B]
	(No symbol) [0x00F1E232]
	(No symbol) [0x00F0A784]
	(No symbol) [0x00F1C922]
	(No symbol) [0x00F0A536]
	(No symbol) [0x00EE82DC]
	(No symbol) [0x00EE93DD]
	GetHandleVerifier [0x0128AABD+2539405]
	GetHandleVerifier [0x012CA78F+2800735]
	GetHandleVerifier [0x012C456C+2775612]
	GetHandleVerifier [0x010B51E0+616112]
	(No symbol) [0x00FC5F8C]
	(No symbol) [0x00FC2328]
	(No symbol) [0x00FC240B]
	(No symbol) [0x00FB4FF7]
	BaseThreadInitThunk [0x76467D59+25]
	RtlInitializeExceptionChain [0x76F5B79B+107]
	RtlClearBits [0x76F5B71F+191]

2023-07-14 10:20:03,335 - ERROR - Order_module - Failed to Verify Order Submission Message: 
Stacktrace:
Backtrace:
	GetHandleVerifier [0x0102A813+48355]
	(No symbol) [0x00FBC4B1]
	(No symbol) [0x00EC5358]
	(No symbol) [0x00EF09A5]
	(No symbol) [0x00EF0B3B]
	(No symbol) [0x00F1E232]
	(No symbol) [0x00F0A784]
	(No symbol) [0x00F1C922]
	(No symbol) [0x00F0A536]
	(No symbol) [0x00EE82DC]
	(No symbol) [0x00EE93DD]
	GetHandleVerifier [0x0128AABD+2539405]
	GetHandleVerifier [0x012CA78F+2800735]
	GetHandleVerifier [0x012C456C+2775612]
	GetHandleVerifier [0x010B51E0+616112]
	(No symbol) [0x00FC5F8C]
	(No symbol) [0x00FC2328]
	(No symbol) [0x00FC240B]
	(No symbol) [0x00FB4FF7]
	BaseThreadInitThunk [0x76467D59+25]
	RtlInitializeExceptionChain [0x76F5B79B+107]
	RtlClearBits [0x76F5B71F+191]

2023-07-14 10:25:39,558 - ERROR - Order_module - Couldn't find the Element for Selecting Leather Size : 
 Message: element click intercepted: Element <span class="ant-select-selection-search">...</span> is not clickable at point (502, 457). Other element would receive the click: <path d="M41.613 15.931c0-1.605.994-2.93 2.227-2.931H55v18.137C55 33.26 53.68 35 52.05 35h-40.1C10.32 35 9 33.259 9 31.137V13h11.16c1.233 0 2.227 1.323 2.227 2.928v.022c0 1.605 1.005 2.901 2.237 2.901h14.752c1.232 0 2.237-1.308 2.237-2.913v-.007z" class="ant-empty-img-simple-path"></path>
  (Session info: chrome=114.0.5735.199)
Stacktrace:
Backtrace:
	GetHandleVerifier [0x0102A813+48355]
	(No symbol) [0x00FBC4B1]
	(No symbol) [0x00EC5358]
	(No symbol) [0x00EF5062]
	(No symbol) [0x00EF3B98]
	(No symbol) [0x00EF239B]
	(No symbol) [0x00EF179E]
	(No symbol) [0x00EE9F5C]
	(No symbol) [0x00F0A73C]
	(No symbol) [0x00EE9A36]
	(No symbol) [0x00F0AA94]
	(No symbol) [0x00F1C922]
	(No symbol) [0x00F0A536]
	(No symbol) [0x00EE82DC]
	(No symbol) [0x00EE93DD]
	GetHandleVerifier [0x0128AABD+2539405]
	GetHandleVerifier [0x012CA78F+2800735]
	GetHandleVerifier [0x012C456C+2775612]
	GetHandleVerifier [0x010B51E0+616112]
	(No symbol) [0x00FC5F8C]
	(No symbol) [0x00FC2328]
	(No symbol) [0x00FC240B]
	(No symbol) [0x00FB4FF7]
	BaseThreadInitThunk [0x76467D59+25]
	RtlInitializeExceptionChain [0x76F5B79B+107]
	RtlClearBits [0x76F5B71F+191]

2023-07-14 10:25:50,332 - ERROR - Order_module - Couldn't find the Element for Selecting Polyfill : 
 Message: 
Stacktrace:
Backtrace:
	GetHandleVerifier [0x0102A813+48355]
	(No symbol) [0x00FBC4B1]
	(No symbol) [0x00EC5358]
	(No symbol) [0x00EF09A5]
	(No symbol) [0x00EF0B3B]
	(No symbol) [0x00F1E232]
	(No symbol) [0x00F0A784]
	(No symbol) [0x00F1C922]
	(No symbol) [0x00F0A536]
	(No symbol) [0x00EE82DC]
	(No symbol) [0x00EE93DD]
	GetHandleVerifier [0x0128AABD+2539405]
	GetHandleVerifier [0x012CA78F+2800735]
	GetHandleVerifier [0x012C456C+2775612]
	GetHandleVerifier [0x010B51E0+616112]
	(No symbol) [0x00FC5F8C]
	(No symbol) [0x00FC2328]
	(No symbol) [0x00FC240B]
	(No symbol) [0x00FB4FF7]
	BaseThreadInitThunk [0x76467D59+25]
	RtlInitializeExceptionChain [0x76F5B79B+107]
	RtlClearBits [0x76F5B71F+191]

2023-07-14 10:26:12,394 - ERROR - Order_module - Failed to get Header Text Message: 
Stacktrace:
Backtrace:
	GetHandleVerifier [0x0102A813+48355]
	(No symbol) [0x00FBC4B1]
	(No symbol) [0x00EC5358]
	(No symbol) [0x00EF09A5]
	(No symbol) [0x00EF0B3B]
	(No symbol) [0x00F1E232]
	(No symbol) [0x00F0A784]
	(No symbol) [0x00F1C922]
	(No symbol) [0x00F0A536]
	(No symbol) [0x00EE82DC]
	(No symbol) [0x00EE93DD]
	GetHandleVerifier [0x0128AABD+2539405]
	GetHandleVerifier [0x012CA78F+2800735]
	GetHandleVerifier [0x012C456C+2775612]
	GetHandleVerifier [0x010B51E0+616112]
	(No symbol) [0x00FC5F8C]
	(No symbol) [0x00FC2328]
	(No symbol) [0x00FC240B]
	(No symbol) [0x00FB4FF7]
	BaseThreadInitThunk [0x76467D59+25]
	RtlInitializeExceptionChain [0x76F5B79B+107]
	RtlClearBits [0x76F5B71F+191]

2023-07-14 10:26:12,426 - ERROR - Order_module - Couldn't find the Element for OTP input : 
 Message: no such element: Unable to locate element: {"method":"xpath","selector":"//input[@class='ant-input input-field']"}
  (Session info: chrome=114.0.5735.199)
Stacktrace:
Backtrace:
	GetHandleVerifier [0x0102A813+48355]
	(No symbol) [0x00FBC4B1]
	(No symbol) [0x00EC5358]
	(No symbol) [0x00EF09A5]
	(No symbol) [0x00EF0B3B]
	(No symbol) [0x00F1E232]
	(No symbol) [0x00F0A784]
	(No symbol) [0x00F1C922]
	(No symbol) [0x00F0A536]
	(No symbol) [0x00EE82DC]
	(No symbol) [0x00EE93DD]
	GetHandleVerifier [0x0128AABD+2539405]
	GetHandleVerifier [0x012CA78F+2800735]
	GetHandleVerifier [0x012C456C+2775612]
	GetHandleVerifier [0x010B51E0+616112]
	(No symbol) [0x00FC5F8C]
	(No symbol) [0x00FC2328]
	(No symbol) [0x00FC240B]
	(No symbol) [0x00FB4FF7]
	BaseThreadInitThunk [0x76467D59+25]
	RtlInitializeExceptionChain [0x76F5B79B+107]
	RtlClearBits [0x76F5B71F+191]

2023-07-14 10:26:27,498 - ERROR - Order_module - Couldn't find the Element to Submit OTP: 
 Message: 
Stacktrace:
Backtrace:
	GetHandleVerifier [0x0102A813+48355]
	(No symbol) [0x00FBC4B1]
	(No symbol) [0x00EC5358]
	(No symbol) [0x00EF09A5]
	(No symbol) [0x00EF0B3B]
	(No symbol) [0x00F1E232]
	(No symbol) [0x00F0A784]
	(No symbol) [0x00F1C922]
	(No symbol) [0x00F0A536]
	(No symbol) [0x00EE82DC]
	(No symbol) [0x00EE93DD]
	GetHandleVerifier [0x0128AABD+2539405]
	GetHandleVerifier [0x012CA78F+2800735]
	GetHandleVerifier [0x012C456C+2775612]
	GetHandleVerifier [0x010B51E0+616112]
	(No symbol) [0x00FC5F8C]
	(No symbol) [0x00FC2328]
	(No symbol) [0x00FC240B]
	(No symbol) [0x00FB4FF7]
	BaseThreadInitThunk [0x76467D59+25]
	RtlInitializeExceptionChain [0x76F5B79B+107]
	RtlClearBits [0x76F5B71F+191]

2023-07-14 10:26:42,568 - ERROR - Order_module - Couldn't find the Element to Verify Order Submit : 
 Message: 
Stacktrace:
Backtrace:
	GetHandleVerifier [0x0102A813+48355]
	(No symbol) [0x00FBC4B1]
	(No symbol) [0x00EC5358]
	(No symbol) [0x00EF09A5]
	(No symbol) [0x00EF0B3B]
	(No symbol) [0x00F1E232]
	(No symbol) [0x00F0A784]
	(No symbol) [0x00F1C922]
	(No symbol) [0x00F0A536]
	(No symbol) [0x00EE82DC]
	(No symbol) [0x00EE93DD]
	GetHandleVerifier [0x0128AABD+2539405]
	GetHandleVerifier [0x012CA78F+2800735]
	GetHandleVerifier [0x012C456C+2775612]
	GetHandleVerifier [0x010B51E0+616112]
	(No symbol) [0x00FC5F8C]
	(No symbol) [0x00FC2328]
	(No symbol) [0x00FC240B]
	(No symbol) [0x00FB4FF7]
	BaseThreadInitThunk [0x76467D59+25]
	RtlInitializeExceptionChain [0x76F5B79B+107]
	RtlClearBits [0x76F5B71F+191]

2023-07-21 11:36:20,570 - ERROR - Order_module - Failed in Select Product name Message: stale element reference: stale element not found
  (Session info: chrome=114.0.5735.199)
Stacktrace:
Backtrace:
	GetHandleVerifier [0x0031A813+48355]
	(No symbol) [0x002AC4B1]
	(No symbol) [0x001B5358]
	(No symbol) [0x001B87A1]
	(No symbol) [0x001B99E1]
	(No symbol) [0x001B9A80]
	(No symbol) [0x001DD2FD]
	(No symbol) [0x001FA73C]
	(No symbol) [0x001D9A36]
	(No symbol) [0x001FAA94]
	(No symbol) [0x0020C922]
	(No symbol) [0x001FA536]
	(No symbol) [0x001D82DC]
	(No symbol) [0x001D93DD]
	GetHandleVerifier [0x0057AABD+2539405]
	GetHandleVerifier [0x005BA78F+2800735]
	GetHandleVerifier [0x005B456C+2775612]
	GetHandleVerifier [0x003A51E0+616112]
	(No symbol) [0x002B5F8C]
	(No symbol) [0x002B2328]
	(No symbol) [0x002B240B]
	(No symbol) [0x002A4FF7]
	BaseThreadInitThunk [0x77327D59+25]
	RtlInitializeExceptionChain [0x7768B79B+107]
	RtlClearBits [0x7768B71F+191]

2023-07-21 11:36:21,829 - ERROR - Order_module - Failed in Select Leather Profile Message: element click intercepted: Element <span class="ant-select-selection-search">...</span> is not clickable at point (556, 680). Other element would receive the click: <div class="ant-select-item-option-content">...</div>
  (Session info: chrome=114.0.5735.199)
Stacktrace:
Backtrace:
	GetHandleVerifier [0x0031A813+48355]
	(No symbol) [0x002AC4B1]
	(No symbol) [0x001B5358]
	(No symbol) [0x001E5062]
	(No symbol) [0x001E3B98]
	(No symbol) [0x001E239B]
	(No symbol) [0x001E179E]
	(No symbol) [0x001D9F5C]
	(No symbol) [0x001FA73C]
	(No symbol) [0x001D9A36]
	(No symbol) [0x001FAA94]
	(No symbol) [0x0020C922]
	(No symbol) [0x001FA536]
	(No symbol) [0x001D82DC]
	(No symbol) [0x001D93DD]
	GetHandleVerifier [0x0057AABD+2539405]
	GetHandleVerifier [0x005BA78F+2800735]
	GetHandleVerifier [0x005B456C+2775612]
	GetHandleVerifier [0x003A51E0+616112]
	(No symbol) [0x002B5F8C]
	(No symbol) [0x002B2328]
	(No symbol) [0x002B240B]
	(No symbol) [0x002A4FF7]
	BaseThreadInitThunk [0x77327D59+25]
	RtlInitializeExceptionChain [0x7768B79B+107]
	RtlClearBits [0x7768B71F+191]

2023-07-21 11:36:22,939 - ERROR - Order_module - Failed in Select Leather Size Message: element click intercepted: Element <span class="ant-select-selection-search">...</span> is not clickable at point (556, 680). Other element would receive the click: <div class="ant-select-item-option-content">...</div>
  (Session info: chrome=114.0.5735.199)
Stacktrace:
Backtrace:
	GetHandleVerifier [0x0031A813+48355]
	(No symbol) [0x002AC4B1]
	(No symbol) [0x001B5358]
	(No symbol) [0x001E5062]
	(No symbol) [0x001E3B98]
	(No symbol) [0x001E239B]
	(No symbol) [0x001E179E]
	(No symbol) [0x001D9F5C]
	(No symbol) [0x001FA73C]
	(No symbol) [0x001D9A36]
	(No symbol) [0x001FAA94]
	(No symbol) [0x0020C922]
	(No symbol) [0x001FA536]
	(No symbol) [0x001D82DC]
	(No symbol) [0x001D93DD]
	GetHandleVerifier [0x0057AABD+2539405]
	GetHandleVerifier [0x005BA78F+2800735]
	GetHandleVerifier [0x005B456C+2775612]
	GetHandleVerifier [0x003A51E0+616112]
	(No symbol) [0x002B5F8C]
	(No symbol) [0x002B2328]
	(No symbol) [0x002B240B]
	(No symbol) [0x002A4FF7]
	BaseThreadInitThunk [0x77327D59+25]
	RtlInitializeExceptionChain [0x7768B79B+107]
	RtlClearBits [0x7768B71F+191]

2023-07-21 11:36:33,915 - ERROR - Order_module - Failed in Select Pollyfill Message: 
Stacktrace:
Backtrace:
	GetHandleVerifier [0x0031A813+48355]
	(No symbol) [0x002AC4B1]
	(No symbol) [0x001B5358]
	(No symbol) [0x001E09A5]
	(No symbol) [0x001E0B3B]
	(No symbol) [0x0020E232]
	(No symbol) [0x001FA784]
	(No symbol) [0x0020C922]
	(No symbol) [0x001FA536]
	(No symbol) [0x001D82DC]
	(No symbol) [0x001D93DD]
	GetHandleVerifier [0x0057AABD+2539405]
	GetHandleVerifier [0x005BA78F+2800735]
	GetHandleVerifier [0x005B456C+2775612]
	GetHandleVerifier [0x003A51E0+616112]
	(No symbol) [0x002B5F8C]
	(No symbol) [0x002B2328]
	(No symbol) [0x002B240B]
	(No symbol) [0x002A4FF7]
	BaseThreadInitThunk [0x77327D59+25]
	RtlInitializeExceptionChain [0x7768B79B+107]
	RtlClearBits [0x7768B71F+191]

2023-07-21 11:36:51,081 - ERROR - Order_module - Failed to get Header Text Message: 
Stacktrace:
Backtrace:
	GetHandleVerifier [0x0031A813+48355]
	(No symbol) [0x002AC4B1]
	(No symbol) [0x001B5358]
	(No symbol) [0x001E09A5]
	(No symbol) [0x001E0B3B]
	(No symbol) [0x0020E232]
	(No symbol) [0x001FA784]
	(No symbol) [0x0020C922]
	(No symbol) [0x001FA536]
	(No symbol) [0x001D82DC]
	(No symbol) [0x001D93DD]
	GetHandleVerifier [0x0057AABD+2539405]
	GetHandleVerifier [0x005BA78F+2800735]
	GetHandleVerifier [0x005B456C+2775612]
	GetHandleVerifier [0x003A51E0+616112]
	(No symbol) [0x002B5F8C]
	(No symbol) [0x002B2328]
	(No symbol) [0x002B240B]
	(No symbol) [0x002A4FF7]
	BaseThreadInitThunk [0x77327D59+25]
	RtlInitializeExceptionChain [0x7768B79B+107]
	RtlClearBits [0x7768B71F+191]

2023-07-21 11:36:51,105 - ERROR - Order_module - Failed to Enter the OTP Message: no such element: Unable to locate element: {"method":"xpath","selector":"//form/input[@class="ant-input input-field"]"}
  (Session info: chrome=114.0.5735.199)
Stacktrace:
Backtrace:
	GetHandleVerifier [0x0031A813+48355]
	(No symbol) [0x002AC4B1]
	(No symbol) [0x001B5358]
	(No symbol) [0x001E09A5]
	(No symbol) [0x001E0B3B]
	(No symbol) [0x0020E232]
	(No symbol) [0x001FA784]
	(No symbol) [0x0020C922]
	(No symbol) [0x001FA536]
	(No symbol) [0x001D82DC]
	(No symbol) [0x001D93DD]
	GetHandleVerifier [0x0057AABD+2539405]
	GetHandleVerifier [0x005BA78F+2800735]
	GetHandleVerifier [0x005B456C+2775612]
	GetHandleVerifier [0x003A51E0+616112]
	(No symbol) [0x002B5F8C]
	(No symbol) [0x002B2328]
	(No symbol) [0x002B240B]
	(No symbol) [0x002A4FF7]
	BaseThreadInitThunk [0x77327D59+25]
	RtlInitializeExceptionChain [0x7768B79B+107]
	RtlClearBits [0x7768B71F+191]

2023-07-21 11:37:05,142 - ERROR - Order_module - Failed to Submit the OTP Message: 
Stacktrace:
Backtrace:
	GetHandleVerifier [0x0031A813+48355]
	(No symbol) [0x002AC4B1]
	(No symbol) [0x001B5358]
	(No symbol) [0x001E09A5]
	(No symbol) [0x001E0B3B]
	(No symbol) [0x0020E232]
	(No symbol) [0x001FA784]
	(No symbol) [0x0020C922]
	(No symbol) [0x001FA536]
	(No symbol) [0x001D82DC]
	(No symbol) [0x001D93DD]
	GetHandleVerifier [0x0057AABD+2539405]
	GetHandleVerifier [0x005BA78F+2800735]
	GetHandleVerifier [0x005B456C+2775612]
	GetHandleVerifier [0x003A51E0+616112]
	(No symbol) [0x002B5F8C]
	(No symbol) [0x002B2328]
	(No symbol) [0x002B240B]
	(No symbol) [0x002A4FF7]
	BaseThreadInitThunk [0x77327D59+25]
	RtlInitializeExceptionChain [0x7768B79B+107]
	RtlClearBits [0x7768B71F+191]

2023-07-21 11:37:20,218 - ERROR - Order_module - Failed to Verify Order Submission Message: 
Stacktrace:
Backtrace:
	GetHandleVerifier [0x0031A813+48355]
	(No symbol) [0x002AC4B1]
	(No symbol) [0x001B5358]
	(No symbol) [0x001E09A5]
	(No symbol) [0x001E0B3B]
	(No symbol) [0x0020E232]
	(No symbol) [0x001FA784]
	(No symbol) [0x0020C922]
	(No symbol) [0x001FA536]
	(No symbol) [0x001D82DC]
	(No symbol) [0x001D93DD]
	GetHandleVerifier [0x0057AABD+2539405]
	GetHandleVerifier [0x005BA78F+2800735]
	GetHandleVerifier [0x005B456C+2775612]
	GetHandleVerifier [0x003A51E0+616112]
	(No symbol) [0x002B5F8C]
	(No symbol) [0x002B2328]
	(No symbol) [0x002B240B]
	(No symbol) [0x002A4FF7]
	BaseThreadInitThunk [0x77327D59+25]
	RtlInitializeExceptionChain [0x7768B79B+107]
	RtlClearBits [0x7768B71F+191]

2023-07-21 11:37:30,263 - ERROR - Order_module - Couldn't find the Element for Navigation to Order List : 
 Message: 
Stacktrace:
Backtrace:
	GetHandleVerifier [0x0031A813+48355]
	(No symbol) [0x002AC4B1]
	(No symbol) [0x001B5358]
	(No symbol) [0x001E09A5]
	(No symbol) [0x001E0B3B]
	(No symbol) [0x0020E232]
	(No symbol) [0x001FA784]
	(No symbol) [0x0020C922]
	(No symbol) [0x001FA536]
	(No symbol) [0x001D82DC]
	(No symbol) [0x001D93DD]
	GetHandleVerifier [0x0057AABD+2539405]
	GetHandleVerifier [0x005BA78F+2800735]
	GetHandleVerifier [0x005B456C+2775612]
	GetHandleVerifier [0x003A51E0+616112]
	(No symbol) [0x002B5F8C]
	(No symbol) [0x002B2328]
	(No symbol) [0x002B240B]
	(No symbol) [0x002A4FF7]
	BaseThreadInitThunk [0x77327D59+25]
	RtlInitializeExceptionChain [0x7768B79B+107]
	RtlClearBits [0x7768B71F+191]

2023-07-21 11:37:40,323 - ERROR - Order_module - Couldn't find the Element for Latest Customer ID : 
 Message: 
Stacktrace:
Backtrace:
	GetHandleVerifier [0x0031A813+48355]
	(No symbol) [0x002AC4B1]
	(No symbol) [0x001B5358]
	(No symbol) [0x001E09A5]
	(No symbol) [0x001E0B3B]
	(No symbol) [0x0020E232]
	(No symbol) [0x001FA784]
	(No symbol) [0x0020C922]
	(No symbol) [0x001FA536]
	(No symbol) [0x001D82DC]
	(No symbol) [0x001D93DD]
	GetHandleVerifier [0x0057AABD+2539405]
	GetHandleVerifier [0x005BA78F+2800735]
	GetHandleVerifier [0x005B456C+2775612]
	GetHandleVerifier [0x003A51E0+616112]
	(No symbol) [0x002B5F8C]
	(No symbol) [0x002B2328]
	(No symbol) [0x002B240B]
	(No symbol) [0x002A4FF7]
	BaseThreadInitThunk [0x77327D59+25]
	RtlInitializeExceptionChain [0x7768B79B+107]
	RtlClearBits [0x7768B71F+191]

2023-07-21 11:39:00,223 - ERROR - Order_module - Failed in Select Leather Size Message: element click intercepted: Element <div class="ant-select-item-option-content">...</div> is not clickable at point (563, 690). Other element would receive the click: <span class="ant-select-selection-item" title=""></span>
  (Session info: chrome=114.0.5735.199)
Stacktrace:
Backtrace:
	GetHandleVerifier [0x0031A813+48355]
	(No symbol) [0x002AC4B1]
	(No symbol) [0x001B5358]
	(No symbol) [0x001E5062]
	(No symbol) [0x001E3B98]
	(No symbol) [0x001E239B]
	(No symbol) [0x001E179E]
	(No symbol) [0x001D9F5C]
	(No symbol) [0x001FA73C]
	(No symbol) [0x001D9A36]
	(No symbol) [0x001FAA94]
	(No symbol) [0x0020C922]
	(No symbol) [0x001FA536]
	(No symbol) [0x001D82DC]
	(No symbol) [0x001D93DD]
	GetHandleVerifier [0x0057AABD+2539405]
	GetHandleVerifier [0x005BA78F+2800735]
	GetHandleVerifier [0x005B456C+2775612]
	GetHandleVerifier [0x003A51E0+616112]
	(No symbol) [0x002B5F8C]
	(No symbol) [0x002B2328]
	(No symbol) [0x002B240B]
	(No symbol) [0x002A4FF7]
	BaseThreadInitThunk [0x77327D59+25]
	RtlInitializeExceptionChain [0x7768B79B+107]
	RtlClearBits [0x7768B71F+191]

2023-07-21 11:39:20,662 - ERROR - Order_module - Failed to get Header Text Message: 
Stacktrace:
Backtrace:
	GetHandleVerifier [0x0031A813+48355]
	(No symbol) [0x002AC4B1]
	(No symbol) [0x001B5358]
	(No symbol) [0x001E09A5]
	(No symbol) [0x001E0B3B]
	(No symbol) [0x0020E232]
	(No symbol) [0x001FA784]
	(No symbol) [0x0020C922]
	(No symbol) [0x001FA536]
	(No symbol) [0x001D82DC]
	(No symbol) [0x001D93DD]
	GetHandleVerifier [0x0057AABD+2539405]
	GetHandleVerifier [0x005BA78F+2800735]
	GetHandleVerifier [0x005B456C+2775612]
	GetHandleVerifier [0x003A51E0+616112]
	(No symbol) [0x002B5F8C]
	(No symbol) [0x002B2328]
	(No symbol) [0x002B240B]
	(No symbol) [0x002A4FF7]
	BaseThreadInitThunk [0x77327D59+25]
	RtlInitializeExceptionChain [0x7768B79B+107]
	RtlClearBits [0x7768B71F+191]

2023-07-21 11:39:20,684 - ERROR - Order_module - Failed to Enter the OTP Message: no such element: Unable to locate element: {"method":"xpath","selector":"//form/input[@class="ant-input input-field"]"}
  (Session info: chrome=114.0.5735.199)
Stacktrace:
Backtrace:
	GetHandleVerifier [0x0031A813+48355]
	(No symbol) [0x002AC4B1]
	(No symbol) [0x001B5358]
	(No symbol) [0x001E09A5]
	(No symbol) [0x001E0B3B]
	(No symbol) [0x0020E232]
	(No symbol) [0x001FA784]
	(No symbol) [0x0020C922]
	(No symbol) [0x001FA536]
	(No symbol) [0x001D82DC]
	(No symbol) [0x001D93DD]
	GetHandleVerifier [0x0057AABD+2539405]
	GetHandleVerifier [0x005BA78F+2800735]
	GetHandleVerifier [0x005B456C+2775612]
	GetHandleVerifier [0x003A51E0+616112]
	(No symbol) [0x002B5F8C]
	(No symbol) [0x002B2328]
	(No symbol) [0x002B240B]
	(No symbol) [0x002A4FF7]
	BaseThreadInitThunk [0x77327D59+25]
	RtlInitializeExceptionChain [0x7768B79B+107]
	RtlClearBits [0x7768B71F+191]

2023-07-21 11:39:34,696 - ERROR - Order_module - Failed to Submit the OTP Message: 
Stacktrace:
Backtrace:
	GetHandleVerifier [0x0031A813+48355]
	(No symbol) [0x002AC4B1]
	(No symbol) [0x001B5358]
	(No symbol) [0x001E09A5]
	(No symbol) [0x001E0B3B]
	(No symbol) [0x0020E232]
	(No symbol) [0x001FA784]
	(No symbol) [0x0020C922]
	(No symbol) [0x001FA536]
	(No symbol) [0x001D82DC]
	(No symbol) [0x001D93DD]
	GetHandleVerifier [0x0057AABD+2539405]
	GetHandleVerifier [0x005BA78F+2800735]
	GetHandleVerifier [0x005B456C+2775612]
	GetHandleVerifier [0x003A51E0+616112]
	(No symbol) [0x002B5F8C]
	(No symbol) [0x002B2328]
	(No symbol) [0x002B240B]
	(No symbol) [0x002A4FF7]
	BaseThreadInitThunk [0x77327D59+25]
	RtlInitializeExceptionChain [0x7768B79B+107]
	RtlClearBits [0x7768B71F+191]

2023-07-21 11:39:49,851 - ERROR - Order_module - Failed to Verify Order Submission Message: 
Stacktrace:
Backtrace:
	GetHandleVerifier [0x0031A813+48355]
	(No symbol) [0x002AC4B1]
	(No symbol) [0x001B5358]
	(No symbol) [0x001E09A5]
	(No symbol) [0x001E0B3B]
	(No symbol) [0x0020E232]
	(No symbol) [0x001FA784]
	(No symbol) [0x0020C922]
	(No symbol) [0x001FA536]
	(No symbol) [0x001D82DC]
	(No symbol) [0x001D93DD]
	GetHandleVerifier [0x0057AABD+2539405]
	GetHandleVerifier [0x005BA78F+2800735]
	GetHandleVerifier [0x005B456C+2775612]
	GetHandleVerifier [0x003A51E0+616112]
	(No symbol) [0x002B5F8C]
	(No symbol) [0x002B2328]
	(No symbol) [0x002B240B]
	(No symbol) [0x002A4FF7]
	BaseThreadInitThunk [0x77327D59+25]
	RtlInitializeExceptionChain [0x7768B79B+107]
	RtlClearBits [0x7768B71F+191]

