2023-04-18 18:08:33,512 - WARNING - __init__ - Unable to find the given element present on this XPath : '('xpath', '//html/body/div[3]/div/div/div/div/div/span[2]')'
2023-04-18 18:08:33,512 - WARNING - __init__ - Unable to find the given element present on this XPath : '('xpath', '//html/body/div[3]/div/div/div/div/div/span[2]')'
2023-04-18 18:08:33,512 - WARNING - __init__ - Unable to find the given element present on this XPath : '('xpath', '//html/body/div[3]/div/div/div/div/div/span[2]')'
2023-04-18 18:08:33,512 - WARNING - __init__ - Unable to find the given element present on this XPath : '('xpath', '//html/body/div[3]/div/div/div/div/div/span[2]')'
2023-04-18 18:08:33,512 - WARNING - __init__ - Unable to find the given element present on this XPath : '('xpath', '//html/body/div[3]/div/div/div/div/div/span[2]')'
2023-04-18 18:08:33,512 - WARNING - __init__ - Unable to find the given element present on this XPath : '('xpath', '//html/body/div[3]/div/div/div/div/div/span[2]')'
2023-04-18 18:08:41,935 - WARNING - __init__ - Unable to find the given element present on this XPath : '('xpath', '//html/body/div[3]/div/div/div/div/div/span[2]')'
2023-04-18 18:08:41,935 - WARNING - __init__ - Unable to find the given element present on this XPath : '('xpath', '//html/body/div[3]/div/div/div/div/div/span[2]')'
2023-04-18 18:08:41,935 - WARNING - __init__ - Unable to find the given element present on this XPath : '('xpath', '//html/body/div[3]/div/div/div/div/div/span[2]')'
2023-04-18 18:08:41,935 - WARNING - __init__ - Unable to find the given element present on this XPath : '('xpath', '//html/body/div[3]/div/div/div/div/div/span[2]')'
2023-04-18 18:08:41,935 - WARNING - __init__ - Unable to find the given element present on this XPath : '('xpath', '//html/body/div[3]/div/div/div/div/div/span[2]')'
2023-04-18 18:08:41,935 - WARNING - __init__ - Unable to find the given element present on this XPath : '('xpath', '//html/body/div[3]/div/div/div/div/div/span[2]')'
2023-04-18 18:08:41,935 - WARNING - __init__ - Unable to find the given element present on this XPath : '('xpath', '//html/body/div[3]/div/div/div/div/div/span[2]')'
2023-04-18 18:08:41,935 - WARNING - __init__ - Unable to find the given element present on this XPath : '('xpath', '//html/body/div[3]/div/div/div/div/div/span[2]')'
2023-04-18 18:08:58,129 - ERROR - TestLogin - Assertion failed here while finding element. "2 validation errors detected: Value at '[251 chars]P}]+" != 'Incorrect username or password.'
- 2 validation errors detected: Value at 'userAlias' failed to satisfy constraint: Member must satisfy regular expression pattern: [\p{L}\p{M}\p{S}\p{N}\p{P}]+; Value at 'userName' failed to satisfy constraint: Member must satisfy regular expression pattern: [\p{L}\p{M}\p{S}\p{N}\p{P}]+
+ Incorrect username or password.
 : Error message verification failed.
2023-04-18 18:09:40,258 - ERROR - TestDashboard - Assertion failed here while finding element. '34' != '27'
- 34
+ 27
 : Verification of Active user tile failed.
2023-04-18 18:09:51,024 - ERROR - TestDashboard - Assertion failed here while finding element. '7' != '5'
- 7
+ 5
 : Verification of Inactive User tile failed.
2023-04-18 18:10:30,679 - ERROR - TestDashboard - Assertion failed here while finding element. '88' != '82'
- 88
+ 82
 : Verification of total order tile failed.
2023-04-18 18:10:54,035 - ERROR - TestDashboard - Assertion failed here while finding element. '41' != '32'
- 41
+ 32
 : Verification of total sales tile failed.
2023-04-18 18:11:04,497 - ERROR - TestDashboard - Assertion failed here while finding element. '41' != '32'
- 41
+ 32
 : Verification of total user tile failed.
2023-04-18 19:52:47,020 - ERROR - TestDashboard - Assertion failed here while finding element. '' != '82'
+ 82 : Verification of total order tile failed.
2023-04-18 19:53:23,430 - ERROR - TestDashboard - Assertion failed here while finding element. '' != '32'
+ 32 : Verification of total user tile failed.
