2023-08-04 10:02:38,083 - ERROR - TrackOrder_module - Couldn't find the Element to get Factory Title : 
 Message: 
Stacktrace:
Backtrace:
	GetHandleVerifier [0x0091A813+48355]
	(No symbol) [0x008AC4B1]
	(No symbol) [0x007B5358]
	(No symbol) [0x007E09A5]
	(No symbol) [0x007E0B3B]
	(No symbol) [0x0080E232]
	(No symbol) [0x007FA784]
	(No symbol) [0x0080C922]
	(No symbol) [0x007FA536]
	(No symbol) [0x007D82DC]
	(No symbol) [0x007D93DD]
	GetHandleVerifier [0x00B7AABD+2539405]
	GetHandleVerifier [0x00BBA78F+2800735]
	GetHandleVerifier [0x00BB456C+2775612]
	GetHandleVerifier [0x009A51E0+616112]
	(No symbol) [0x008B5F8C]
	(No symbol) [0x008B2328]
	(No symbol) [0x008B240B]
	(No symbol) [0x008A4FF7]
	BaseThreadInitThunk [0x75E07D59+25]
	RtlInitializeExceptionChain [0x774BB79B+107]
	RtlClearBits [0x774BB71F+191]

2023-08-04 10:02:38,100 - ERROR - TrackOrder_module - Couldn't find the Element to Check Factory Check: 
 Message: no such element: Unable to locate element: {"method":"xpath","selector":"//div[@class='ant-col table-content ant-col-sm-6']/div[contains(@class, 'unActive')]"}
  (Session info: chrome=115.0.5790.110)
Stacktrace:
Backtrace:
	GetHandleVerifier [0x0091A813+48355]
	(No symbol) [0x008AC4B1]
	(No symbol) [0x007B5358]
	(No symbol) [0x007E09A5]
	(No symbol) [0x007E0B3B]
	(No symbol) [0x0080E232]
	(No symbol) [0x007FA784]
	(No symbol) [0x0080C922]
	(No symbol) [0x007FA536]
	(No symbol) [0x007D82DC]
	(No symbol) [0x007D93DD]
	GetHandleVerifier [0x00B7AABD+2539405]
	GetHandleVerifier [0x00BBA78F+2800735]
	GetHandleVerifier [0x00BB456C+2775612]
	GetHandleVerifier [0x009A51E0+616112]
	(No symbol) [0x008B5F8C]
	(No symbol) [0x008B2328]
	(No symbol) [0x008B240B]
	(No symbol) [0x008A4FF7]
	BaseThreadInitThunk [0x75E07D59+25]
	RtlInitializeExceptionChain [0x774BB79B+107]
	RtlClearBits [0x774BB71F+191]

2023-08-04 10:03:02,306 - ERROR - TrackOrder_module - Couldn't find the Element to get Factory Title : 
 Message: 
Stacktrace:
Backtrace:
	GetHandleVerifier [0x0091A813+48355]
	(No symbol) [0x008AC4B1]
	(No symbol) [0x007B5358]
	(No symbol) [0x007E09A5]
	(No symbol) [0x007E0B3B]
	(No symbol) [0x0080E232]
	(No symbol) [0x007FA784]
	(No symbol) [0x0080C922]
	(No symbol) [0x007FA536]
	(No symbol) [0x007D82DC]
	(No symbol) [0x007D93DD]
	GetHandleVerifier [0x00B7AABD+2539405]
	GetHandleVerifier [0x00BBA78F+2800735]
	GetHandleVerifier [0x00BB456C+2775612]
	GetHandleVerifier [0x009A51E0+616112]
	(No symbol) [0x008B5F8C]
	(No symbol) [0x008B2328]
	(No symbol) [0x008B240B]
	(No symbol) [0x008A4FF7]
	BaseThreadInitThunk [0x75E07D59+25]
	RtlInitializeExceptionChain [0x774BB79B+107]
	RtlClearBits [0x774BB71F+191]

2023-08-04 10:03:02,340 - ERROR - TrackOrder_module - Couldn't find the Element to Check Factory Check: 
 Message: no such element: Unable to locate element: {"method":"xpath","selector":"//div[@class='ant-col table-content ant-col-sm-6']/div[contains(@class, 'unActive')]"}
  (Session info: chrome=115.0.5790.110)
Stacktrace:
Backtrace:
	GetHandleVerifier [0x0091A813+48355]
	(No symbol) [0x008AC4B1]
	(No symbol) [0x007B5358]
	(No symbol) [0x007E09A5]
	(No symbol) [0x007E0B3B]
	(No symbol) [0x0080E232]
	(No symbol) [0x007FA784]
	(No symbol) [0x0080C922]
	(No symbol) [0x007FA536]
	(No symbol) [0x007D82DC]
	(No symbol) [0x007D93DD]
	GetHandleVerifier [0x00B7AABD+2539405]
	GetHandleVerifier [0x00BBA78F+2800735]
	GetHandleVerifier [0x00BB456C+2775612]
	GetHandleVerifier [0x009A51E0+616112]
	(No symbol) [0x008B5F8C]
	(No symbol) [0x008B2328]
	(No symbol) [0x008B240B]
	(No symbol) [0x008A4FF7]
	BaseThreadInitThunk [0x75E07D59+25]
	RtlInitializeExceptionChain [0x774BB79B+107]
	RtlClearBits [0x774BB71F+191]

2023-08-04 10:03:30,927 - ERROR - TrackOrder_module - Couldn't find the Element to get Factory Title : 
 Message: 
Stacktrace:
Backtrace:
	GetHandleVerifier [0x0091A813+48355]
	(No symbol) [0x008AC4B1]
	(No symbol) [0x007B5358]
	(No symbol) [0x007E09A5]
	(No symbol) [0x007E0B3B]
	(No symbol) [0x0080E232]
	(No symbol) [0x007FA784]
	(No symbol) [0x0080C922]
	(No symbol) [0x007FA536]
	(No symbol) [0x007D82DC]
	(No symbol) [0x007D93DD]
	GetHandleVerifier [0x00B7AABD+2539405]
	GetHandleVerifier [0x00BBA78F+2800735]
	GetHandleVerifier [0x00BB456C+2775612]
	GetHandleVerifier [0x009A51E0+616112]
	(No symbol) [0x008B5F8C]
	(No symbol) [0x008B2328]
	(No symbol) [0x008B240B]
	(No symbol) [0x008A4FF7]
	BaseThreadInitThunk [0x75E07D59+25]
	RtlInitializeExceptionChain [0x774BB79B+107]
	RtlClearBits [0x774BB71F+191]

2023-08-04 10:03:30,963 - ERROR - TrackOrder_module - Couldn't find the Element to Check Factory Check: 
 Message: no such element: Unable to locate element: {"method":"xpath","selector":"//div[@class='ant-col table-content ant-col-sm-6']/div[contains(@class, 'unActive')]"}
  (Session info: chrome=115.0.5790.110)
Stacktrace:
Backtrace:
	GetHandleVerifier [0x0091A813+48355]
	(No symbol) [0x008AC4B1]
	(No symbol) [0x007B5358]
	(No symbol) [0x007E09A5]
	(No symbol) [0x007E0B3B]
	(No symbol) [0x0080E232]
	(No symbol) [0x007FA784]
	(No symbol) [0x0080C922]
	(No symbol) [0x007FA536]
	(No symbol) [0x007D82DC]
	(No symbol) [0x007D93DD]
	GetHandleVerifier [0x00B7AABD+2539405]
	GetHandleVerifier [0x00BBA78F+2800735]
	GetHandleVerifier [0x00BB456C+2775612]
	GetHandleVerifier [0x009A51E0+616112]
	(No symbol) [0x008B5F8C]
	(No symbol) [0x008B2328]
	(No symbol) [0x008B240B]
	(No symbol) [0x008A4FF7]
	BaseThreadInitThunk [0x75E07D59+25]
	RtlInitializeExceptionChain [0x774BB79B+107]
	RtlClearBits [0x774BB71F+191]

2023-08-04 10:03:58,265 - ERROR - TrackOrder_module - Couldn't find the Element to get Factory Title : 
 Message: 
Stacktrace:
Backtrace:
	GetHandleVerifier [0x0091A813+48355]
	(No symbol) [0x008AC4B1]
	(No symbol) [0x007B5358]
	(No symbol) [0x007E09A5]
	(No symbol) [0x007E0B3B]
	(No symbol) [0x0080E232]
	(No symbol) [0x007FA784]
	(No symbol) [0x0080C922]
	(No symbol) [0x007FA536]
	(No symbol) [0x007D82DC]
	(No symbol) [0x007D93DD]
	GetHandleVerifier [0x00B7AABD+2539405]
	GetHandleVerifier [0x00BBA78F+2800735]
	GetHandleVerifier [0x00BB456C+2775612]
	GetHandleVerifier [0x009A51E0+616112]
	(No symbol) [0x008B5F8C]
	(No symbol) [0x008B2328]
	(No symbol) [0x008B240B]
	(No symbol) [0x008A4FF7]
	BaseThreadInitThunk [0x75E07D59+25]
	RtlInitializeExceptionChain [0x774BB79B+107]
	RtlClearBits [0x774BB71F+191]

2023-08-04 10:03:58,287 - ERROR - TrackOrder_module - Couldn't find the Element to Check Factory Check: 
 Message: no such element: Unable to locate element: {"method":"xpath","selector":"//div[@class='ant-col table-content ant-col-sm-6']/div[contains(@class, 'unActive')]"}
  (Session info: chrome=115.0.5790.110)
Stacktrace:
Backtrace:
	GetHandleVerifier [0x0091A813+48355]
	(No symbol) [0x008AC4B1]
	(No symbol) [0x007B5358]
	(No symbol) [0x007E09A5]
	(No symbol) [0x007E0B3B]
	(No symbol) [0x0080E232]
	(No symbol) [0x007FA784]
	(No symbol) [0x0080C922]
	(No symbol) [0x007FA536]
	(No symbol) [0x007D82DC]
	(No symbol) [0x007D93DD]
	GetHandleVerifier [0x00B7AABD+2539405]
	GetHandleVerifier [0x00BBA78F+2800735]
	GetHandleVerifier [0x00BB456C+2775612]
	GetHandleVerifier [0x009A51E0+616112]
	(No symbol) [0x008B5F8C]
	(No symbol) [0x008B2328]
	(No symbol) [0x008B240B]
	(No symbol) [0x008A4FF7]
	BaseThreadInitThunk [0x75E07D59+25]
	RtlInitializeExceptionChain [0x774BB79B+107]
	RtlClearBits [0x774BB71F+191]

2023-08-04 10:04:58,223 - ERROR - TrackOrder_module - Couldn't find the Element to get Factory Title : 
 Message: 
Stacktrace:
Backtrace:
	GetHandleVerifier [0x0091A813+48355]
	(No symbol) [0x008AC4B1]
	(No symbol) [0x007B5358]
	(No symbol) [0x007E09A5]
	(No symbol) [0x007E0B3B]
	(No symbol) [0x0080E232]
	(No symbol) [0x007FA784]
	(No symbol) [0x0080C922]
	(No symbol) [0x007FA536]
	(No symbol) [0x007D82DC]
	(No symbol) [0x007D93DD]
	GetHandleVerifier [0x00B7AABD+2539405]
	GetHandleVerifier [0x00BBA78F+2800735]
	GetHandleVerifier [0x00BB456C+2775612]
	GetHandleVerifier [0x009A51E0+616112]
	(No symbol) [0x008B5F8C]
	(No symbol) [0x008B2328]
	(No symbol) [0x008B240B]
	(No symbol) [0x008A4FF7]
	BaseThreadInitThunk [0x75E07D59+25]
	RtlInitializeExceptionChain [0x774BB79B+107]
	RtlClearBits [0x774BB71F+191]

2023-08-04 10:04:58,249 - ERROR - TrackOrder_module - Couldn't find the Element to Check Factory Check: 
 Message: no such element: Unable to locate element: {"method":"xpath","selector":"//div[@class='ant-col table-content ant-col-sm-6']/div[contains(@class, 'unActive')]"}
  (Session info: chrome=115.0.5790.110)
Stacktrace:
Backtrace:
	GetHandleVerifier [0x0091A813+48355]
	(No symbol) [0x008AC4B1]
	(No symbol) [0x007B5358]
	(No symbol) [0x007E09A5]
	(No symbol) [0x007E0B3B]
	(No symbol) [0x0080E232]
	(No symbol) [0x007FA784]
	(No symbol) [0x0080C922]
	(No symbol) [0x007FA536]
	(No symbol) [0x007D82DC]
	(No symbol) [0x007D93DD]
	GetHandleVerifier [0x00B7AABD+2539405]
	GetHandleVerifier [0x00BBA78F+2800735]
	GetHandleVerifier [0x00BB456C+2775612]
	GetHandleVerifier [0x009A51E0+616112]
	(No symbol) [0x008B5F8C]
	(No symbol) [0x008B2328]
	(No symbol) [0x008B240B]
	(No symbol) [0x008A4FF7]
	BaseThreadInitThunk [0x75E07D59+25]
	RtlInitializeExceptionChain [0x774BB79B+107]
	RtlClearBits [0x774BB71F+191]

2023-08-04 15:21:18,185 - ERROR - TrackOrder_module - Couldn't find the Element to get Factory Title : 
 Message: 
Stacktrace:
Backtrace:
	GetHandleVerifier [0x0042A813+48355]
	(No symbol) [0x003BC4B1]
	(No symbol) [0x002C5358]
	(No symbol) [0x002F09A5]
	(No symbol) [0x002F0B3B]
	(No symbol) [0x0031E232]
	(No symbol) [0x0030A784]
	(No symbol) [0x0031C922]
	(No symbol) [0x0030A536]
	(No symbol) [0x002E82DC]
	(No symbol) [0x002E93DD]
	GetHandleVerifier [0x0068AABD+2539405]
	GetHandleVerifier [0x006CA78F+2800735]
	GetHandleVerifier [0x006C456C+2775612]
	GetHandleVerifier [0x004B51E0+616112]
	(No symbol) [0x003C5F8C]
	(No symbol) [0x003C2328]
	(No symbol) [0x003C240B]
	(No symbol) [0x003B4FF7]
	BaseThreadInitThunk [0x75E07D59+25]
	RtlInitializeExceptionChain [0x774BB79B+107]
	RtlClearBits [0x774BB71F+191]

2023-08-04 15:21:18,325 - ERROR - TrackOrder_module - Couldn't find the Element to Check Factory Check: 
 Message: no such element: Unable to locate element: {"method":"xpath","selector":"//div[@class='ant-col table-content ant-col-sm-6']/div[contains(@class, 'unActive')]"}
  (Session info: chrome=115.0.5790.110)
Stacktrace:
Backtrace:
	GetHandleVerifier [0x0042A813+48355]
	(No symbol) [0x003BC4B1]
	(No symbol) [0x002C5358]
	(No symbol) [0x002F09A5]
	(No symbol) [0x002F0B3B]
	(No symbol) [0x0031E232]
	(No symbol) [0x0030A784]
	(No symbol) [0x0031C922]
	(No symbol) [0x0030A536]
	(No symbol) [0x002E82DC]
	(No symbol) [0x002E93DD]
	GetHandleVerifier [0x0068AABD+2539405]
	GetHandleVerifier [0x006CA78F+2800735]
	GetHandleVerifier [0x006C456C+2775612]
	GetHandleVerifier [0x004B51E0+616112]
	(No symbol) [0x003C5F8C]
	(No symbol) [0x003C2328]
	(No symbol) [0x003C240B]
	(No symbol) [0x003B4FF7]
	BaseThreadInitThunk [0x75E07D59+25]
	RtlInitializeExceptionChain [0x774BB79B+107]
	RtlClearBits [0x774BB71F+191]

2023-08-04 15:21:41,489 - ERROR - TrackOrder_module - Couldn't find the Element to get Factory Title : 
 Message: 
Stacktrace:
Backtrace:
	GetHandleVerifier [0x0042A813+48355]
	(No symbol) [0x003BC4B1]
	(No symbol) [0x002C5358]
	(No symbol) [0x002F09A5]
	(No symbol) [0x002F0B3B]
	(No symbol) [0x0031E232]
	(No symbol) [0x0030A784]
	(No symbol) [0x0031C922]
	(No symbol) [0x0030A536]
	(No symbol) [0x002E82DC]
	(No symbol) [0x002E93DD]
	GetHandleVerifier [0x0068AABD+2539405]
	GetHandleVerifier [0x006CA78F+2800735]
	GetHandleVerifier [0x006C456C+2775612]
	GetHandleVerifier [0x004B51E0+616112]
	(No symbol) [0x003C5F8C]
	(No symbol) [0x003C2328]
	(No symbol) [0x003C240B]
	(No symbol) [0x003B4FF7]
	BaseThreadInitThunk [0x75E07D59+25]
	RtlInitializeExceptionChain [0x774BB79B+107]
	RtlClearBits [0x774BB71F+191]

2023-08-04 15:21:41,513 - ERROR - TrackOrder_module - Couldn't find the Element to Check Factory Check: 
 Message: no such element: Unable to locate element: {"method":"xpath","selector":"//div[@class='ant-col table-content ant-col-sm-6']/div[contains(@class, 'unActive')]"}
  (Session info: chrome=115.0.5790.110)
Stacktrace:
Backtrace:
	GetHandleVerifier [0x0042A813+48355]
	(No symbol) [0x003BC4B1]
	(No symbol) [0x002C5358]
	(No symbol) [0x002F09A5]
	(No symbol) [0x002F0B3B]
	(No symbol) [0x0031E232]
	(No symbol) [0x0030A784]
	(No symbol) [0x0031C922]
	(No symbol) [0x0030A536]
	(No symbol) [0x002E82DC]
	(No symbol) [0x002E93DD]
	GetHandleVerifier [0x0068AABD+2539405]
	GetHandleVerifier [0x006CA78F+2800735]
	GetHandleVerifier [0x006C456C+2775612]
	GetHandleVerifier [0x004B51E0+616112]
	(No symbol) [0x003C5F8C]
	(No symbol) [0x003C2328]
	(No symbol) [0x003C240B]
	(No symbol) [0x003B4FF7]
	BaseThreadInitThunk [0x75E07D59+25]
	RtlInitializeExceptionChain [0x774BB79B+107]
	RtlClearBits [0x774BB71F+191]

2023-08-04 15:22:06,025 - ERROR - TrackOrder_module - Couldn't find the Element to get Factory Title : 
 Message: 
Stacktrace:
Backtrace:
	GetHandleVerifier [0x0042A813+48355]
	(No symbol) [0x003BC4B1]
	(No symbol) [0x002C5358]
	(No symbol) [0x002F09A5]
	(No symbol) [0x002F0B3B]
	(No symbol) [0x0031E232]
	(No symbol) [0x0030A784]
	(No symbol) [0x0031C922]
	(No symbol) [0x0030A536]
	(No symbol) [0x002E82DC]
	(No symbol) [0x002E93DD]
	GetHandleVerifier [0x0068AABD+2539405]
	GetHandleVerifier [0x006CA78F+2800735]
	GetHandleVerifier [0x006C456C+2775612]
	GetHandleVerifier [0x004B51E0+616112]
	(No symbol) [0x003C5F8C]
	(No symbol) [0x003C2328]
	(No symbol) [0x003C240B]
	(No symbol) [0x003B4FF7]
	BaseThreadInitThunk [0x75E07D59+25]
	RtlInitializeExceptionChain [0x774BB79B+107]
	RtlClearBits [0x774BB71F+191]

2023-08-04 15:22:06,040 - ERROR - TrackOrder_module - Couldn't find the Element to Check Factory Check: 
 Message: no such element: Unable to locate element: {"method":"xpath","selector":"//div[@class='ant-col table-content ant-col-sm-6']/div[contains(@class, 'unActive')]"}
  (Session info: chrome=115.0.5790.110)
Stacktrace:
Backtrace:
	GetHandleVerifier [0x0042A813+48355]
	(No symbol) [0x003BC4B1]
	(No symbol) [0x002C5358]
	(No symbol) [0x002F09A5]
	(No symbol) [0x002F0B3B]
	(No symbol) [0x0031E232]
	(No symbol) [0x0030A784]
	(No symbol) [0x0031C922]
	(No symbol) [0x0030A536]
	(No symbol) [0x002E82DC]
	(No symbol) [0x002E93DD]
	GetHandleVerifier [0x0068AABD+2539405]
	GetHandleVerifier [0x006CA78F+2800735]
	GetHandleVerifier [0x006C456C+2775612]
	GetHandleVerifier [0x004B51E0+616112]
	(No symbol) [0x003C5F8C]
	(No symbol) [0x003C2328]
	(No symbol) [0x003C240B]
	(No symbol) [0x003B4FF7]
	BaseThreadInitThunk [0x75E07D59+25]
	RtlInitializeExceptionChain [0x774BB79B+107]
	RtlClearBits [0x774BB71F+191]

2023-08-04 15:22:33,456 - ERROR - TrackOrder_module - Couldn't find the Element to get Factory Title : 
 Message: 
Stacktrace:
Backtrace:
	GetHandleVerifier [0x0042A813+48355]
	(No symbol) [0x003BC4B1]
	(No symbol) [0x002C5358]
	(No symbol) [0x002F09A5]
	(No symbol) [0x002F0B3B]
	(No symbol) [0x0031E232]
	(No symbol) [0x0030A784]
	(No symbol) [0x0031C922]
	(No symbol) [0x0030A536]
	(No symbol) [0x002E82DC]
	(No symbol) [0x002E93DD]
	GetHandleVerifier [0x0068AABD+2539405]
	GetHandleVerifier [0x006CA78F+2800735]
	GetHandleVerifier [0x006C456C+2775612]
	GetHandleVerifier [0x004B51E0+616112]
	(No symbol) [0x003C5F8C]
	(No symbol) [0x003C2328]
	(No symbol) [0x003C240B]
	(No symbol) [0x003B4FF7]
	BaseThreadInitThunk [0x75E07D59+25]
	RtlInitializeExceptionChain [0x774BB79B+107]
	RtlClearBits [0x774BB71F+191]

2023-08-04 15:22:33,481 - ERROR - TrackOrder_module - Couldn't find the Element to Check Factory Check: 
 Message: no such element: Unable to locate element: {"method":"xpath","selector":"//div[@class='ant-col table-content ant-col-sm-6']/div[contains(@class, 'unActive')]"}
  (Session info: chrome=115.0.5790.110)
Stacktrace:
Backtrace:
	GetHandleVerifier [0x0042A813+48355]
	(No symbol) [0x003BC4B1]
	(No symbol) [0x002C5358]
	(No symbol) [0x002F09A5]
	(No symbol) [0x002F0B3B]
	(No symbol) [0x0031E232]
	(No symbol) [0x0030A784]
	(No symbol) [0x0031C922]
	(No symbol) [0x0030A536]
	(No symbol) [0x002E82DC]
	(No symbol) [0x002E93DD]
	GetHandleVerifier [0x0068AABD+2539405]
	GetHandleVerifier [0x006CA78F+2800735]
	GetHandleVerifier [0x006C456C+2775612]
	GetHandleVerifier [0x004B51E0+616112]
	(No symbol) [0x003C5F8C]
	(No symbol) [0x003C2328]
	(No symbol) [0x003C240B]
	(No symbol) [0x003B4FF7]
	BaseThreadInitThunk [0x75E07D59+25]
	RtlInitializeExceptionChain [0x774BB79B+107]
	RtlClearBits [0x774BB71F+191]

2023-08-11 11:29:15,149 - ERROR - TrackOrder_module - Couldn't find the Element to Check Factory Check: 
 Message: no such element: Unable to locate element: {"method":"xpath","selector":"//div[@class='ant-col table-content ant-col-sm-6']/div[contains(@class, 'unActive')]"}
  (Session info: chrome=115.0.5790.171)
Stacktrace:
Backtrace:
	GetHandleVerifier [0x00DBA813+48355]
	(No symbol) [0x00D4C4B1]
	(No symbol) [0x00C55358]
	(No symbol) [0x00C809A5]
	(No symbol) [0x00C80B3B]
	(No symbol) [0x00CAE232]
	(No symbol) [0x00C9A784]
	(No symbol) [0x00CAC922]
	(No symbol) [0x00C9A536]
	(No symbol) [0x00C782DC]
	(No symbol) [0x00C793DD]
	GetHandleVerifier [0x0101AABD+2539405]
	GetHandleVerifier [0x0105A78F+2800735]
	GetHandleVerifier [0x0105456C+2775612]
	GetHandleVerifier [0x00E451E0+616112]
	(No symbol) [0x00D55F8C]
	(No symbol) [0x00D52328]
	(No symbol) [0x00D5240B]
	(No symbol) [0x00D44FF7]
	BaseThreadInitThunk [0x761D7D59+25]
	RtlInitializeExceptionChain [0x7706B79B+107]
	RtlClearBits [0x7706B71F+191]

2023-08-11 11:29:41,000 - ERROR - TrackOrder_module - Couldn't find the Element to Check Factory Check: 
 Message: no such element: Unable to locate element: {"method":"xpath","selector":"//div[@class='ant-col table-content ant-col-sm-6']/div[contains(@class, 'unActive')]"}
  (Session info: chrome=115.0.5790.171)
Stacktrace:
Backtrace:
	GetHandleVerifier [0x00DBA813+48355]
	(No symbol) [0x00D4C4B1]
	(No symbol) [0x00C55358]
	(No symbol) [0x00C809A5]
	(No symbol) [0x00C80B3B]
	(No symbol) [0x00CAE232]
	(No symbol) [0x00C9A784]
	(No symbol) [0x00CAC922]
	(No symbol) [0x00C9A536]
	(No symbol) [0x00C782DC]
	(No symbol) [0x00C793DD]
	GetHandleVerifier [0x0101AABD+2539405]
	GetHandleVerifier [0x0105A78F+2800735]
	GetHandleVerifier [0x0105456C+2775612]
	GetHandleVerifier [0x00E451E0+616112]
	(No symbol) [0x00D55F8C]
	(No symbol) [0x00D52328]
	(No symbol) [0x00D5240B]
	(No symbol) [0x00D44FF7]
	BaseThreadInitThunk [0x761D7D59+25]
	RtlInitializeExceptionChain [0x7706B79B+107]
	RtlClearBits [0x7706B71F+191]

2023-08-11 11:29:55,068 - ERROR - TrackOrder_module - Couldn't find the Element to Check Factory Check: 
 Message: no such element: Unable to locate element: {"method":"xpath","selector":"//div[@class='ant-col table-content ant-col-sm-6']/div[contains(@class, 'unActive')]"}
  (Session info: chrome=115.0.5790.171)
Stacktrace:
Backtrace:
	GetHandleVerifier [0x00DBA813+48355]
	(No symbol) [0x00D4C4B1]
	(No symbol) [0x00C55358]
	(No symbol) [0x00C809A5]
	(No symbol) [0x00C80B3B]
	(No symbol) [0x00CAE232]
	(No symbol) [0x00C9A784]
	(No symbol) [0x00CAC922]
	(No symbol) [0x00C9A536]
	(No symbol) [0x00C782DC]
	(No symbol) [0x00C793DD]
	GetHandleVerifier [0x0101AABD+2539405]
	GetHandleVerifier [0x0105A78F+2800735]
	GetHandleVerifier [0x0105456C+2775612]
	GetHandleVerifier [0x00E451E0+616112]
	(No symbol) [0x00D55F8C]
	(No symbol) [0x00D52328]
	(No symbol) [0x00D5240B]
	(No symbol) [0x00D44FF7]
	BaseThreadInitThunk [0x761D7D59+25]
	RtlInitializeExceptionChain [0x7706B79B+107]
	RtlClearBits [0x7706B71F+191]

2023-08-18 11:27:13,916 - ERROR - TrackOrder_module - Couldn't find the Element to Check Factory Check: 
 Message: no such element: Unable to locate element: {"method":"xpath","selector":"//div[@class='ant-col table-content ant-col-sm-6']/div[contains(@class, 'unActive')]"}
  (Session info: chrome=115.0.5790.171)
Stacktrace:
Backtrace:
	GetHandleVerifier [0x0105A813+48355]
	(No symbol) [0x00FEC4B1]
	(No symbol) [0x00EF5358]
	(No symbol) [0x00F209A5]
	(No symbol) [0x00F20B3B]
	(No symbol) [0x00F4E232]
	(No symbol) [0x00F3A784]
	(No symbol) [0x00F4C922]
	(No symbol) [0x00F3A536]
	(No symbol) [0x00F182DC]
	(No symbol) [0x00F193DD]
	GetHandleVerifier [0x012BAABD+2539405]
	GetHandleVerifier [0x012FA78F+2800735]
	GetHandleVerifier [0x012F456C+2775612]
	GetHandleVerifier [0x010E51E0+616112]
	(No symbol) [0x00FF5F8C]
	(No symbol) [0x00FF2328]
	(No symbol) [0x00FF240B]
	(No symbol) [0x00FE4FF7]
	BaseThreadInitThunk [0x75167D59+25]
	RtlInitializeExceptionChain [0x7702B79B+107]
	RtlClearBits [0x7702B71F+191]

2023-08-18 11:27:41,310 - ERROR - TrackOrder_module - Couldn't find the Element to Check Factory Check: 
 Message: no such element: Unable to locate element: {"method":"xpath","selector":"//div[@class='ant-col table-content ant-col-sm-6']/div[contains(@class, 'unActive')]"}
  (Session info: chrome=115.0.5790.171)
Stacktrace:
Backtrace:
	GetHandleVerifier [0x0105A813+48355]
	(No symbol) [0x00FEC4B1]
	(No symbol) [0x00EF5358]
	(No symbol) [0x00F209A5]
	(No symbol) [0x00F20B3B]
	(No symbol) [0x00F4E232]
	(No symbol) [0x00F3A784]
	(No symbol) [0x00F4C922]
	(No symbol) [0x00F3A536]
	(No symbol) [0x00F182DC]
	(No symbol) [0x00F193DD]
	GetHandleVerifier [0x012BAABD+2539405]
	GetHandleVerifier [0x012FA78F+2800735]
	GetHandleVerifier [0x012F456C+2775612]
	GetHandleVerifier [0x010E51E0+616112]
	(No symbol) [0x00FF5F8C]
	(No symbol) [0x00FF2328]
	(No symbol) [0x00FF240B]
	(No symbol) [0x00FE4FF7]
	BaseThreadInitThunk [0x75167D59+25]
	RtlInitializeExceptionChain [0x7702B79B+107]
	RtlClearBits [0x7702B71F+191]

2023-08-18 11:27:56,127 - ERROR - TrackOrder_module - Couldn't find the Element to Check Factory Check: 
 Message: no such element: Unable to locate element: {"method":"xpath","selector":"//div[@class='ant-col table-content ant-col-sm-6']/div[contains(@class, 'unActive')]"}
  (Session info: chrome=115.0.5790.171)
Stacktrace:
Backtrace:
	GetHandleVerifier [0x0105A813+48355]
	(No symbol) [0x00FEC4B1]
	(No symbol) [0x00EF5358]
	(No symbol) [0x00F209A5]
	(No symbol) [0x00F20B3B]
	(No symbol) [0x00F4E232]
	(No symbol) [0x00F3A784]
	(No symbol) [0x00F4C922]
	(No symbol) [0x00F3A536]
	(No symbol) [0x00F182DC]
	(No symbol) [0x00F193DD]
	GetHandleVerifier [0x012BAABD+2539405]
	GetHandleVerifier [0x012FA78F+2800735]
	GetHandleVerifier [0x012F456C+2775612]
	GetHandleVerifier [0x010E51E0+616112]
	(No symbol) [0x00FF5F8C]
	(No symbol) [0x00FF2328]
	(No symbol) [0x00FF240B]
	(No symbol) [0x00FE4FF7]
	BaseThreadInitThunk [0x75167D59+25]
	RtlInitializeExceptionChain [0x7702B79B+107]
	RtlClearBits [0x7702B71F+191]

