2023-08-04 12:25:02,855 - ERROR - Product_management - Unable to locate gender element : Message: 

2023-08-04 12:33:05,752 - ERROR - Product_management - Unable to Find Name field : 'str' object is not callable
2023-08-04 12:33:05,787 - ERROR - Product_management - Unable to Find category field : 'str' object is not callable
2023-08-04 12:33:05,827 - ERROR - Product_management - Unable to Find Tag field : 'str' object is not callable
2023-08-04 12:33:05,870 - ERROR - Product_management - Unable to Find Hardware field : 'str' object is not callable
2023-08-04 12:33:05,921 - ERROR - Product_management - Unable to Find Lining field : 'str' object is not callable
2023-08-04 12:33:05,954 - ERROR - Product_management - Unable to Find Polyfill field : 'str' object is not callable
2023-08-04 12:33:05,984 - ERROR - Product_management - Unable to Find rib field : 'str' object is not callable
2023-08-04 12:34:43,319 - ERROR - Product_management - Unable to Find Name field : 'str' object is not callable
2023-08-04 12:34:43,357 - ERROR - Product_management - Unable to Find category field : 'str' object is not callable
2023-08-04 12:34:43,386 - ERROR - Product_management - Unable to Find Tag field : 'str' object is not callable
2023-08-04 12:34:43,412 - ERROR - Product_management - Unable to Find Hardware field : 'str' object is not callable
2023-08-04 12:34:43,439 - ERROR - Product_management - Unable to Find Lining field : 'str' object is not callable
2023-08-04 12:34:43,466 - ERROR - Product_management - Unable to Find Polyfill field : 'str' object is not callable
2023-08-04 12:34:43,505 - ERROR - Product_management - Unable to Find rib field : 'str' object is not callable
2023-08-04 12:36:19,227 - ERROR - Product_management - Unable to Find Name field : 'str' object is not callable
2023-08-04 12:36:19,267 - ERROR - Product_management - Unable to Find category field : 'str' object is not callable
2023-08-04 12:36:19,319 - ERROR - Product_management - Unable to Find Tag field : 'str' object is not callable
2023-08-04 12:36:19,360 - ERROR - Product_management - Unable to Find Hardware field : 'str' object is not callable
2023-08-04 12:36:19,395 - ERROR - Product_management - Unable to Find Lining field : 'str' object is not callable
2023-08-04 12:36:19,437 - ERROR - Product_management - Unable to Find Polyfill field : 'str' object is not callable
2023-08-04 12:36:19,470 - ERROR - Product_management - Unable to Find rib field : 'str' object is not callable
2023-08-04 12:38:22,138 - ERROR - Product_management - Unable to Find Name field : 'str' object is not callable
2023-08-04 12:38:22,166 - ERROR - Product_management - Unable to Find category field : 'str' object is not callable
2023-08-04 12:38:22,194 - ERROR - Product_management - Unable to Find Tag field : 'str' object is not callable
2023-08-04 12:38:22,226 - ERROR - Product_management - Unable to Find Hardware field : 'str' object is not callable
2023-08-04 12:38:22,251 - ERROR - Product_management - Unable to Find Lining field : 'str' object is not callable
2023-08-04 12:38:22,284 - ERROR - Product_management - Unable to Find Polyfill field : 'str' object is not callable
2023-08-04 12:38:22,313 - ERROR - Product_management - Unable to Find rib field : 'str' object is not callable
2023-08-04 12:39:56,663 - ERROR - Product_management - Unable to Find Name field : 'str' object is not callable
2023-08-04 12:39:56,718 - ERROR - Product_management - Unable to Find category field : 'str' object is not callable
2023-08-04 12:39:56,769 - ERROR - Product_management - Unable to Find Tag field : 'str' object is not callable
2023-08-04 12:39:56,821 - ERROR - Product_management - Unable to Find Hardware field : 'str' object is not callable
2023-08-04 12:39:56,866 - ERROR - Product_management - Unable to Find Lining field : 'str' object is not callable
2023-08-04 12:39:56,899 - ERROR - Product_management - Unable to Find Polyfill field : 'str' object is not callable
2023-08-04 12:39:56,937 - ERROR - Product_management - Unable to Find rib field : 'str' object is not callable
2023-08-04 12:41:29,837 - ERROR - Product_management - Unable to Find Name field : 'str' object is not callable
2023-08-04 12:41:29,865 - ERROR - Product_management - Unable to Find category field : 'str' object is not callable
2023-08-04 12:41:29,890 - ERROR - Product_management - Unable to Find Tag field : 'str' object is not callable
2023-08-04 12:41:29,915 - ERROR - Product_management - Unable to Find Hardware field : 'str' object is not callable
2023-08-04 12:41:29,964 - ERROR - Product_management - Unable to Find Lining field : 'str' object is not callable
2023-08-04 12:41:30,011 - ERROR - Product_management - Unable to Find Polyfill field : 'str' object is not callable
2023-08-04 12:41:30,043 - ERROR - Product_management - Unable to Find rib field : 'str' object is not callable
2023-08-11 12:50:51,429 - ERROR - Product_management - Unable to Find Name field : 'str' object is not callable
2023-08-11 12:50:51,854 - ERROR - Product_management - Unable to Find category field : 'str' object is not callable
2023-08-11 12:50:51,901 - ERROR - Product_management - Unable to Find Tag field : 'str' object is not callable
2023-08-11 12:50:51,951 - ERROR - Product_management - Unable to Find Hardware field : 'str' object is not callable
2023-08-11 12:50:51,996 - ERROR - Product_management - Unable to Find Lining field : 'str' object is not callable
2023-08-11 12:50:52,048 - ERROR - Product_management - Unable to Find Polyfill field : 'str' object is not callable
2023-08-11 12:50:52,100 - ERROR - Product_management - Unable to Find rib field : 'str' object is not callable
2023-08-11 12:52:35,671 - ERROR - Product_management - Unable to Find Name field : 'str' object is not callable
2023-08-11 12:52:35,718 - ERROR - Product_management - Unable to Find category field : 'str' object is not callable
2023-08-11 12:52:35,764 - ERROR - Product_management - Unable to Find Tag field : 'str' object is not callable
2023-08-11 12:52:35,806 - ERROR - Product_management - Unable to Find Hardware field : 'str' object is not callable
2023-08-11 12:52:35,856 - ERROR - Product_management - Unable to Find Lining field : 'str' object is not callable
2023-08-11 12:52:35,897 - ERROR - Product_management - Unable to Find Polyfill field : 'str' object is not callable
2023-08-11 12:52:35,941 - ERROR - Product_management - Unable to Find rib field : 'str' object is not callable
2023-08-11 12:54:12,916 - ERROR - Product_management - Unable to Find Name field : 'str' object is not callable
2023-08-11 12:54:12,960 - ERROR - Product_management - Unable to Find category field : 'str' object is not callable
2023-08-11 12:54:13,010 - ERROR - Product_management - Unable to Find Tag field : 'str' object is not callable
2023-08-11 12:54:13,051 - ERROR - Product_management - Unable to Find Hardware field : 'str' object is not callable
2023-08-11 12:54:13,110 - ERROR - Product_management - Unable to Find Lining field : 'str' object is not callable
2023-08-11 12:54:13,156 - ERROR - Product_management - Unable to Find Polyfill field : 'str' object is not callable
2023-08-11 12:54:13,204 - ERROR - Product_management - Unable to Find rib field : 'str' object is not callable
2023-08-11 12:56:03,634 - ERROR - Product_management - Unable to Find Name field : 'str' object is not callable
2023-08-11 12:56:03,664 - ERROR - Product_management - Unable to Find category field : 'str' object is not callable
2023-08-11 12:56:03,691 - ERROR - Product_management - Unable to Find Tag field : 'str' object is not callable
2023-08-11 12:56:03,718 - ERROR - Product_management - Unable to Find Hardware field : 'str' object is not callable
2023-08-11 12:56:03,744 - ERROR - Product_management - Unable to Find Lining field : 'str' object is not callable
2023-08-11 12:56:03,771 - ERROR - Product_management - Unable to Find Polyfill field : 'str' object is not callable
2023-08-11 12:56:03,809 - ERROR - Product_management - Unable to Find rib field : 'str' object is not callable
2023-08-11 12:57:34,707 - ERROR - Product_management - Unable to Find edit button for the Product : Message: stale element reference: stale element not found
  (Session info: chrome=115.0.5790.171)
Stacktrace:
Backtrace:
	GetHandleVerifier [0x00DBA813+48355]
	(No symbol) [0x00D4C4B1]
	(No symbol) [0x00C55358]
	(No symbol) [0x00C587A1]
	(No symbol) [0x00C599E1]
	(No symbol) [0x00C59A80]
	(No symbol) [0x00C81D29]
	(No symbol) [0x00C79DAD]
	(No symbol) [0x00C9A73C]
	(No symbol) [0x00C79A36]
	(No symbol) [0x00C9AA94]
	(No symbol) [0x00CAC922]
	(No symbol) [0x00C9A536]
	(No symbol) [0x00C782DC]
	(No symbol) [0x00C793DD]
	GetHandleVerifier [0x0101AABD+2539405]
	GetHandleVerifier [0x0105A78F+2800735]
	GetHandleVerifier [0x0105456C+2775612]
	GetHandleVerifier [0x00E451E0+616112]
	(No symbol) [0x00D55F8C]
	(No symbol) [0x00D52328]
	(No symbol) [0x00D5240B]
	(No symbol) [0x00D44FF7]
	BaseThreadInitThunk [0x761D7D59+25]
	RtlInitializeExceptionChain [0x7706B79B+107]
	RtlClearBits [0x7706B71F+191]

2023-08-11 12:57:47,775 - ERROR - Product_management - Unable to Find Name field : Message: 
Stacktrace:
Backtrace:
	GetHandleVerifier [0x00DBA813+48355]
	(No symbol) [0x00D4C4B1]
	(No symbol) [0x00C55358]
	(No symbol) [0x00C809A5]
	(No symbol) [0x00C80B3B]
	(No symbol) [0x00CAE232]
	(No symbol) [0x00C9A784]
	(No symbol) [0x00CAC922]
	(No symbol) [0x00C9A536]
	(No symbol) [0x00C782DC]
	(No symbol) [0x00C793DD]
	GetHandleVerifier [0x0101AABD+2539405]
	GetHandleVerifier [0x0105A78F+2800735]
	GetHandleVerifier [0x0105456C+2775612]
	GetHandleVerifier [0x00E451E0+616112]
	(No symbol) [0x00D55F8C]
	(No symbol) [0x00D52328]
	(No symbol) [0x00D5240B]
	(No symbol) [0x00D44FF7]
	BaseThreadInitThunk [0x761D7D59+25]
	RtlInitializeExceptionChain [0x7706B79B+107]
	RtlClearBits [0x7706B71F+191]

2023-08-11 12:57:57,795 - ERROR - Product_management - Unable to Find category field : Message: 
Stacktrace:
Backtrace:
	GetHandleVerifier [0x00DBA813+48355]
	(No symbol) [0x00D4C4B1]
	(No symbol) [0x00C55358]
	(No symbol) [0x00C809A5]
	(No symbol) [0x00C80B3B]
	(No symbol) [0x00CAE232]
	(No symbol) [0x00C9A784]
	(No symbol) [0x00CAC922]
	(No symbol) [0x00C9A536]
	(No symbol) [0x00C782DC]
	(No symbol) [0x00C793DD]
	GetHandleVerifier [0x0101AABD+2539405]
	GetHandleVerifier [0x0105A78F+2800735]
	GetHandleVerifier [0x0105456C+2775612]
	GetHandleVerifier [0x00E451E0+616112]
	(No symbol) [0x00D55F8C]
	(No symbol) [0x00D52328]
	(No symbol) [0x00D5240B]
	(No symbol) [0x00D44FF7]
	BaseThreadInitThunk [0x761D7D59+25]
	RtlInitializeExceptionChain [0x7706B79B+107]
	RtlClearBits [0x7706B71F+191]

2023-08-11 12:58:07,869 - ERROR - Product_management - Unable to Find Tag field : Message: 
Stacktrace:
Backtrace:
	GetHandleVerifier [0x00DBA813+48355]
	(No symbol) [0x00D4C4B1]
	(No symbol) [0x00C55358]
	(No symbol) [0x00C809A5]
	(No symbol) [0x00C80B3B]
	(No symbol) [0x00CAE232]
	(No symbol) [0x00C9A784]
	(No symbol) [0x00CAC922]
	(No symbol) [0x00C9A536]
	(No symbol) [0x00C782DC]
	(No symbol) [0x00C793DD]
	GetHandleVerifier [0x0101AABD+2539405]
	GetHandleVerifier [0x0105A78F+2800735]
	GetHandleVerifier [0x0105456C+2775612]
	GetHandleVerifier [0x00E451E0+616112]
	(No symbol) [0x00D55F8C]
	(No symbol) [0x00D52328]
	(No symbol) [0x00D5240B]
	(No symbol) [0x00D44FF7]
	BaseThreadInitThunk [0x761D7D59+25]
	RtlInitializeExceptionChain [0x7706B79B+107]
	RtlClearBits [0x7706B71F+191]

2023-08-11 12:58:17,897 - ERROR - Product_management - Unable to Find Hardware field : Message: 
Stacktrace:
Backtrace:
	GetHandleVerifier [0x00DBA813+48355]
	(No symbol) [0x00D4C4B1]
	(No symbol) [0x00C55358]
	(No symbol) [0x00C809A5]
	(No symbol) [0x00C80B3B]
	(No symbol) [0x00CAE232]
	(No symbol) [0x00C9A784]
	(No symbol) [0x00CAC922]
	(No symbol) [0x00C9A536]
	(No symbol) [0x00C782DC]
	(No symbol) [0x00C793DD]
	GetHandleVerifier [0x0101AABD+2539405]
	GetHandleVerifier [0x0105A78F+2800735]
	GetHandleVerifier [0x0105456C+2775612]
	GetHandleVerifier [0x00E451E0+616112]
	(No symbol) [0x00D55F8C]
	(No symbol) [0x00D52328]
	(No symbol) [0x00D5240B]
	(No symbol) [0x00D44FF7]
	BaseThreadInitThunk [0x761D7D59+25]
	RtlInitializeExceptionChain [0x7706B79B+107]
	RtlClearBits [0x7706B71F+191]

2023-08-11 12:58:27,964 - ERROR - Product_management - Unable to Find Lining field : Message: 
Stacktrace:
Backtrace:
	GetHandleVerifier [0x00DBA813+48355]
	(No symbol) [0x00D4C4B1]
	(No symbol) [0x00C55358]
	(No symbol) [0x00C809A5]
	(No symbol) [0x00C80B3B]
	(No symbol) [0x00CAE232]
	(No symbol) [0x00C9A784]
	(No symbol) [0x00CAC922]
	(No symbol) [0x00C9A536]
	(No symbol) [0x00C782DC]
	(No symbol) [0x00C793DD]
	GetHandleVerifier [0x0101AABD+2539405]
	GetHandleVerifier [0x0105A78F+2800735]
	GetHandleVerifier [0x0105456C+2775612]
	GetHandleVerifier [0x00E451E0+616112]
	(No symbol) [0x00D55F8C]
	(No symbol) [0x00D52328]
	(No symbol) [0x00D5240B]
	(No symbol) [0x00D44FF7]
	BaseThreadInitThunk [0x761D7D59+25]
	RtlInitializeExceptionChain [0x7706B79B+107]
	RtlClearBits [0x7706B71F+191]

2023-08-11 12:58:38,038 - ERROR - Product_management - Unable to Find Polyfill field : Message: 
Stacktrace:
Backtrace:
	GetHandleVerifier [0x00DBA813+48355]
	(No symbol) [0x00D4C4B1]
	(No symbol) [0x00C55358]
	(No symbol) [0x00C809A5]
	(No symbol) [0x00C80B3B]
	(No symbol) [0x00CAE232]
	(No symbol) [0x00C9A784]
	(No symbol) [0x00CAC922]
	(No symbol) [0x00C9A536]
	(No symbol) [0x00C782DC]
	(No symbol) [0x00C793DD]
	GetHandleVerifier [0x0101AABD+2539405]
	GetHandleVerifier [0x0105A78F+2800735]
	GetHandleVerifier [0x0105456C+2775612]
	GetHandleVerifier [0x00E451E0+616112]
	(No symbol) [0x00D55F8C]
	(No symbol) [0x00D52328]
	(No symbol) [0x00D5240B]
	(No symbol) [0x00D44FF7]
	BaseThreadInitThunk [0x761D7D59+25]
	RtlInitializeExceptionChain [0x7706B79B+107]
	RtlClearBits [0x7706B71F+191]

2023-08-11 12:58:48,111 - ERROR - Product_management - Unable to Find rib field : Message: 
Stacktrace:
Backtrace:
	GetHandleVerifier [0x00DBA813+48355]
	(No symbol) [0x00D4C4B1]
	(No symbol) [0x00C55358]
	(No symbol) [0x00C809A5]
	(No symbol) [0x00C80B3B]
	(No symbol) [0x00CAE232]
	(No symbol) [0x00C9A784]
	(No symbol) [0x00CAC922]
	(No symbol) [0x00C9A536]
	(No symbol) [0x00C782DC]
	(No symbol) [0x00C793DD]
	GetHandleVerifier [0x0101AABD+2539405]
	GetHandleVerifier [0x0105A78F+2800735]
	GetHandleVerifier [0x0105456C+2775612]
	GetHandleVerifier [0x00E451E0+616112]
	(No symbol) [0x00D55F8C]
	(No symbol) [0x00D52328]
	(No symbol) [0x00D5240B]
	(No symbol) [0x00D44FF7]
	BaseThreadInitThunk [0x761D7D59+25]
	RtlInitializeExceptionChain [0x7706B79B+107]
	RtlClearBits [0x7706B71F+191]

2023-08-11 13:00:23,638 - ERROR - Product_management - Unable to Find Name field : 'str' object is not callable
2023-08-11 13:00:23,690 - ERROR - Product_management - Unable to Find category field : 'str' object is not callable
2023-08-11 13:00:23,732 - ERROR - Product_management - Unable to Find Tag field : 'str' object is not callable
2023-08-11 13:00:23,776 - ERROR - Product_management - Unable to Find Hardware field : 'str' object is not callable
2023-08-11 13:00:23,825 - ERROR - Product_management - Unable to Find Lining field : 'str' object is not callable
2023-08-11 13:00:23,875 - ERROR - Product_management - Unable to Find Polyfill field : 'str' object is not callable
2023-08-11 13:00:23,920 - ERROR - Product_management - Unable to Find rib field : 'str' object is not callable
2023-08-18 13:09:39,627 - ERROR - Product_management - Unable to find Secondary Image Input box : Message: no such element: Unable to locate element: {"method":"xpath","selector":"//div[@class='ant-upload ant-upload-drag common-s3-upload--container  ']/span/input[@type='file']"}
  (Session info: chrome=115.0.5790.173)
Stacktrace:
Backtrace:
	GetHandleVerifier [0x004BA813+48355]
	(No symbol) [0x0044C4B1]
	(No symbol) [0x00355358]
	(No symbol) [0x003809A5]
	(No symbol) [0x00380B3B]
	(No symbol) [0x003AE232]
	(No symbol) [0x0039A784]
	(No symbol) [0x003AC922]
	(No symbol) [0x0039A536]
	(No symbol) [0x003782DC]
	(No symbol) [0x003793DD]
	GetHandleVerifier [0x0071AABD+2539405]
	GetHandleVerifier [0x0075A78F+2800735]
	GetHandleVerifier [0x0075456C+2775612]
	GetHandleVerifier [0x005451E0+616112]
	(No symbol) [0x00455F8C]
	(No symbol) [0x00452328]
	(No symbol) [0x0045240B]
	(No symbol) [0x00444FF7]
	BaseThreadInitThunk [0x75167D59+25]
	RtlInitializeExceptionChain [0x7702B79B+107]
	RtlClearBits [0x7702B71F+191]

2023-08-18 13:10:00,601 - ERROR - Product_management - Unable to find Secondary Image Input box : Message: no such element: Unable to locate element: {"method":"xpath","selector":"//div[@class='ant-upload ant-upload-drag common-s3-upload--container  ']/span/input[@type='file']"}
  (Session info: chrome=115.0.5790.173)
Stacktrace:
Backtrace:
	GetHandleVerifier [0x004BA813+48355]
	(No symbol) [0x0044C4B1]
	(No symbol) [0x00355358]
	(No symbol) [0x003809A5]
	(No symbol) [0x00380B3B]
	(No symbol) [0x003AE232]
	(No symbol) [0x0039A784]
	(No symbol) [0x003AC922]
	(No symbol) [0x0039A536]
	(No symbol) [0x003782DC]
	(No symbol) [0x003793DD]
	GetHandleVerifier [0x0071AABD+2539405]
	GetHandleVerifier [0x0075A78F+2800735]
	GetHandleVerifier [0x0075456C+2775612]
	GetHandleVerifier [0x005451E0+616112]
	(No symbol) [0x00455F8C]
	(No symbol) [0x00452328]
	(No symbol) [0x0045240B]
	(No symbol) [0x00444FF7]
	BaseThreadInitThunk [0x75167D59+25]
	RtlInitializeExceptionChain [0x7702B79B+107]
	RtlClearBits [0x7702B71F+191]

2023-08-18 13:10:20,863 - ERROR - Product_management - Unable to find Secondary Image Input box : Message: no such element: Unable to locate element: {"method":"xpath","selector":"//div[@class='ant-upload ant-upload-drag common-s3-upload--container  ']/span/input[@type='file']"}
  (Session info: chrome=115.0.5790.173)
Stacktrace:
Backtrace:
	GetHandleVerifier [0x004BA813+48355]
	(No symbol) [0x0044C4B1]
	(No symbol) [0x00355358]
	(No symbol) [0x003809A5]
	(No symbol) [0x00380B3B]
	(No symbol) [0x003AE232]
	(No symbol) [0x0039A784]
	(No symbol) [0x003AC922]
	(No symbol) [0x0039A536]
	(No symbol) [0x003782DC]
	(No symbol) [0x003793DD]
	GetHandleVerifier [0x0071AABD+2539405]
	GetHandleVerifier [0x0075A78F+2800735]
	GetHandleVerifier [0x0075456C+2775612]
	GetHandleVerifier [0x005451E0+616112]
	(No symbol) [0x00455F8C]
	(No symbol) [0x00452328]
	(No symbol) [0x0045240B]
	(No symbol) [0x00444FF7]
	BaseThreadInitThunk [0x75167D59+25]
	RtlInitializeExceptionChain [0x7702B79B+107]
	RtlClearBits [0x7702B71F+191]

2023-08-18 13:10:42,062 - ERROR - Product_management - Unable to find Secondary Image Input box : Message: no such element: Unable to locate element: {"method":"xpath","selector":"//div[@class='ant-upload ant-upload-drag common-s3-upload--container  ']/span/input[@type='file']"}
  (Session info: chrome=115.0.5790.173)
Stacktrace:
Backtrace:
	GetHandleVerifier [0x004BA813+48355]
	(No symbol) [0x0044C4B1]
	(No symbol) [0x00355358]
	(No symbol) [0x003809A5]
	(No symbol) [0x00380B3B]
	(No symbol) [0x003AE232]
	(No symbol) [0x0039A784]
	(No symbol) [0x003AC922]
	(No symbol) [0x0039A536]
	(No symbol) [0x003782DC]
	(No symbol) [0x003793DD]
	GetHandleVerifier [0x0071AABD+2539405]
	GetHandleVerifier [0x0075A78F+2800735]
	GetHandleVerifier [0x0075456C+2775612]
	GetHandleVerifier [0x005451E0+616112]
	(No symbol) [0x00455F8C]
	(No symbol) [0x00452328]
	(No symbol) [0x0045240B]
	(No symbol) [0x00444FF7]
	BaseThreadInitThunk [0x75167D59+25]
	RtlInitializeExceptionChain [0x7702B79B+107]
	RtlClearBits [0x7702B71F+191]

2023-08-18 13:11:02,222 - ERROR - Product_management - Unable to find Secondary Image Input box : Message: no such element: Unable to locate element: {"method":"xpath","selector":"//div[@class='ant-upload ant-upload-drag common-s3-upload--container  ']/span/input[@type='file']"}
  (Session info: chrome=115.0.5790.173)
Stacktrace:
Backtrace:
	GetHandleVerifier [0x004BA813+48355]
	(No symbol) [0x0044C4B1]
	(No symbol) [0x00355358]
	(No symbol) [0x003809A5]
	(No symbol) [0x00380B3B]
	(No symbol) [0x003AE232]
	(No symbol) [0x0039A784]
	(No symbol) [0x003AC922]
	(No symbol) [0x0039A536]
	(No symbol) [0x003782DC]
	(No symbol) [0x003793DD]
	GetHandleVerifier [0x0071AABD+2539405]
	GetHandleVerifier [0x0075A78F+2800735]
	GetHandleVerifier [0x0075456C+2775612]
	GetHandleVerifier [0x005451E0+616112]
	(No symbol) [0x00455F8C]
	(No symbol) [0x00452328]
	(No symbol) [0x0045240B]
	(No symbol) [0x00444FF7]
	BaseThreadInitThunk [0x75167D59+25]
	RtlInitializeExceptionChain [0x7702B79B+107]
	RtlClearBits [0x7702B71F+191]

2023-08-18 13:11:22,584 - ERROR - Product_management - Unable to find Secondary Image Input box : Message: no such element: Unable to locate element: {"method":"xpath","selector":"//div[@class='ant-upload ant-upload-drag common-s3-upload--container  ']/span/input[@type='file']"}
  (Session info: chrome=115.0.5790.173)
Stacktrace:
Backtrace:
	GetHandleVerifier [0x004BA813+48355]
	(No symbol) [0x0044C4B1]
	(No symbol) [0x00355358]
	(No symbol) [0x003809A5]
	(No symbol) [0x00380B3B]
	(No symbol) [0x003AE232]
	(No symbol) [0x0039A784]
	(No symbol) [0x003AC922]
	(No symbol) [0x0039A536]
	(No symbol) [0x003782DC]
	(No symbol) [0x003793DD]
	GetHandleVerifier [0x0071AABD+2539405]
	GetHandleVerifier [0x0075A78F+2800735]
	GetHandleVerifier [0x0075456C+2775612]
	GetHandleVerifier [0x005451E0+616112]
	(No symbol) [0x00455F8C]
	(No symbol) [0x00452328]
	(No symbol) [0x0045240B]
	(No symbol) [0x00444FF7]
	BaseThreadInitThunk [0x75167D59+25]
	RtlInitializeExceptionChain [0x7702B79B+107]
	RtlClearBits [0x7702B71F+191]

2023-08-18 13:12:57,740 - ERROR - Product_management - Unable to Find edit button for the Product : Message: stale element reference: stale element not found
  (Session info: chrome=115.0.5790.173)
Stacktrace:
Backtrace:
	GetHandleVerifier [0x004BA813+48355]
	(No symbol) [0x0044C4B1]
	(No symbol) [0x00355358]
	(No symbol) [0x003587A1]
	(No symbol) [0x003599E1]
	(No symbol) [0x00359A80]
	(No symbol) [0x00384F77]
	(No symbol) [0x00383916]
	(No symbol) [0x0038239B]
	(No symbol) [0x0038179E]
	(No symbol) [0x00379F5C]
	(No symbol) [0x0039A73C]
	(No symbol) [0x00379A36]
	(No symbol) [0x0039AA94]
	(No symbol) [0x003AC922]
	(No symbol) [0x0039A536]
	(No symbol) [0x003782DC]
	(No symbol) [0x003793DD]
	GetHandleVerifier [0x0071AABD+2539405]
	GetHandleVerifier [0x0075A78F+2800735]
	GetHandleVerifier [0x0075456C+2775612]
	GetHandleVerifier [0x005451E0+616112]
	(No symbol) [0x00455F8C]
	(No symbol) [0x00452328]
	(No symbol) [0x0045240B]
	(No symbol) [0x00444FF7]
	BaseThreadInitThunk [0x75167D59+25]
	RtlInitializeExceptionChain [0x7702B79B+107]
	RtlClearBits [0x7702B71F+191]

2023-08-18 13:13:10,822 - ERROR - Product_management - Unable to Find Name field : Message: 
Stacktrace:
Backtrace:
	GetHandleVerifier [0x004BA813+48355]
	(No symbol) [0x0044C4B1]
	(No symbol) [0x00355358]
	(No symbol) [0x003809A5]
	(No symbol) [0x00380B3B]
	(No symbol) [0x003AE232]
	(No symbol) [0x0039A784]
	(No symbol) [0x003AC922]
	(No symbol) [0x0039A536]
	(No symbol) [0x003782DC]
	(No symbol) [0x003793DD]
	GetHandleVerifier [0x0071AABD+2539405]
	GetHandleVerifier [0x0075A78F+2800735]
	GetHandleVerifier [0x0075456C+2775612]
	GetHandleVerifier [0x005451E0+616112]
	(No symbol) [0x00455F8C]
	(No symbol) [0x00452328]
	(No symbol) [0x0045240B]
	(No symbol) [0x00444FF7]
	BaseThreadInitThunk [0x75167D59+25]
	RtlInitializeExceptionChain [0x7702B79B+107]
	RtlClearBits [0x7702B71F+191]

2023-08-18 13:13:20,940 - ERROR - Product_management - Unable to Find category field : Message: 
Stacktrace:
Backtrace:
	GetHandleVerifier [0x004BA813+48355]
	(No symbol) [0x0044C4B1]
	(No symbol) [0x00355358]
	(No symbol) [0x003809A5]
	(No symbol) [0x00380B3B]
	(No symbol) [0x003AE232]
	(No symbol) [0x0039A784]
	(No symbol) [0x003AC922]
	(No symbol) [0x0039A536]
	(No symbol) [0x003782DC]
	(No symbol) [0x003793DD]
	GetHandleVerifier [0x0071AABD+2539405]
	GetHandleVerifier [0x0075A78F+2800735]
	GetHandleVerifier [0x0075456C+2775612]
	GetHandleVerifier [0x005451E0+616112]
	(No symbol) [0x00455F8C]
	(No symbol) [0x00452328]
	(No symbol) [0x0045240B]
	(No symbol) [0x00444FF7]
	BaseThreadInitThunk [0x75167D59+25]
	RtlInitializeExceptionChain [0x7702B79B+107]
	RtlClearBits [0x7702B71F+191]

2023-08-18 13:13:25,364 - ERROR - Product_management - Unable to Find Tag field : 'str' object is not callable
2023-08-18 13:13:25,433 - ERROR - Product_management - Unable to Find Hardware field : 'str' object is not callable
2023-08-18 13:13:25,491 - ERROR - Product_management - Unable to Find Lining field : 'str' object is not callable
2023-08-18 13:13:25,543 - ERROR - Product_management - Unable to Find Polyfill field : 'str' object is not callable
2023-08-18 13:13:25,594 - ERROR - Product_management - Unable to Find rib field : 'str' object is not callable
2023-08-18 13:15:11,218 - ERROR - Product_management - Unable to Find Name field : 'str' object is not callable
2023-08-18 13:15:11,275 - ERROR - Product_management - Unable to Find category field : 'str' object is not callable
2023-08-18 13:15:11,335 - ERROR - Product_management - Unable to Find Tag field : 'str' object is not callable
2023-08-18 13:15:11,398 - ERROR - Product_management - Unable to Find Hardware field : 'str' object is not callable
2023-08-18 13:15:11,468 - ERROR - Product_management - Unable to Find Lining field : 'str' object is not callable
2023-08-18 13:15:11,531 - ERROR - Product_management - Unable to Find Polyfill field : 'str' object is not callable
2023-08-18 13:15:11,594 - ERROR - Product_management - Unable to Find rib field : 'str' object is not callable
2023-08-18 13:16:56,146 - ERROR - Product_management - Unable to Find Name field : 'str' object is not callable
2023-08-18 13:16:56,200 - ERROR - Product_management - Unable to Find category field : 'str' object is not callable
2023-08-18 13:16:56,240 - ERROR - Product_management - Unable to Find Tag field : 'str' object is not callable
2023-08-18 13:16:56,275 - ERROR - Product_management - Unable to Find Hardware field : 'str' object is not callable
2023-08-18 13:16:56,322 - ERROR - Product_management - Unable to Find Lining field : 'str' object is not callable
2023-08-18 13:16:56,383 - ERROR - Product_management - Unable to Find Polyfill field : 'str' object is not callable
2023-08-18 13:16:56,434 - ERROR - Product_management - Unable to Find rib field : 'str' object is not callable
2023-08-18 13:18:40,868 - ERROR - Product_management - Unable to Find Name field : 'str' object is not callable
2023-08-18 13:18:40,928 - ERROR - Product_management - Unable to Find category field : 'str' object is not callable
2023-08-18 13:18:40,993 - ERROR - Product_management - Unable to Find Tag field : 'str' object is not callable
2023-08-18 13:18:41,050 - ERROR - Product_management - Unable to Find Hardware field : 'str' object is not callable
2023-08-18 13:18:41,107 - ERROR - Product_management - Unable to Find Lining field : 'str' object is not callable
2023-08-18 13:18:41,166 - ERROR - Product_management - Unable to Find Polyfill field : 'str' object is not callable
2023-08-18 13:18:41,222 - ERROR - Product_management - Unable to Find rib field : 'str' object is not callable
2023-08-18 13:20:42,235 - ERROR - Product_management - Unable to Find edit button for the Product : Message: 

2023-08-18 13:20:55,273 - ERROR - Product_management - Unable to Find Name field : Message: 
Stacktrace:
Backtrace:
	GetHandleVerifier [0x004BA813+48355]
	(No symbol) [0x0044C4B1]
	(No symbol) [0x00355358]
	(No symbol) [0x003809A5]
	(No symbol) [0x00380B3B]
	(No symbol) [0x003AE232]
	(No symbol) [0x0039A784]
	(No symbol) [0x003AC922]
	(No symbol) [0x0039A536]
	(No symbol) [0x003782DC]
	(No symbol) [0x003793DD]
	GetHandleVerifier [0x0071AABD+2539405]
	GetHandleVerifier [0x0075A78F+2800735]
	GetHandleVerifier [0x0075456C+2775612]
	GetHandleVerifier [0x005451E0+616112]
	(No symbol) [0x00455F8C]
	(No symbol) [0x00452328]
	(No symbol) [0x0045240B]
	(No symbol) [0x00444FF7]
	BaseThreadInitThunk [0x75167D59+25]
	RtlInitializeExceptionChain [0x7702B79B+107]
	RtlClearBits [0x7702B71F+191]

2023-08-18 13:20:59,587 - ERROR - Product_management - Unable to Find category field : 'str' object is not callable
2023-08-18 13:20:59,660 - ERROR - Product_management - Unable to Find Tag field : 'str' object is not callable
2023-08-18 13:20:59,726 - ERROR - Product_management - Unable to Find Hardware field : 'str' object is not callable
2023-08-18 13:20:59,797 - ERROR - Product_management - Unable to Find Lining field : 'str' object is not callable
2023-08-18 13:20:59,854 - ERROR - Product_management - Unable to Find Polyfill field : 'str' object is not callable
2023-08-18 13:20:59,917 - ERROR - Product_management - Unable to Find rib field : 'str' object is not callable
2023-08-18 13:23:03,030 - ERROR - Product_management - Unable to Find Name field : 'str' object is not callable
2023-08-18 13:23:03,092 - ERROR - Product_management - Unable to Find category field : 'str' object is not callable
2023-08-18 13:23:03,147 - ERROR - Product_management - Unable to Find Tag field : 'str' object is not callable
2023-08-18 13:23:03,204 - ERROR - Product_management - Unable to Find Hardware field : 'str' object is not callable
2023-08-18 13:23:03,258 - ERROR - Product_management - Unable to Find Lining field : 'str' object is not callable
2023-08-18 13:23:03,316 - ERROR - Product_management - Unable to Find Polyfill field : 'str' object is not callable
2023-08-18 13:23:03,373 - ERROR - Product_management - Unable to Find rib field : 'str' object is not callable
