2023-08-24 16:48:18,498 - ERROR - Vendor_module - Couldn't find the Element to get the updated values of Vendor : 
 Message: 
Stacktrace:
	GetHandleVerifier [0x00007FF62B3BB292+61986]
	Microsoft::Applications::Events::EventProperty::~EventProperty [0x00007FF62B34C902+737698]
	(No symbol) [0x00007FF62B12B86E]
	(No symbol) [0x00007FF62B173216]
	(No symbol) [0x00007FF62B173327]
	(No symbol) [0x00007FF62B1AFBF7]
	(No symbol) [0x00007FF62B19386F]
	(No symbol) [0x00007FF62B166F61]
	(No symbol) [0x00007FF62B1ACD41]
	(No symbol) [0x00007FF62B193603]
	(No symbol) [0x00007FF62B165DEA]
	(No symbol) [0x00007FF62B1650CB]
	(No symbol) [0x00007FF62B166574]
	Microsoft::Applications::Events::ILogManager::DispatchEventBroadcast [0x00007FF62B588739+1225433]
	(No symbol) [0x00007FF62B1E4804]
	Microsoft::Applications::Events::EventProperty::~EventProperty [0x00007FF62B2A0151+31217]
	Microsoft::Applications::Events::EventProperty::~EventProperty [0x00007FF62B298D29+1481]
	Microsoft::Applications::Events::ILogManager::DispatchEventBroadcast [0x00007FF62B587314+1220276]
	Microsoft::Applications::Events::ILogConfiguration::operator* [0x00007FF62B3558C8+21048]
	Microsoft::Applications::Events::ILogConfiguration::operator* [0x00007FF62B351894+4612]
	Microsoft::Applications::Events::ILogConfiguration::operator* [0x00007FF62B3519C6+4918]
	Microsoft::Applications::Events::EventProperty::~EventProperty [0x00007FF62B345D41+710113]
	BaseThreadInitThunk [0x00007FFA380C257D+29]
	RtlUserThreadStart [0x00007FFA396CAA68+40]

2023-08-25 11:13:14,998 - ERROR - Vendor_module - Couldn't find the Element to Delete the Vendor : 
 Message: element click intercepted: Element <span role="img" aria-label="delete" tabindex="-1" class="anticon anticon-delete action-icon">...</span> is not clickable at point (1380, 253). Other element would receive the click: <td class="ant-table-cell">...</td>
  (Session info: chrome=116.0.5845.111)
Stacktrace:
	GetHandleVerifier [0x010D37C3+48947]
	(No symbol) [0x01068551]
	(No symbol) [0x00F6C92D]
	(No symbol) [0x00F9E276]
	(No symbol) [0x00F9CF4D]
	(No symbol) [0x00F9B74B]
	(No symbol) [0x00F9ABA5]
	(No symbol) [0x00F93420]
	(No symbol) [0x00FB508C]
	(No symbol) [0x00F92EB6]
	(No symbol) [0x00FB53E4]
	(No symbol) [0x00FC75DA]
	(No symbol) [0x00FB4E86]
	(No symbol) [0x00F916C7]
	(No symbol) [0x00F9284D]
	GetHandleVerifier [0x0131FDF9+2458985]
	GetHandleVerifier [0x0136744F+2751423]
	GetHandleVerifier [0x01361361+2726609]
	GetHandleVerifier [0x01150680+560624]
	(No symbol) [0x0107238C]
	(No symbol) [0x0106E268]
	(No symbol) [0x0106E392]
	(No symbol) [0x010610B7]
	BaseThreadInitThunk [0x76767BA9+25]
	RtlInitializeExceptionChain [0x779BB79B+107]
	RtlClearBits [0x779BB71F+191]

2023-08-25 11:13:25,324 - ERROR - Vendor_module - Couldn't find the Element to fetch Validation msg : 
 Message: 
Stacktrace:
	GetHandleVerifier [0x010D37C3+48947]
	(No symbol) [0x01068551]
	(No symbol) [0x00F6C92D]
	(No symbol) [0x00F99E38]
	(No symbol) [0x00F99EFB]
	(No symbol) [0x00FC8EF2]
	(No symbol) [0x00FB50D4]
	(No symbol) [0x00FC75DA]
	(No symbol) [0x00FB4E86]
	(No symbol) [0x00F916C7]
	(No symbol) [0x00F9284D]
	GetHandleVerifier [0x0131FDF9+2458985]
	GetHandleVerifier [0x0136744F+2751423]
	GetHandleVerifier [0x01361361+2726609]
	GetHandleVerifier [0x01150680+560624]
	(No symbol) [0x0107238C]
	(No symbol) [0x0106E268]
	(No symbol) [0x0106E392]
	(No symbol) [0x010610B7]
	BaseThreadInitThunk [0x76767BA9+25]
	RtlInitializeExceptionChain [0x779BB79B+107]
	RtlClearBits [0x779BB71F+191]

2023-08-25 11:33:33,447 - ERROR - Vendor_module - Couldn't find the Element to Delete the Vendor : 
 Message: 
Stacktrace:
	GetHandleVerifier [0x008B37C3+48947]
	(No symbol) [0x00848551]
	(No symbol) [0x0074C92D]
	(No symbol) [0x00779E38]
	(No symbol) [0x00779EFB]
	(No symbol) [0x007A8EF2]
	(No symbol) [0x007950D4]
	(No symbol) [0x007A75DA]
	(No symbol) [0x00794E86]
	(No symbol) [0x007716C7]
	(No symbol) [0x0077284D]
	GetHandleVerifier [0x00AFFDF9+2458985]
	GetHandleVerifier [0x00B4744F+2751423]
	GetHandleVerifier [0x00B41361+2726609]
	GetHandleVerifier [0x00930680+560624]
	(No symbol) [0x0085238C]
	(No symbol) [0x0084E268]
	(No symbol) [0x0084E392]
	(No symbol) [0x008410B7]
	BaseThreadInitThunk [0x76767BA9+25]
	RtlInitializeExceptionChain [0x779BB79B+107]
	RtlClearBits [0x779BB71F+191]

2023-08-25 11:33:43,522 - ERROR - Vendor_module - Couldn't find the Element to fetch Validation msg : 
 Message: 
Stacktrace:
	GetHandleVerifier [0x008B37C3+48947]
	(No symbol) [0x00848551]
	(No symbol) [0x0074C92D]
	(No symbol) [0x00779E38]
	(No symbol) [0x00779EFB]
	(No symbol) [0x007A8EF2]
	(No symbol) [0x007950D4]
	(No symbol) [0x007A75DA]
	(No symbol) [0x00794E86]
	(No symbol) [0x007716C7]
	(No symbol) [0x0077284D]
	GetHandleVerifier [0x00AFFDF9+2458985]
	GetHandleVerifier [0x00B4744F+2751423]
	GetHandleVerifier [0x00B41361+2726609]
	GetHandleVerifier [0x00930680+560624]
	(No symbol) [0x0085238C]
	(No symbol) [0x0084E268]
	(No symbol) [0x0084E392]
	(No symbol) [0x008410B7]
	BaseThreadInitThunk [0x76767BA9+25]
	RtlInitializeExceptionChain [0x779BB79B+107]
	RtlClearBits [0x779BB71F+191]

